#
# A fatal error has been detected by the Java Runtime Environment:
#
#  EXCEPTION_ACCESS_VIOLATION (0xc0000005) at pc=0x00007ffcf67d14b2, pid=9112, tid=13704
#
# JRE version: Java(TM) SE Runtime Environment (19.0+36) (build 19+36-2238)
# Java VM: Java HotSpot(TM) 64-Bit Server VM (19+36-2238, mixed mode, sharing, tiered, compressed oops, compressed class ptrs, g1 gc, windows-amd64)
# Problematic frame:
# C  [glfw.dll+0x114b2]
#
# No core dump will be written. Minidumps are not enabled by default on client versions of Windows
#
# If you would like to submit a bug report, please visit:
#   https://bugreport.java.com/bugreport/crash.jsp
# The crash happened outside the Java Virtual Machine in native code.
# See problematic frame for where to report the bug.
#

---------------  S U M M A R Y ------------

Command Line: -javaagent:D:\IntelliJ IDEA Community Edition 2022.2.2\lib\idea_rt.jar=54549:D:\IntelliJ IDEA Community Edition 2022.2.2\bin -Dfile.encoding=UTF-8 -Dsun.stdout.encoding=UTF-8 -Dsun.stderr.encoding=UTF-8 core.Launcher

Host: Intel(R) Core(TM) i7-5600U CPU @ 2.60GHz, 4 cores, 7G,  Windows 10 , 64 bit Build 19041 (10.0.19041.3636)
Time: Thu Feb 29 23:59:38 2024 South Africa Standard Time elapsed time: 0.925743 seconds (0d 0h 0m 0s)

---------------  T H R E A D  ---------------

Current thread (0x000001f7f6716eb0):  JavaThread "main" [_thread_in_native, id=13704, stack(0x0000007d51b00000,0x0000007d51c00000)]

Stack: [0x0000007d51b00000,0x0000007d51c00000],  sp=0x0000007d51bfee90,  free space=1019k
Native frames: (J=compiled Java code, j=interpreted, Vv=VM code, C=native code)
C  [glfw.dll+0x114b2]

Java frames: (J=compiled Java code, j=interpreted, Vv=VM code)
j  org.lwjgl.system.JNI.invokePPV(JIJJ)V+0
j  org.lwjgl.glfw.GLFW.nglfwSetWindowIcon(JIJ)V+40
j  org.lwjgl.glfw.GLFW.glfwSetWindowIcon(JLorg/lwjgl/glfw/GLFWImage$Buffer;)V+9
j  core.engine.Window.<init>()V+176
j  core.engine.Window.get()Lcore/engine/Window;+10
j  core.Launcher.main([Ljava/lang/String;)V+0
v  ~StubRoutines::call_stub 0x000001f78753100e

siginfo: EXCEPTION_ACCESS_VIOLATION (0xc0000005), reading address 0x000001f7df4f0002


Registers:
RAX=0x000001f7df4f0001, RBX=0xffffffff97010a7b, RCX=0x00000000004630c0, RDX=0x000001f7df8d8fc0
RSP=0x0000007d51bfee90, RBP=0x0000007d51bfef69, RSI=0xffffffff9a050b38, RDI=0x000001f7995af4a0
R8 =0x00000000000f63f0, R9 =0x00000000000008fc, R10=0x0000000000000000, R11=0x0000000000000246
R12=0x0000000000000000, R13=0x000001f7df117040, R14=0xffffffffce050954, R15=0x0000000000000001
RIP=0x00007ffcf67d14b2, EFLAGS=0x0000000000010287


Register to memory mapping:

RIP=0x00007ffcf67d14b2 glfw.dll
RAX=0x000001f7df4f0001 is an unknown value
RBX=0xffffffff97010a7b is an unknown value
RCX=0x00000000004630c0 is an unknown value
RDX=0x000001f7df8d8fc0 points into unknown readable memory: 0x0000000000000000 | 00 00 00 00 00 00 00 00
RSP=0x0000007d51bfee90 is pointing into the stack for thread: 0x000001f7f6716eb0
RBP=0x0000007d51bfef69 is pointing into the stack for thread: 0x000001f7f6716eb0
RSI=0xffffffff9a050b38 is an unknown value
RDI=0x000001f7995af4a0 points into unknown readable memory: 0x000008fc000007d0 | d0 07 00 00 fc 08 00 00
R8 =0x00000000000f63f0 is an unknown value
R9 =0x00000000000008fc is an unknown value
R10=0x0 is NULL
R11=0x0000000000000246 is an unknown value
R12=0x0 is NULL
R13=0x000001f7df117040 points into unknown readable memory: 0xff000000ff000000 | 00 00 00 ff 00 00 00 ff
R14=0xffffffffce050954 is an unknown value
R15=0x0000000000000001 is an unknown value


Top of Stack: (sp=0x0000007d51bfee90)
0x0000007d51bfee90:   ffffffff97010a7b 0000007d51bfef69
0x0000007d51bfeea0:   0000000000000000 000001f7995af4a0
0x0000007d51bfeeb0:   0000000000000000 00007ffd00000000
0x0000007d51bfeec0:   000001f7df8d8fc0 0000000000000000
0x0000007d51bfeed0:   000001f7995af4a0 000001f7f4540000
0x0000007d51bfeee0:   0000007d51bfef80 0000000000000000
0x0000007d51bfeef0:   000007d00000007c 00200001fffff704
0x0000007d51bfef00:   0000000000000003 0000000000000000
0x0000007d51bfef10:   0000000000000000 0000ff0000ff0000
0x0000007d51bfef20:   ff000000000000ff 0000000000000000
0x0000007d51bfef30:   0000000000000000 0000000000000000
0x0000007d51bfef40:   0000000000000000 0000000000000000
0x0000007d51bfef50:   0000000000000000 0000000000000000
0x0000007d51bfef60:   0000000000000000 0000000000000000
0x0000007d51bfef70:   000000e5e92b9075 00007ffd1f4c5a48
0x0000007d51bfef80:   0000000000000031 000001f7f6716eb0 

Instructions: (pc=0x00007ffcf67d14b2)
0x00007ffcf67d13b2:   04 33 c9 0f 11 45 a7 f7 d8 48 89 74 24 30 0f 11
0x00007ffcf67d13c2:   45 b7 89 45 8f 0f 11 45 97 c7 45 87 7c 00 00 00
0x00007ffcf67d13d2:   0f 11 45 c7 c7 45 93 01 00 20 00 0f 11 45 d7 c7
0x00007ffcf67d13e2:   45 97 03 00 00 00 0f 11 45 e7 c7 45 af 00 00 ff
0x00007ffcf67d13f2:   00 c7 45 b3 00 ff 00 00 c7 45 b7 ff 00 00 00 c7
0x00007ffcf67d1402:   45 bb 00 00 00 ff ff 15 2a f1 01 00 89 74 24 28
0x00007ffcf67d1412:   4c 8d 4c 24 30 48 8b c8 48 89 74 24 20 45 33 c0
0x00007ffcf67d1422:   48 8d 55 87 48 8b d8 ff 15 09 ec 01 00 48 8b d3
0x00007ffcf67d1432:   33 c9 4c 8b f0 ff 15 f3 f0 01 00 4d 85 f6 75 18
0x00007ffcf67d1442:   48 8d 15 d7 44 05 00 b9 08 00 01 00 e8 ed a9 ff
0x00007ffcf67d1452:   ff 33 c0 e9 0b 01 00 00 8b 57 04 41 b9 01 00 00
0x00007ffcf67d1462:   00 8b 0f 45 8b c1 48 89 74 24 20 ff 15 ad eb 01
0x00007ffcf67d1472:   00 48 8b f0 48 85 c0 75 21 48 8d 15 c6 44 05 00
0x00007ffcf67d1482:   b9 08 00 01 00 e8 b4 a9 ff ff 49 8b ce ff 15 9b
0x00007ffcf67d1492:   eb 01 00 33 c0 e9 c9 00 00 00 8b 07 45 33 c0 0f
0x00007ffcf67d14a2:   af 47 04 85 c0 7e 53 48 8b 54 24 30 49 8d 45 01
0x00007ffcf67d14b2:   0f b6 48 01 48 8d 40 04 88 0a 41 ff c0 0f b6 50
0x00007ffcf67d14c2:   fc 48 8b 4c 24 30 88 51 01 0f b6 50 fb 48 8b 4c
0x00007ffcf67d14d2:   24 30 88 51 02 0f b6 50 fe 48 8b 4c 24 30 88 51
0x00007ffcf67d14e2:   03 48 8b 54 24 30 8b 0f 48 83 c2 04 0f af 4f 04
0x00007ffcf67d14f2:   48 89 54 24 30 44 3b c1 7c b6 8b 44 24 38 48 8d
0x00007ffcf67d1502:   4c 24 40 89 44 24 48 c7 44 24 4c 00 00 00 00 44
0x00007ffcf67d1512:   89 7c 24 40 44 89 64 24 44 48 89 74 24 50 4c 89
0x00007ffcf67d1522:   74 24 58 ff 15 15 ee 01 00 49 8b ce 48 8b d8 ff
0x00007ffcf67d1532:   15 f9 ea 01 00 48 8b ce ff 15 f0 ea 01 00 48 85
0x00007ffcf67d1542:   db 75 1d 48 8d 15 24 44 05 00 b9 08 00 01 00 45
0x00007ffcf67d1552:   85 ff 75 07 48 8d 15 33 44 05 00 e8 de a8 ff ff
0x00007ffcf67d1562:   48 8b c3 48 8b 4d 07 48 33 cc e8 bf 36 00 00 48
0x00007ffcf67d1572:   81 c4 f8 00 00 00 41 5f 41 5e 41 5d 41 5c 5f 5e
0x00007ffcf67d1582:   5b 5d c3 cc cc cc cc cc cc cc cc cc cc cc 48 89
0x00007ffcf67d1592:   5c 24 18 55 56 57 41 54 41 55 41 56 41 57 48 8d
0x00007ffcf67d15a2:   6c 24 f0 48 81 ec 10 01 00 00 48 8b 05 75 56 06 


Stack slot to memory mapping:
stack at sp + 0 slots: 0xffffffff97010a7b is an unknown value
stack at sp + 1 slots: 0x0000007d51bfef69 is pointing into the stack for thread: 0x000001f7f6716eb0
stack at sp + 2 slots: 0x0 is NULL
stack at sp + 3 slots: 0x000001f7995af4a0 points into unknown readable memory: 0x000008fc000007d0 | d0 07 00 00 fc 08 00 00
stack at sp + 4 slots: 0x0 is NULL
stack at sp + 5 slots: 0x00007ffd00000000 is an unknown value
stack at sp + 6 slots: 0x000001f7df8d8fc0 points into unknown readable memory: 0x0000000000000000 | 00 00 00 00 00 00 00 00
stack at sp + 7 slots: 0x0 is NULL


---------------  P R O C E S S  ---------------

Threads class SMR info:
_java_thread_list=0x000001f7991d78e0, length=13, elements={
0x000001f7f6716eb0, 0x000001f7ff6fe710, 0x000001f7ff6ff500, 0x000001f7ff7002f0,
0x000001f7ff701e30, 0x000001f7ff704770, 0x000001f7ff7050a0, 0x000001f7ff705d00,
0x000001f7ff709fc0, 0x000001f799025580, 0x000001f7ff6cc870, 0x000001f7992a6fd0,
0x000001f7992a7510
}

Java Threads: ( => current thread )
=>0x000001f7f6716eb0 JavaThread "main" [_thread_in_native, id=13704, stack(0x0000007d51b00000,0x0000007d51c00000)]
  0x000001f7ff6fe710 JavaThread "Reference Handler" daemon [_thread_blocked, id=2860, stack(0x0000007d52200000,0x0000007d52300000)]
  0x000001f7ff6ff500 JavaThread "Finalizer" daemon [_thread_blocked, id=11112, stack(0x0000007d52300000,0x0000007d52400000)]
  0x000001f7ff7002f0 JavaThread "Signal Dispatcher" daemon [_thread_blocked, id=7388, stack(0x0000007d52400000,0x0000007d52500000)]
  0x000001f7ff701e30 JavaThread "Attach Listener" daemon [_thread_blocked, id=7852, stack(0x0000007d52500000,0x0000007d52600000)]
  0x000001f7ff704770 JavaThread "Service Thread" daemon [_thread_blocked, id=2164, stack(0x0000007d52600000,0x0000007d52700000)]
  0x000001f7ff7050a0 JavaThread "Monitor Deflation Thread" daemon [_thread_blocked, id=11764, stack(0x0000007d52700000,0x0000007d52800000)]
  0x000001f7ff705d00 JavaThread "C2 CompilerThread0" daemon [_thread_blocked, id=14148, stack(0x0000007d52800000,0x0000007d52900000)]
  0x000001f7ff709fc0 JavaThread "C1 CompilerThread0" daemon [_thread_blocked, id=4664, stack(0x0000007d52900000,0x0000007d52a00000)]
  0x000001f799025580 JavaThread "Sweeper thread" daemon [_thread_blocked, id=1768, stack(0x0000007d52a00000,0x0000007d52b00000)]
  0x000001f7ff6cc870 JavaThread "Common-Cleaner" daemon [_thread_blocked, id=7252, stack(0x0000007d52b00000,0x0000007d52c00000)]
  0x000001f7992a6fd0 JavaThread "Monitor Ctrl-Break" daemon [_thread_in_native, id=14576, stack(0x0000007d52c00000,0x0000007d52d00000)]
  0x000001f7992a7510 JavaThread "Notification Thread" daemon [_thread_blocked, id=9240, stack(0x0000007d52d00000,0x0000007d52e00000)]

Other Threads:
  0x000001f7ff6dde30 VMThread "VM Thread" [stack: 0x0000007d52100000,0x0000007d52200000] [id=11172]
  0x000001f7992a3a50 WatcherThread "VM Periodic Task Thread" [stack: 0x0000007d52e00000,0x0000007d52f00000] [id=14512]
  0x000001f7f67754b0 WorkerThread "GC Thread#0" [stack: 0x0000007d51c00000,0x0000007d51d00000] [id=10344]
  0x000001f7f6786f30 ConcurrentGCThread "G1 Main Marker" [stack: 0x0000007d51d00000,0x0000007d51e00000] [id=6084]
  0x000001f7f6787a10 WorkerThread "G1 Conc#0" [stack: 0x0000007d51e00000,0x0000007d51f00000] [id=14128]
  0x000001f7f67de2e0 ConcurrentGCThread "G1 Refine#0" [stack: 0x0000007d51f00000,0x0000007d52000000] [id=11672]
  0x000001f7ff59c100 ConcurrentGCThread "G1 Service" [stack: 0x0000007d52000000,0x0000007d52100000] [id=2424]

Threads with active compile tasks:

VM state: not at safepoint (normal execution)

VM Mutex/Monitor currently owned by a thread: None

Heap address: 0x0000000082000000, size: 2016 MB, Compressed Oops mode: 32-bit

CDS archive(s) mapped at: [0x0000000800000000-0x0000000800c40000-0x0000000800c40000), size 12845056, SharedBaseAddress: 0x0000000800000000, ArchiveRelocationMode: 0.
Compressed class space mapped at: 0x0000000801000000-0x0000000841000000, reserved size: 1073741824
Narrow klass base: 0x0000000800000000, Narrow klass shift: 0, Narrow klass range: 0x100000000

GC Precious Log:
 CardTable entry size: 512
 Card Set container configuration: InlinePtr #cards 5 size 8 Array Of Cards #cards 12 size 40 Howl #buckets 4 coarsen threshold 1843 Howl Bitmap #cards 512 size 80 coarsen threshold 460 Card regions per heap region 1 cards per card region 2048
 CPUs: 4 total, 4 available
 Memory: 8062M
 Large Page Support: Disabled
 NUMA Support: Disabled
 Compressed Oops: Enabled (32-bit)
 Heap Region Size: 1M
 Heap Min Capacity: 8M
 Heap Initial Capacity: 126M
 Heap Max Capacity: 2016M
 Pre-touch: Disabled
 Parallel Workers: 4
 Concurrent Workers: 1
 Concurrent Refinement Workers: 4
 Periodic GC: Disabled

Heap:
 garbage-first heap   total 129024K, used 6144K [0x0000000082000000, 0x0000000100000000)
  region size 1024K, 7 young (7168K), 0 survivors (0K)
 Metaspace       used 3344K, committed 3456K, reserved 1114112K
  class space    used 259K, committed 320K, reserved 1048576K

Heap Regions: E=young(eden), S=young(survivor), O=old, HS=humongous(starts), HC=humongous(continues), CS=collection set, F=free, OA=open archive, CA=closed archive, TAMS=top-at-mark-start (previous, next)
|   0|0x0000000082000000, 0x0000000082000000, 0x0000000082100000|  0%| F|  |TAMS 0x0000000082000000, 0x0000000082000000| Untracked 
|   1|0x0000000082100000, 0x0000000082100000, 0x0000000082200000|  0%| F|  |TAMS 0x0000000082100000, 0x0000000082100000| Untracked 
|   2|0x0000000082200000, 0x0000000082200000, 0x0000000082300000|  0%| F|  |TAMS 0x0000000082200000, 0x0000000082200000| Untracked 
|   3|0x0000000082300000, 0x0000000082300000, 0x0000000082400000|  0%| F|  |TAMS 0x0000000082300000, 0x0000000082300000| Untracked 
|   4|0x0000000082400000, 0x0000000082400000, 0x0000000082500000|  0%| F|  |TAMS 0x0000000082400000, 0x0000000082400000| Untracked 
|   5|0x0000000082500000, 0x0000000082500000, 0x0000000082600000|  0%| F|  |TAMS 0x0000000082500000, 0x0000000082500000| Untracked 
|   6|0x0000000082600000, 0x0000000082600000, 0x0000000082700000|  0%| F|  |TAMS 0x0000000082600000, 0x0000000082600000| Untracked 
|   7|0x0000000082700000, 0x0000000082700000, 0x0000000082800000|  0%| F|  |TAMS 0x0000000082700000, 0x0000000082700000| Untracked 
|   8|0x0000000082800000, 0x0000000082800000, 0x0000000082900000|  0%| F|  |TAMS 0x0000000082800000, 0x0000000082800000| Untracked 
|   9|0x0000000082900000, 0x0000000082900000, 0x0000000082a00000|  0%| F|  |TAMS 0x0000000082900000, 0x0000000082900000| Untracked 
|  10|0x0000000082a00000, 0x0000000082a00000, 0x0000000082b00000|  0%| F|  |TAMS 0x0000000082a00000, 0x0000000082a00000| Untracked 
|  11|0x0000000082b00000, 0x0000000082b00000, 0x0000000082c00000|  0%| F|  |TAMS 0x0000000082b00000, 0x0000000082b00000| Untracked 
|  12|0x0000000082c00000, 0x0000000082c00000, 0x0000000082d00000|  0%| F|  |TAMS 0x0000000082c00000, 0x0000000082c00000| Untracked 
|  13|0x0000000082d00000, 0x0000000082d00000, 0x0000000082e00000|  0%| F|  |TAMS 0x0000000082d00000, 0x0000000082d00000| Untracked 
|  14|0x0000000082e00000, 0x0000000082e00000, 0x0000000082f00000|  0%| F|  |TAMS 0x0000000082e00000, 0x0000000082e00000| Untracked 
|  15|0x0000000082f00000, 0x0000000082f00000, 0x0000000083000000|  0%| F|  |TAMS 0x0000000082f00000, 0x0000000082f00000| Untracked 
|  16|0x0000000083000000, 0x0000000083000000, 0x0000000083100000|  0%| F|  |TAMS 0x0000000083000000, 0x0000000083000000| Untracked 
|  17|0x0000000083100000, 0x0000000083100000, 0x0000000083200000|  0%| F|  |TAMS 0x0000000083100000, 0x0000000083100000| Untracked 
|  18|0x0000000083200000, 0x0000000083200000, 0x0000000083300000|  0%| F|  |TAMS 0x0000000083200000, 0x0000000083200000| Untracked 
|  19|0x0000000083300000, 0x0000000083300000, 0x0000000083400000|  0%| F|  |TAMS 0x0000000083300000, 0x0000000083300000| Untracked 
|  20|0x0000000083400000, 0x0000000083400000, 0x0000000083500000|  0%| F|  |TAMS 0x0000000083400000, 0x0000000083400000| Untracked 
|  21|0x0000000083500000, 0x0000000083500000, 0x0000000083600000|  0%| F|  |TAMS 0x0000000083500000, 0x0000000083500000| Untracked 
|  22|0x0000000083600000, 0x0000000083600000, 0x0000000083700000|  0%| F|  |TAMS 0x0000000083600000, 0x0000000083600000| Untracked 
|  23|0x0000000083700000, 0x0000000083700000, 0x0000000083800000|  0%| F|  |TAMS 0x0000000083700000, 0x0000000083700000| Untracked 
|  24|0x0000000083800000, 0x0000000083800000, 0x0000000083900000|  0%| F|  |TAMS 0x0000000083800000, 0x0000000083800000| Untracked 
|  25|0x0000000083900000, 0x0000000083900000, 0x0000000083a00000|  0%| F|  |TAMS 0x0000000083900000, 0x0000000083900000| Untracked 
|  26|0x0000000083a00000, 0x0000000083a00000, 0x0000000083b00000|  0%| F|  |TAMS 0x0000000083a00000, 0x0000000083a00000| Untracked 
|  27|0x0000000083b00000, 0x0000000083b00000, 0x0000000083c00000|  0%| F|  |TAMS 0x0000000083b00000, 0x0000000083b00000| Untracked 
|  28|0x0000000083c00000, 0x0000000083c00000, 0x0000000083d00000|  0%| F|  |TAMS 0x0000000083c00000, 0x0000000083c00000| Untracked 
|  29|0x0000000083d00000, 0x0000000083d00000, 0x0000000083e00000|  0%| F|  |TAMS 0x0000000083d00000, 0x0000000083d00000| Untracked 
|  30|0x0000000083e00000, 0x0000000083e00000, 0x0000000083f00000|  0%| F|  |TAMS 0x0000000083e00000, 0x0000000083e00000| Untracked 
|  31|0x0000000083f00000, 0x0000000083f00000, 0x0000000084000000|  0%| F|  |TAMS 0x0000000083f00000, 0x0000000083f00000| Untracked 
|  32|0x0000000084000000, 0x0000000084000000, 0x0000000084100000|  0%| F|  |TAMS 0x0000000084000000, 0x0000000084000000| Untracked 
|  33|0x0000000084100000, 0x0000000084100000, 0x0000000084200000|  0%| F|  |TAMS 0x0000000084100000, 0x0000000084100000| Untracked 
|  34|0x0000000084200000, 0x0000000084200000, 0x0000000084300000|  0%| F|  |TAMS 0x0000000084200000, 0x0000000084200000| Untracked 
|  35|0x0000000084300000, 0x0000000084300000, 0x0000000084400000|  0%| F|  |TAMS 0x0000000084300000, 0x0000000084300000| Untracked 
|  36|0x0000000084400000, 0x0000000084400000, 0x0000000084500000|  0%| F|  |TAMS 0x0000000084400000, 0x0000000084400000| Untracked 
|  37|0x0000000084500000, 0x0000000084500000, 0x0000000084600000|  0%| F|  |TAMS 0x0000000084500000, 0x0000000084500000| Untracked 
|  38|0x0000000084600000, 0x0000000084600000, 0x0000000084700000|  0%| F|  |TAMS 0x0000000084600000, 0x0000000084600000| Untracked 
|  39|0x0000000084700000, 0x0000000084700000, 0x0000000084800000|  0%| F|  |TAMS 0x0000000084700000, 0x0000000084700000| Untracked 
|  40|0x0000000084800000, 0x0000000084800000, 0x0000000084900000|  0%| F|  |TAMS 0x0000000084800000, 0x0000000084800000| Untracked 
|  41|0x0000000084900000, 0x0000000084900000, 0x0000000084a00000|  0%| F|  |TAMS 0x0000000084900000, 0x0000000084900000| Untracked 
|  42|0x0000000084a00000, 0x0000000084a00000, 0x0000000084b00000|  0%| F|  |TAMS 0x0000000084a00000, 0x0000000084a00000| Untracked 
|  43|0x0000000084b00000, 0x0000000084b00000, 0x0000000084c00000|  0%| F|  |TAMS 0x0000000084b00000, 0x0000000084b00000| Untracked 
|  44|0x0000000084c00000, 0x0000000084c00000, 0x0000000084d00000|  0%| F|  |TAMS 0x0000000084c00000, 0x0000000084c00000| Untracked 
|  45|0x0000000084d00000, 0x0000000084d00000, 0x0000000084e00000|  0%| F|  |TAMS 0x0000000084d00000, 0x0000000084d00000| Untracked 
|  46|0x0000000084e00000, 0x0000000084e00000, 0x0000000084f00000|  0%| F|  |TAMS 0x0000000084e00000, 0x0000000084e00000| Untracked 
|  47|0x0000000084f00000, 0x0000000084f00000, 0x0000000085000000|  0%| F|  |TAMS 0x0000000084f00000, 0x0000000084f00000| Untracked 
|  48|0x0000000085000000, 0x0000000085000000, 0x0000000085100000|  0%| F|  |TAMS 0x0000000085000000, 0x0000000085000000| Untracked 
|  49|0x0000000085100000, 0x0000000085100000, 0x0000000085200000|  0%| F|  |TAMS 0x0000000085100000, 0x0000000085100000| Untracked 
|  50|0x0000000085200000, 0x0000000085200000, 0x0000000085300000|  0%| F|  |TAMS 0x0000000085200000, 0x0000000085200000| Untracked 
|  51|0x0000000085300000, 0x0000000085300000, 0x0000000085400000|  0%| F|  |TAMS 0x0000000085300000, 0x0000000085300000| Untracked 
|  52|0x0000000085400000, 0x0000000085400000, 0x0000000085500000|  0%| F|  |TAMS 0x0000000085400000, 0x0000000085400000| Untracked 
|  53|0x0000000085500000, 0x0000000085500000, 0x0000000085600000|  0%| F|  |TAMS 0x0000000085500000, 0x0000000085500000| Untracked 
|  54|0x0000000085600000, 0x0000000085600000, 0x0000000085700000|  0%| F|  |TAMS 0x0000000085600000, 0x0000000085600000| Untracked 
|  55|0x0000000085700000, 0x0000000085700000, 0x0000000085800000|  0%| F|  |TAMS 0x0000000085700000, 0x0000000085700000| Untracked 
|  56|0x0000000085800000, 0x0000000085800000, 0x0000000085900000|  0%| F|  |TAMS 0x0000000085800000, 0x0000000085800000| Untracked 
|  57|0x0000000085900000, 0x0000000085900000, 0x0000000085a00000|  0%| F|  |TAMS 0x0000000085900000, 0x0000000085900000| Untracked 
|  58|0x0000000085a00000, 0x0000000085a00000, 0x0000000085b00000|  0%| F|  |TAMS 0x0000000085a00000, 0x0000000085a00000| Untracked 
|  59|0x0000000085b00000, 0x0000000085b00000, 0x0000000085c00000|  0%| F|  |TAMS 0x0000000085b00000, 0x0000000085b00000| Untracked 
|  60|0x0000000085c00000, 0x0000000085c00000, 0x0000000085d00000|  0%| F|  |TAMS 0x0000000085c00000, 0x0000000085c00000| Untracked 
|  61|0x0000000085d00000, 0x0000000085d00000, 0x0000000085e00000|  0%| F|  |TAMS 0x0000000085d00000, 0x0000000085d00000| Untracked 
|  62|0x0000000085e00000, 0x0000000085e00000, 0x0000000085f00000|  0%| F|  |TAMS 0x0000000085e00000, 0x0000000085e00000| Untracked 
|  63|0x0000000085f00000, 0x0000000085f00000, 0x0000000086000000|  0%| F|  |TAMS 0x0000000085f00000, 0x0000000085f00000| Untracked 
|  64|0x0000000086000000, 0x0000000086000000, 0x0000000086100000|  0%| F|  |TAMS 0x0000000086000000, 0x0000000086000000| Untracked 
|  65|0x0000000086100000, 0x0000000086100000, 0x0000000086200000|  0%| F|  |TAMS 0x0000000086100000, 0x0000000086100000| Untracked 
|  66|0x0000000086200000, 0x0000000086200000, 0x0000000086300000|  0%| F|  |TAMS 0x0000000086200000, 0x0000000086200000| Untracked 
|  67|0x0000000086300000, 0x0000000086300000, 0x0000000086400000|  0%| F|  |TAMS 0x0000000086300000, 0x0000000086300000| Untracked 
|  68|0x0000000086400000, 0x0000000086400000, 0x0000000086500000|  0%| F|  |TAMS 0x0000000086400000, 0x0000000086400000| Untracked 
|  69|0x0000000086500000, 0x0000000086500000, 0x0000000086600000|  0%| F|  |TAMS 0x0000000086500000, 0x0000000086500000| Untracked 
|  70|0x0000000086600000, 0x0000000086600000, 0x0000000086700000|  0%| F|  |TAMS 0x0000000086600000, 0x0000000086600000| Untracked 
|  71|0x0000000086700000, 0x0000000086700000, 0x0000000086800000|  0%| F|  |TAMS 0x0000000086700000, 0x0000000086700000| Untracked 
|  72|0x0000000086800000, 0x0000000086800000, 0x0000000086900000|  0%| F|  |TAMS 0x0000000086800000, 0x0000000086800000| Untracked 
|  73|0x0000000086900000, 0x0000000086900000, 0x0000000086a00000|  0%| F|  |TAMS 0x0000000086900000, 0x0000000086900000| Untracked 
|  74|0x0000000086a00000, 0x0000000086a00000, 0x0000000086b00000|  0%| F|  |TAMS 0x0000000086a00000, 0x0000000086a00000| Untracked 
|  75|0x0000000086b00000, 0x0000000086b00000, 0x0000000086c00000|  0%| F|  |TAMS 0x0000000086b00000, 0x0000000086b00000| Untracked 
|  76|0x0000000086c00000, 0x0000000086c00000, 0x0000000086d00000|  0%| F|  |TAMS 0x0000000086c00000, 0x0000000086c00000| Untracked 
|  77|0x0000000086d00000, 0x0000000086d00000, 0x0000000086e00000|  0%| F|  |TAMS 0x0000000086d00000, 0x0000000086d00000| Untracked 
|  78|0x0000000086e00000, 0x0000000086e00000, 0x0000000086f00000|  0%| F|  |TAMS 0x0000000086e00000, 0x0000000086e00000| Untracked 
|  79|0x0000000086f00000, 0x0000000086f00000, 0x0000000087000000|  0%| F|  |TAMS 0x0000000086f00000, 0x0000000086f00000| Untracked 
|  80|0x0000000087000000, 0x0000000087000000, 0x0000000087100000|  0%| F|  |TAMS 0x0000000087000000, 0x0000000087000000| Untracked 
|  81|0x0000000087100000, 0x0000000087100000, 0x0000000087200000|  0%| F|  |TAMS 0x0000000087100000, 0x0000000087100000| Untracked 
|  82|0x0000000087200000, 0x0000000087200000, 0x0000000087300000|  0%| F|  |TAMS 0x0000000087200000, 0x0000000087200000| Untracked 
|  83|0x0000000087300000, 0x0000000087300000, 0x0000000087400000|  0%| F|  |TAMS 0x0000000087300000, 0x0000000087300000| Untracked 
|  84|0x0000000087400000, 0x0000000087400000, 0x0000000087500000|  0%| F|  |TAMS 0x0000000087400000, 0x0000000087400000| Untracked 
|  85|0x0000000087500000, 0x0000000087500000, 0x0000000087600000|  0%| F|  |TAMS 0x0000000087500000, 0x0000000087500000| Untracked 
|  86|0x0000000087600000, 0x0000000087600000, 0x0000000087700000|  0%| F|  |TAMS 0x0000000087600000, 0x0000000087600000| Untracked 
|  87|0x0000000087700000, 0x0000000087700000, 0x0000000087800000|  0%| F|  |TAMS 0x0000000087700000, 0x0000000087700000| Untracked 
|  88|0x0000000087800000, 0x0000000087800000, 0x0000000087900000|  0%| F|  |TAMS 0x0000000087800000, 0x0000000087800000| Untracked 
|  89|0x0000000087900000, 0x0000000087900000, 0x0000000087a00000|  0%| F|  |TAMS 0x0000000087900000, 0x0000000087900000| Untracked 
|  90|0x0000000087a00000, 0x0000000087a00000, 0x0000000087b00000|  0%| F|  |TAMS 0x0000000087a00000, 0x0000000087a00000| Untracked 
|  91|0x0000000087b00000, 0x0000000087b00000, 0x0000000087c00000|  0%| F|  |TAMS 0x0000000087b00000, 0x0000000087b00000| Untracked 
|  92|0x0000000087c00000, 0x0000000087c00000, 0x0000000087d00000|  0%| F|  |TAMS 0x0000000087c00000, 0x0000000087c00000| Untracked 
|  93|0x0000000087d00000, 0x0000000087d00000, 0x0000000087e00000|  0%| F|  |TAMS 0x0000000087d00000, 0x0000000087d00000| Untracked 
|  94|0x0000000087e00000, 0x0000000087e00000, 0x0000000087f00000|  0%| F|  |TAMS 0x0000000087e00000, 0x0000000087e00000| Untracked 
|  95|0x0000000087f00000, 0x0000000087f00000, 0x0000000088000000|  0%| F|  |TAMS 0x0000000087f00000, 0x0000000087f00000| Untracked 
|  96|0x0000000088000000, 0x0000000088000000, 0x0000000088100000|  0%| F|  |TAMS 0x0000000088000000, 0x0000000088000000| Untracked 
|  97|0x0000000088100000, 0x0000000088100000, 0x0000000088200000|  0%| F|  |TAMS 0x0000000088100000, 0x0000000088100000| Untracked 
|  98|0x0000000088200000, 0x0000000088200000, 0x0000000088300000|  0%| F|  |TAMS 0x0000000088200000, 0x0000000088200000| Untracked 
|  99|0x0000000088300000, 0x0000000088300000, 0x0000000088400000|  0%| F|  |TAMS 0x0000000088300000, 0x0000000088300000| Untracked 
| 100|0x0000000088400000, 0x0000000088400000, 0x0000000088500000|  0%| F|  |TAMS 0x0000000088400000, 0x0000000088400000| Untracked 
| 101|0x0000000088500000, 0x0000000088500000, 0x0000000088600000|  0%| F|  |TAMS 0x0000000088500000, 0x0000000088500000| Untracked 
| 102|0x0000000088600000, 0x0000000088600000, 0x0000000088700000|  0%| F|  |TAMS 0x0000000088600000, 0x0000000088600000| Untracked 
| 103|0x0000000088700000, 0x0000000088700000, 0x0000000088800000|  0%| F|  |TAMS 0x0000000088700000, 0x0000000088700000| Untracked 
| 104|0x0000000088800000, 0x0000000088800000, 0x0000000088900000|  0%| F|  |TAMS 0x0000000088800000, 0x0000000088800000| Untracked 
| 105|0x0000000088900000, 0x0000000088900000, 0x0000000088a00000|  0%| F|  |TAMS 0x0000000088900000, 0x0000000088900000| Untracked 
| 106|0x0000000088a00000, 0x0000000088a00000, 0x0000000088b00000|  0%| F|  |TAMS 0x0000000088a00000, 0x0000000088a00000| Untracked 
| 107|0x0000000088b00000, 0x0000000088b00000, 0x0000000088c00000|  0%| F|  |TAMS 0x0000000088b00000, 0x0000000088b00000| Untracked 
| 108|0x0000000088c00000, 0x0000000088c00000, 0x0000000088d00000|  0%| F|  |TAMS 0x0000000088c00000, 0x0000000088c00000| Untracked 
| 109|0x0000000088d00000, 0x0000000088d00000, 0x0000000088e00000|  0%| F|  |TAMS 0x0000000088d00000, 0x0000000088d00000| Untracked 
| 110|0x0000000088e00000, 0x0000000088e00000, 0x0000000088f00000|  0%| F|  |TAMS 0x0000000088e00000, 0x0000000088e00000| Untracked 
| 111|0x0000000088f00000, 0x0000000088f00000, 0x0000000089000000|  0%| F|  |TAMS 0x0000000088f00000, 0x0000000088f00000| Untracked 
| 112|0x0000000089000000, 0x0000000089000000, 0x0000000089100000|  0%| F|  |TAMS 0x0000000089000000, 0x0000000089000000| Untracked 
| 113|0x0000000089100000, 0x0000000089100000, 0x0000000089200000|  0%| F|  |TAMS 0x0000000089100000, 0x0000000089100000| Untracked 
| 114|0x0000000089200000, 0x0000000089200000, 0x0000000089300000|  0%| F|  |TAMS 0x0000000089200000, 0x0000000089200000| Untracked 
| 115|0x0000000089300000, 0x0000000089300000, 0x0000000089400000|  0%| F|  |TAMS 0x0000000089300000, 0x0000000089300000| Untracked 
| 116|0x0000000089400000, 0x0000000089400000, 0x0000000089500000|  0%| F|  |TAMS 0x0000000089400000, 0x0000000089400000| Untracked 
| 117|0x0000000089500000, 0x0000000089500000, 0x0000000089600000|  0%| F|  |TAMS 0x0000000089500000, 0x0000000089500000| Untracked 
| 118|0x0000000089600000, 0x0000000089600000, 0x0000000089700000|  0%| F|  |TAMS 0x0000000089600000, 0x0000000089600000| Untracked 
| 119|0x0000000089700000, 0x00000000897c94f8, 0x0000000089800000| 78%| E|  |TAMS 0x0000000089700000, 0x0000000089700000| Complete 
| 120|0x0000000089800000, 0x0000000089900000, 0x0000000089900000|100%| E|CS|TAMS 0x0000000089800000, 0x0000000089800000| Complete 
| 121|0x0000000089900000, 0x0000000089a00000, 0x0000000089a00000|100%| E|CS|TAMS 0x0000000089900000, 0x0000000089900000| Complete 
| 122|0x0000000089a00000, 0x0000000089b00000, 0x0000000089b00000|100%| E|CS|TAMS 0x0000000089a00000, 0x0000000089a00000| Complete 
| 123|0x0000000089b00000, 0x0000000089c00000, 0x0000000089c00000|100%| E|CS|TAMS 0x0000000089b00000, 0x0000000089b00000| Complete 
| 124|0x0000000089c00000, 0x0000000089d00000, 0x0000000089d00000|100%| E|CS|TAMS 0x0000000089c00000, 0x0000000089c00000| Complete 
| 125|0x0000000089d00000, 0x0000000089e00000, 0x0000000089e00000|100%| E|CS|TAMS 0x0000000089d00000, 0x0000000089d00000| Complete 

Card table byte_map: [0x000001f7fea60000,0x000001f7fee50000] _byte_map_base: 0x000001f7fe650000

Marking Bits (Prev, Next): (CMBitMap*) 0x000001f7f6776a00, (CMBitMap*) 0x000001f7f6776a40
 Prev Bits: [0x000001f78f000000, 0x000001f790f80000)
 Next Bits: [0x000001f790f80000, 0x000001f792f00000)

Polling page: 0x000001f7f4670000

Metaspace:

Usage:
  Non-class:      3.01 MB used.
      Class:    259.73 KB used.
       Both:      3.27 MB used.

Virtual space:
  Non-class space:       64.00 MB reserved,       3.06 MB (  5%) committed,  1 nodes.
      Class space:        1.00 GB reserved,     320.00 KB ( <1%) committed,  1 nodes.
             Both:        1.06 GB reserved,       3.38 MB ( <1%) committed. 

Chunk freelists:
   Non-Class:  2.88 MB
       Class:  3.63 MB
        Both:  6.51 MB

MaxMetaspaceSize: unlimited
CompressedClassSpaceSize: 1.00 GB
Initial GC threshold: 21.00 MB
Current GC threshold: 21.00 MB
CDS: on
MetaspaceReclaimPolicy: balanced
 - commit_granule_bytes: 65536.
 - commit_granule_words: 8192.
 - virtual_space_node_default_size: 8388608.
 - enlarge_chunks_in_place: 1.
 - new_chunks_are_fully_committed: 0.
 - uncommit_free_chunks: 1.
 - use_allocation_guard: 0.


Internal statistics:

num_allocs_failed_limit: 0.
num_arena_births: 96.
num_arena_deaths: 0.
num_vsnodes_births: 2.
num_vsnodes_deaths: 0.
num_space_committed: 54.
num_space_uncommitted: 0.
num_chunks_returned_to_freelist: 0.
num_chunks_taken_from_freelist: 171.
num_chunk_merges: 0.
num_chunk_splits: 104.
num_chunks_enlarged: 65.
num_inconsistent_stats: 0.

CodeHeap 'non-profiled nmethods': size=120000Kb used=207Kb max_used=207Kb free=119792Kb
 bounds [0x000001f787ad0000, 0x000001f787d40000, 0x000001f78f000000]
CodeHeap 'profiled nmethods': size=120000Kb used=1028Kb max_used=1028Kb free=118971Kb
 bounds [0x000001f780000000, 0x000001f780270000, 0x000001f787530000]
CodeHeap 'non-nmethods': size=5760Kb used=1674Kb max_used=1689Kb free=4085Kb
 bounds [0x000001f787530000, 0x000001f7877a0000, 0x000001f787ad0000]
 total_blobs=1712 nmethods=690 adapters=933
 compilation: enabled
              stopped_count=0, restarted_count=0
 full_count=0

Compilation events (20 events):
Event: 0.879 Thread 0x000001f7ff709fc0  677       3       java.util.regex.CharPredicates::lambda$ASCII_WORD$19 (20 bytes)
Event: 0.880 Thread 0x000001f7ff709fc0 nmethod 677 0x000001f7800fd890 code [0x000001f7800fda60, 0x000001f7800fddd8]
Event: 0.880 Thread 0x000001f7ff709fc0  678       3       java.util.regex.ASCII::isWord (7 bytes)
Event: 0.880 Thread 0x000001f7ff709fc0 nmethod 678 0x000001f7800fdf10 code [0x000001f7800fe0c0, 0x000001f7800fe358]
Event: 0.880 Thread 0x000001f7ff709fc0  679       3       java.util.regex.Pattern$Node::match (27 bytes)
Event: 0.880 Thread 0x000001f7ff709fc0 nmethod 679 0x000001f7800fe490 code [0x000001f7800fe640, 0x000001f7800fe7b8]
Event: 0.880 Thread 0x000001f7ff709fc0  682       3       java.io.InputStream::read (9 bytes)
Event: 0.881 Thread 0x000001f7ff709fc0 nmethod 682 0x000001f7800fe910 code [0x000001f7800feac0, 0x000001f7800feca8]
Event: 0.881 Thread 0x000001f7ff709fc0  683  s    3       sun.nio.ch.ChannelInputStream::read (77 bytes)
Event: 0.881 Thread 0x000001f7ff709fc0 nmethod 683 0x000001f7800fed90 code [0x000001f7800fefc0, 0x000001f7800ff828]
Event: 0.881 Thread 0x000001f7ff709fc0  684       3       sun.nio.ch.IOUtil::read (14 bytes)
Event: 0.881 Thread 0x000001f7ff709fc0 nmethod 684 0x000001f7800ffb10 code [0x000001f7800ffcc0, 0x000001f7800ffde8]
Event: 0.881 Thread 0x000001f7ff709fc0  686       3       jdk.internal.misc.Unsafe::checkNativeAddress (28 bytes)
Event: 0.882 Thread 0x000001f7ff709fc0 nmethod 686 0x000001f7800ffe90 code [0x000001f780100020, 0x000001f780100138]
Event: 0.882 Thread 0x000001f7ff709fc0  685       3       java.nio.HeapByteBuffer::put (12 bytes)
Event: 0.882 Thread 0x000001f7ff709fc0 nmethod 685 0x000001f780100210 code [0x000001f780100400, 0x000001f780100828]
Event: 0.884 Thread 0x000001f7ff709fc0  688   !   3       sun.nio.ch.NativeThreadSet::remove (90 bytes)
Event: 0.884 Thread 0x000001f7ff709fc0 nmethod 688 0x000001f780100990 code [0x000001f780100b40, 0x000001f780100e28]
Event: 0.896 Thread 0x000001f7ff709fc0  690       3       java.lang.invoke.MethodType::basicType (8 bytes)
Event: 0.896 Thread 0x000001f7ff709fc0 nmethod 690 0x000001f780100f90 code [0x000001f780101120, 0x000001f780101258]

GC Heap History (0 events):
No events

Dll operation events (12 events):
Event: 0.029 Loaded shared library C:\Program Files\Java\jdk-19\bin\java.dll
Event: 0.053 Loaded shared library C:\Program Files\Java\jdk-19\bin\jsvml.dll
Event: 0.295 Loaded shared library C:\Program Files\Java\jdk-19\bin\zip.dll
Event: 0.299 Loaded shared library C:\Program Files\Java\jdk-19\bin\instrument.dll
Event: 0.313 Loaded shared library C:\Program Files\Java\jdk-19\bin\net.dll
Event: 0.316 Loaded shared library C:\Program Files\Java\jdk-19\bin\nio.dll
Event: 0.333 Loaded shared library C:\Program Files\Java\jdk-19\bin\zip.dll
Event: 0.392 Loaded shared library D:\IntelliJ IDEA Community Edition 2022.2.2\bin\breakgen64.dll
Event: 0.421 Loaded shared library C:\Program Files\Java\jdk-19\bin\extnet.dll
Event: 0.485 Loaded shared library C:\Program Files\Java\jdk-19\bin\jimage.dll
Event: 0.525 Loaded shared library C:\Users\prais\AppData\Local\Temp\lwjgl_prais\3.3.2+13\x64\lwjgl.dll
Event: 0.873 Loaded shared library C:\Users\prais\AppData\Local\Temp\lwjgl_prais\3.3.2+13\x64\lwjgl_stb.dll

Deoptimization events (20 events):
Event: 0.708 Thread 0x000001f7f6716eb0 DEOPT PACKING pc=0x000001f78009d0a0 sp=0x0000007d51bfdf30
Event: 0.708 Thread 0x000001f7f6716eb0 DEOPT UNPACKING pc=0x000001f787597543 sp=0x0000007d51bfd3a8 mode 0
Event: 0.708 Thread 0x000001f7f6716eb0 DEOPT PACKING pc=0x000001f78009d0a0 sp=0x0000007d51bfdf30
Event: 0.708 Thread 0x000001f7f6716eb0 DEOPT UNPACKING pc=0x000001f787597543 sp=0x0000007d51bfd3a8 mode 0
Event: 0.709 Thread 0x000001f7f6716eb0 DEOPT PACKING pc=0x000001f78009cfca sp=0x0000007d51bfdf30
Event: 0.709 Thread 0x000001f7f6716eb0 DEOPT UNPACKING pc=0x000001f787597543 sp=0x0000007d51bfd3a8 mode 0
Event: 0.709 Thread 0x000001f7f6716eb0 DEOPT PACKING pc=0x000001f78009cfca sp=0x0000007d51bfdf30
Event: 0.709 Thread 0x000001f7f6716eb0 DEOPT UNPACKING pc=0x000001f787597543 sp=0x0000007d51bfd3a8 mode 0
Event: 0.709 Thread 0x000001f7f6716eb0 DEOPT PACKING pc=0x000001f78009cfca sp=0x0000007d51bfdf30
Event: 0.709 Thread 0x000001f7f6716eb0 DEOPT UNPACKING pc=0x000001f787597543 sp=0x0000007d51bfd3a8 mode 0
Event: 0.709 Thread 0x000001f7f6716eb0 DEOPT PACKING pc=0x000001f78009cfca sp=0x0000007d51bfdf30
Event: 0.709 Thread 0x000001f7f6716eb0 DEOPT UNPACKING pc=0x000001f787597543 sp=0x0000007d51bfd3a8 mode 0
Event: 0.709 Thread 0x000001f7f6716eb0 DEOPT PACKING pc=0x000001f78009d0a0 sp=0x0000007d51bfdf30
Event: 0.709 Thread 0x000001f7f6716eb0 DEOPT UNPACKING pc=0x000001f787597543 sp=0x0000007d51bfd3a8 mode 0
Event: 0.710 Thread 0x000001f7f6716eb0 DEOPT PACKING pc=0x000001f78009cfca sp=0x0000007d51bfdf30
Event: 0.710 Thread 0x000001f7f6716eb0 DEOPT UNPACKING pc=0x000001f787597543 sp=0x0000007d51bfd3a8 mode 0
Event: 0.710 Thread 0x000001f7f6716eb0 DEOPT PACKING pc=0x000001f78009cfca sp=0x0000007d51bfdf30
Event: 0.710 Thread 0x000001f7f6716eb0 DEOPT UNPACKING pc=0x000001f787597543 sp=0x0000007d51bfd3a8 mode 0
Event: 0.710 Thread 0x000001f7f6716eb0 DEOPT PACKING pc=0x000001f78009cfca sp=0x0000007d51bfdf30
Event: 0.710 Thread 0x000001f7f6716eb0 DEOPT UNPACKING pc=0x000001f787597543 sp=0x0000007d51bfd3a8 mode 0

Classes loaded (20 events):
Event: 0.628 Loading class java/lang/foreign/MemorySegment
Event: 0.629 Loading class java/lang/foreign/Addressable
Event: 0.629 Loading class java/lang/foreign/Addressable done
Event: 0.629 Loading class java/lang/foreign/MemorySegment done
Event: 0.638 Loading class java/nio/InvalidMarkException
Event: 0.638 Loading class java/nio/InvalidMarkException done
Event: 0.638 Loading class java/nio/BufferUnderflowException
Event: 0.638 Loading class java/nio/BufferUnderflowException done
Event: 0.655 Loading class java/util/Formatter$FixedString
Event: 0.655 Loading class java/util/Formatter$FixedString done
Event: 0.678 Loading class java/lang/NoSuchFieldError
Event: 0.678 Loading class java/lang/NoSuchFieldError done
Event: 0.710 Loading class jdk/internal/reflect/MethodHandleIntegerFieldAccessorImpl
Event: 0.711 Loading class jdk/internal/reflect/MethodHandleIntegerFieldAccessorImpl done
Event: 0.843 Loading class java/io/FileReader
Event: 0.843 Loading class java/io/FileReader done
Event: 0.850 Loading class java/nio/file/FileAlreadyExistsException
Event: 0.850 Loading class java/nio/file/FileAlreadyExistsException done
Event: 0.851 Loading class java/nio/file/StandardCopyOption
Event: 0.851 Loading class java/nio/file/StandardCopyOption done

Classes unloaded (0 events):
No events

Classes redefined (0 events):
No events

Internal exceptions (20 events):
Event: 0.627 Thread 0x000001f7f6716eb0 Exception <a 'java/lang/NoSuchMethodError'{0x00000000899e6188}: 'java.lang.Object java.lang.invoke.DirectMethodHandle$Holder.newInvokeSpecial(java.lang.Object, java.lang.Object, int)'> (0x00000000899e6188) 
thrown [s\open\src\hotspot\share\interpreter\linkResolver.cpp, line 774]
Event: 0.632 Thread 0x000001f7f6716eb0 Exception <a 'java/lang/NoSuchMethodError'{0x00000000899f46f8}: 'int java.lang.invoke.DirectMethodHandle$Holder.invokeStaticInit(java.lang.Object, java.lang.Object, long, long)'> (0x00000000899f46f8) 
thrown [s\open\src\hotspot\share\interpreter\linkResolver.cpp, line 774]
Event: 0.633 Thread 0x000001f7f6716eb0 Exception <a 'java/lang/NoSuchMethodError'{0x00000000899fa810}: 'java.lang.Object java.lang.invoke.DirectMethodHandle$Holder.newInvokeSpecial(java.lang.Object, java.lang.Object, long)'> (0x00000000899fa810) 
thrown [s\open\src\hotspot\share\interpreter\linkResolver.cpp, line 774]
Event: 0.634 Thread 0x000001f7f6716eb0 Exception <a 'java/lang/NoSuchMethodError'{0x00000000899fe870}: 'java.lang.Object java.lang.invoke.Invokers$Holder.linkToTargetMethod(java.lang.Object, long, java.lang.Object)'> (0x00000000899fe870) 
thrown [s\open\src\hotspot\share\interpreter\linkResolver.cpp, line 774]
Event: 0.636 Thread 0x000001f7f6716eb0 Exception <a 'java/lang/NoSuchMethodError'{0x0000000089806298}: 'int java.lang.invoke.DirectMethodHandle$Holder.invokeStaticInit(java.lang.Object, java.lang.Object, java.lang.Object, long)'> (0x0000000089806298) 
thrown [s\open\src\hotspot\share\interpreter\linkResolver.cpp, line 774]
Event: 0.677 Thread 0x000001f7f6716eb0 Exception <a 'sun/nio/fs/WindowsException'{0x000000008989c218}> (0x000000008989c218) 
thrown [s\open\src\hotspot\share\prims\jni.cpp, line 517]
Event: 0.677 Thread 0x000001f7f6716eb0 Exception <a 'sun/nio/fs/WindowsException'{0x000000008989c578}> (0x000000008989c578) 
thrown [s\open\src\hotspot\share\prims\jni.cpp, line 517]
Event: 0.711 Thread 0x000001f7f6716eb0 Exception <a 'java/lang/NoSuchMethodError'{0x00000000898b1238}: 'int java.lang.invoke.Invokers$Holder.invokeExact_MT(java.lang.Object, java.lang.Object)'> (0x00000000898b1238) 
thrown [s\open\src\hotspot\share\interpreter\linkResolver.cpp, line 774]
Event: 0.821 Thread 0x000001f7f6716eb0 Exception <a 'java/lang/NoSuchMethodError'{0x00000000897068f8}: 'void java.lang.invoke.DirectMethodHandle$Holder.invokeStaticInit(java.lang.Object, long, int, int, int, int)'> (0x00000000897068f8) 
thrown [s\open\src\hotspot\share\interpreter\linkResolver.cpp, line 774]
Event: 0.826 Thread 0x000001f7f6716eb0 Exception <a 'java/lang/NoSuchMethodError'{0x0000000089716a80}: 'void java.lang.invoke.DirectMethodHandle$Holder.invokeStaticInit(java.lang.Object, long, int, int, int)'> (0x0000000089716a80) 
thrown [s\open\src\hotspot\share\interpreter\linkResolver.cpp, line 774]
Event: 0.830 Thread 0x000001f7f6716eb0 Exception <a 'java/lang/NoSuchMethodError'{0x00000000897254d8}: 'void java.lang.invoke.DirectMethodHandle$Holder.invokeStaticInit(java.lang.Object, long, double, double)'> (0x00000000897254d8) 
thrown [s\open\src\hotspot\share\interpreter\linkResolver.cpp, line 774]
Event: 0.846 Thread 0x000001f7f6716eb0 Exception <a 'java/lang/NoSuchMethodError'{0x00000000897667b8}: 'void java.lang.System.load(java.lang.String, java.lang.Class)'> (0x00000000897667b8) 
thrown [s\open\src\hotspot\share\interpreter\linkResolver.cpp, line 774]
Event: 0.848 Thread 0x000001f7f6716eb0 Exception <a 'java/lang/NoSuchMethodError'{0x00000000897695c8}: 'void java.lang.System.loadLibrary(java.lang.String, java.lang.Class)'> (0x00000000897695c8) 
thrown [s\open\src\hotspot\share\interpreter\linkResolver.cpp, line 774]
Event: 0.849 Thread 0x000001f7f6716eb0 Exception <a 'sun/nio/fs/WindowsException'{0x000000008976dd10}> (0x000000008976dd10) 
thrown [s\open\src\hotspot\share\prims\jni.cpp, line 517]
Event: 0.849 Thread 0x000001f7f6716eb0 Exception <a 'sun/nio/fs/WindowsException'{0x000000008976dff8}> (0x000000008976dff8) 
thrown [s\open\src\hotspot\share\prims\jni.cpp, line 517]
Event: 0.850 Thread 0x000001f7f6716eb0 Exception <a 'sun/nio/fs/WindowsException'{0x000000008976ea40}> (0x000000008976ea40) 
thrown [s\open\src\hotspot\share\prims\jni.cpp, line 517]
Event: 0.852 Thread 0x000001f7f6716eb0 Exception <a 'sun/nio/fs/WindowsException'{0x0000000089775700}> (0x0000000089775700) 
thrown [s\open\src\hotspot\share\prims\jni.cpp, line 517]
Event: 0.865 Thread 0x000001f7f6716eb0 Exception <a 'sun/nio/fs/WindowsException'{0x0000000089778528}> (0x0000000089778528) 
thrown [s\open\src\hotspot\share\prims\jni.cpp, line 517]
Event: 0.865 Thread 0x000001f7f6716eb0 Exception <a 'sun/nio/fs/WindowsException'{0x00000000897788a8}> (0x00000000897788a8) 
thrown [s\open\src\hotspot\share\prims\jni.cpp, line 517]
Event: 0.896 Thread 0x000001f7f6716eb0 Exception <a 'java/lang/NoSuchMethodError'{0x0000000089781bb0}: 'void java.lang.invoke.DirectMethodHandle$Holder.invokeStatic(java.lang.Object, long)'> (0x0000000089781bb0) 
thrown [s\open\src\hotspot\share\interpreter\linkResolver.cpp, line 774]

VM Operations (4 events):
Event: 0.257 Executing VM operation: HandshakeAllThreads
Event: 0.257 Executing VM operation: HandshakeAllThreads done
Event: 0.397 Executing VM operation: HandshakeAllThreads
Event: 0.397 Executing VM operation: HandshakeAllThreads done

Events (13 events):
Event: 0.054 Thread 0x000001f7f6716eb0 Thread added: 0x000001f7f6716eb0
Event: 0.100 Thread 0x000001f7ff6fe710 Thread added: 0x000001f7ff6fe710
Event: 0.100 Thread 0x000001f7ff6ff500 Thread added: 0x000001f7ff6ff500
Event: 0.101 Thread 0x000001f7ff7002f0 Thread added: 0x000001f7ff7002f0
Event: 0.102 Thread 0x000001f7ff701e30 Thread added: 0x000001f7ff701e30
Event: 0.102 Thread 0x000001f7ff704770 Thread added: 0x000001f7ff704770
Event: 0.102 Thread 0x000001f7ff7050a0 Thread added: 0x000001f7ff7050a0
Event: 0.102 Thread 0x000001f7ff705d00 Thread added: 0x000001f7ff705d00
Event: 0.105 Thread 0x000001f7ff709fc0 Thread added: 0x000001f7ff709fc0
Event: 0.114 Thread 0x000001f799025580 Thread added: 0x000001f799025580
Event: 0.236 Thread 0x000001f7ff6cc870 Thread added: 0x000001f7ff6cc870
Event: 0.393 Thread 0x000001f7992a6fd0 Thread added: 0x000001f7992a6fd0
Event: 0.393 Thread 0x000001f7992a7510 Thread added: 0x000001f7992a7510


Dynamic libraries:
0x00007ff6cde90000 - 0x00007ff6cdea0000 	C:\Program Files\Java\jdk-19\bin\java.exe
0x00007ffd1fc30000 - 0x00007ffd1fe28000 	C:\WINDOWS\SYSTEM32\ntdll.dll
0x00007ffd1f990000 - 0x00007ffd1fa4d000 	C:\WINDOWS\System32\KERNEL32.DLL
0x00007ffd1d8e0000 - 0x00007ffd1dbd6000 	C:\WINDOWS\System32\KERNELBASE.dll
0x00007ffd1d7b0000 - 0x00007ffd1d8b0000 	C:\WINDOWS\System32\ucrtbase.dll
0x00007ffd0b1c0000 - 0x00007ffd0b1db000 	C:\Program Files\Java\jdk-19\bin\VCRUNTIME140.dll
0x00007ffd09e80000 - 0x00007ffd09e98000 	C:\Program Files\Java\jdk-19\bin\jli.dll
0x00007ffd1e170000 - 0x00007ffd1e223000 	C:\WINDOWS\System32\ADVAPI32.dll
0x00007ffd1e0d0000 - 0x00007ffd1e16e000 	C:\WINDOWS\System32\msvcrt.dll
0x00007ffd1dc70000 - 0x00007ffd1dd0f000 	C:\WINDOWS\System32\sechost.dll
0x00007ffd1f070000 - 0x00007ffd1f196000 	C:\WINDOWS\System32\RPCRT4.dll
0x00007ffd1d610000 - 0x00007ffd1d637000 	C:\WINDOWS\System32\bcrypt.dll
0x00007ffd1f430000 - 0x00007ffd1f5ce000 	C:\WINDOWS\System32\USER32.dll
0x00007ffd1d8b0000 - 0x00007ffd1d8d2000 	C:\WINDOWS\System32\win32u.dll
0x00007ffd1dee0000 - 0x00007ffd1df0b000 	C:\WINDOWS\System32\GDI32.dll
0x00007ffd1d690000 - 0x00007ffd1d7a7000 	C:\WINDOWS\System32\gdi32full.dll
0x00007ffd1d570000 - 0x00007ffd1d60d000 	C:\WINDOWS\System32\msvcp_win.dll
0x00007ffd09990000 - 0x00007ffd0999a000 	C:\WINDOWS\SYSTEM32\VERSION.dll
0x00007ffd0be50000 - 0x00007ffd0c0ea000 	C:\WINDOWS\WinSxS\amd64_microsoft.windows.common-controls_6595b64144ccf1df_6.0.19041.3636_none_60b6a03d71f818d5\COMCTL32.dll
0x00007ffd1e7e0000 - 0x00007ffd1e812000 	C:\WINDOWS\System32\IMM32.DLL
0x00007ffd0c350000 - 0x00007ffd0c35c000 	C:\Program Files\Java\jdk-19\bin\vcruntime140_1.dll
0x00007ffcf1290000 - 0x00007ffcf131e000 	C:\Program Files\Java\jdk-19\bin\msvcp140.dll
0x00007ffce64b0000 - 0x00007ffce7170000 	C:\Program Files\Java\jdk-19\bin\server\jvm.dll
0x00007ffd07ec0000 - 0x00007ffd07ec9000 	C:\WINDOWS\SYSTEM32\WSOCK32.dll
0x00007ffd1e8b0000 - 0x00007ffd1e91b000 	C:\WINDOWS\System32\WS2_32.dll
0x00007ffd0c790000 - 0x00007ffd0c7b7000 	C:\WINDOWS\SYSTEM32\WINMM.dll
0x00007ffd1b140000 - 0x00007ffd1b152000 	C:\WINDOWS\SYSTEM32\kernel.appcore.dll
0x00007ffd0c1f0000 - 0x00007ffd0c1fa000 	C:\Program Files\Java\jdk-19\bin\jimage.dll
0x00007ffd12940000 - 0x00007ffd12b24000 	C:\WINDOWS\SYSTEM32\DBGHELP.DLL
0x00007ffd00780000 - 0x00007ffd007b4000 	C:\WINDOWS\SYSTEM32\dbgcore.DLL
0x00007ffd1dbe0000 - 0x00007ffd1dc62000 	C:\WINDOWS\System32\bcryptPrimitives.dll
0x00007ffd1aac0000 - 0x00007ffd1aace000 	C:\Program Files\Java\jdk-19\bin\instrument.dll
0x00007ffd04d00000 - 0x00007ffd04d26000 	C:\Program Files\Java\jdk-19\bin\java.dll
0x00007ffce9b70000 - 0x00007ffce9c47000 	C:\Program Files\Java\jdk-19\bin\jsvml.dll
0x00007ffd1e920000 - 0x00007ffd1f065000 	C:\WINDOWS\System32\SHELL32.dll
0x00007ffd1b340000 - 0x00007ffd1badc000 	C:\WINDOWS\SYSTEM32\windows.storage.dll
0x00007ffd1f5d0000 - 0x00007ffd1f924000 	C:\WINDOWS\System32\combase.dll
0x00007ffd1cb70000 - 0x00007ffd1cb9e000 	C:\WINDOWS\SYSTEM32\Wldp.dll
0x00007ffd1f360000 - 0x00007ffd1f42d000 	C:\WINDOWS\System32\OLEAUT32.dll
0x00007ffd1de30000 - 0x00007ffd1dedd000 	C:\WINDOWS\System32\SHCORE.dll
0x00007ffd1fb90000 - 0x00007ffd1fbe5000 	C:\WINDOWS\System32\shlwapi.dll
0x00007ffd1d220000 - 0x00007ffd1d245000 	C:\WINDOWS\SYSTEM32\profapi.dll
0x00007ffd00a40000 - 0x00007ffd00a58000 	C:\Program Files\Java\jdk-19\bin\zip.dll
0x00007ffd04ce0000 - 0x00007ffd04cf3000 	C:\Program Files\Java\jdk-19\bin\net.dll
0x00007ffd112b0000 - 0x00007ffd113ba000 	C:\WINDOWS\SYSTEM32\WINHTTP.dll
0x00007ffd1c950000 - 0x00007ffd1c9ba000 	C:\WINDOWS\system32\mswsock.dll
0x00007ffd04cc0000 - 0x00007ffd04cd6000 	C:\Program Files\Java\jdk-19\bin\nio.dll
0x00007ffd1aa60000 - 0x00007ffd1aa7a000 	D:\IntelliJ IDEA Community Edition 2022.2.2\bin\breakgen64.dll
0x00007ffd0b860000 - 0x00007ffd0b868000 	C:\Program Files\Java\jdk-19\bin\extnet.dll
0x00007ffd0c270000 - 0x00007ffd0c2ea000 	C:\Users\prais\AppData\Local\Temp\lwjgl_prais\3.3.2+13\x64\lwjgl.dll
0x00007ffcf67c0000 - 0x00007ffcf6842000 	C:\Users\prais\AppData\Local\Temp\lwjgl_prais\3.3.2+13\x64\glfw.dll
0x00007ffd0c220000 - 0x00007ffd0c265000 	C:\WINDOWS\SYSTEM32\dinput8.dll
0x00007ffd176d0000 - 0x00007ffd176e1000 	C:\WINDOWS\SYSTEM32\xinput1_4.dll
0x00007ffd1d640000 - 0x00007ffd1d68e000 	C:\WINDOWS\System32\cfgmgr32.dll
0x00007ffd1cd10000 - 0x00007ffd1cd43000 	C:\WINDOWS\SYSTEM32\DEVOBJ.dll
0x00007ffd1af60000 - 0x00007ffd1af8f000 	C:\WINDOWS\SYSTEM32\dwmapi.dll
0x00007ffd0f7b0000 - 0x00007ffd0f902000 	C:\WINDOWS\SYSTEM32\inputhost.dll
0x00007ffd18de0000 - 0x00007ffd18ed6000 	C:\WINDOWS\SYSTEM32\PROPSYS.dll
0x00007ffd1a7b0000 - 0x00007ffd1a8a2000 	C:\WINDOWS\SYSTEM32\CoreMessaging.dll
0x00007ffd19d50000 - 0x00007ffd19ea5000 	C:\WINDOWS\SYSTEM32\wintypes.dll
0x00007ffd1a450000 - 0x00007ffd1a7ab000 	C:\WINDOWS\SYSTEM32\CoreUIComponents.dll
0x00007ffd1c3c0000 - 0x00007ffd1c3f3000 	C:\WINDOWS\SYSTEM32\ntmarta.dll
0x00007ffd1ac70000 - 0x00007ffd1ad0e000 	C:\WINDOWS\system32\uxtheme.dll
0x00007ffd1dd10000 - 0x00007ffd1de24000 	C:\WINDOWS\System32\MSCTF.dll
0x00007ffd063a0000 - 0x00007ffd064c5000 	C:\WINDOWS\SYSTEM32\opengl32.dll
0x00007ffd05e90000 - 0x00007ffd05ebc000 	C:\WINDOWS\SYSTEM32\GLU32.dll
0x00007ffd1fa60000 - 0x00007ffd1fb09000 	C:\WINDOWS\System32\clbcatq.dll
0x00007ffce5460000 - 0x00007ffce6178000 	C:\WINDOWS\SYSTEM32\ig8icd64.dll
0x00007ffd13980000 - 0x00007ffd143bf000 	C:\WINDOWS\SYSTEM32\igdusc64.dll
0x00007ffd18f40000 - 0x00007ffd18f54000 	C:\WINDOWS\SYSTEM32\WTSAPI32.dll
0x00007ffd14550000 - 0x00007ffd1458b000 	C:\WINDOWS\SYSTEM32\dxcore.dll
0x00007ffd1d1c0000 - 0x00007ffd1d20b000 	C:\WINDOWS\SYSTEM32\powrprof.dll
0x00007ffd1d130000 - 0x00007ffd1d142000 	C:\WINDOWS\SYSTEM32\UMPDC.dll
0x00007ffd1bb40000 - 0x00007ffd1bc33000 	C:\WINDOWS\SYSTEM32\dxgi.dll
0x00007ffd18f70000 - 0x00007ffd191d3000 	C:\WINDOWS\SYSTEM32\d3d11.dll
0x00007ffd119e0000 - 0x00007ffd1293d000 	C:\WINDOWS\SYSTEM32\igd10iumd64.dll
0x00007ffd1cbe0000 - 0x00007ffd1cc08000 	C:\WINDOWS\SYSTEM32\ncrypt.dll
0x00007ffd1ab20000 - 0x00007ffd1abb0000 	C:\WINDOWS\SYSTEM32\apphelp.dll
0x00007ffd1cba0000 - 0x00007ffd1cbdb000 	C:\WINDOWS\SYSTEM32\NTASN1.dll
0x00007ffcf6730000 - 0x00007ffcf67b2000 	C:\Users\prais\AppData\Local\Temp\lwjgl_prais\3.3.2+13\x64\lwjgl_stb.dll
0x00007ffd17830000 - 0x00007ffd178de000 	C:\WINDOWS\SYSTEM32\mscms.dll
0x00007ffd1d150000 - 0x00007ffd1d17e000 	C:\WINDOWS\SYSTEM32\USERENV.dll
0x00007ffd17810000 - 0x00007ffd17821000 	C:\WINDOWS\SYSTEM32\ColorAdapterClient.dll
0x00007ffd0b2b0000 - 0x00007ffd0b2f3000 	C:\WINDOWS\SYSTEM32\icm32.dll

dbghelp: loaded successfully - version: 4.0.5 - missing functions: none
symbol engine: initialized successfully - sym options: 0x614 - pdb path: .;C:\Program Files\Java\jdk-19\bin;C:\WINDOWS\SYSTEM32;C:\WINDOWS\WinSxS\amd64_microsoft.windows.common-controls_6595b64144ccf1df_6.0.19041.3636_none_60b6a03d71f818d5;C:\Program Files\Java\jdk-19\bin\server;D:\IntelliJ IDEA Community Edition 2022.2.2\bin;C:\Users\prais\AppData\Local\Temp\lwjgl_prais\3.3.2+13\x64

VM Arguments:
jvm_args: -javaagent:D:\IntelliJ IDEA Community Edition 2022.2.2\lib\idea_rt.jar=54549:D:\IntelliJ IDEA Community Edition 2022.2.2\bin -Dfile.encoding=UTF-8 -Dsun.stdout.encoding=UTF-8 -Dsun.stderr.encoding=UTF-8 
java_command: core.Launcher
java_class_path (initial): C:\Users\prais\OneDrive\Desktop\LEET-CODE\iVHU Engine\target\classes;C:\Users\prais\.m2\repository\org\lwjgl\lwjgl\3.3.2\lwjgl-3.3.2.jar;C:\Users\prais\.m2\repository\org\lwjgl\lwjgl-assimp\3.3.2\lwjgl-assimp-3.3.2.jar;C:\Users\prais\.m2\repository\org\lwjgl\lwjgl-glfw\3.3.2\lwjgl-glfw-3.3.2.jar;C:\Users\prais\.m2\repository\org\lwjgl\lwjgl-nfd\3.3.2\lwjgl-nfd-3.3.2.jar;C:\Users\prais\.m2\repository\org\lwjgl\lwjgl-openal\3.3.2\lwjgl-openal-3.3.2.jar;C:\Users\prais\.m2\repository\org\lwjgl\lwjgl-opengl\3.3.2\lwjgl-opengl-3.3.2.jar;C:\Users\prais\.m2\repository\org\lwjgl\lwjgl-stb\3.3.2\lwjgl-stb-3.3.2.jar;C:\Users\prais\.m2\repository\org\lwjgl\lwjgl\3.3.2\lwjgl-3.3.2-natives-windows.jar;C:\Users\prais\.m2\repository\org\lwjgl\lwjgl-assimp\3.3.2\lwjgl-assimp-3.3.2-natives-windows.jar;C:\Users\prais\.m2\repository\org\lwjgl\lwjgl-glfw\3.3.2\lwjgl-glfw-3.3.2-natives-windows.jar;C:\Users\prais\.m2\repository\org\lwjgl\lwjgl-nfd\3.3.2\lwjgl-nfd-3.3.2-natives-windows.jar;C:\Users\prais\.m2\repository\org\lwjgl\lwjgl-openal\3.3.2\lwjgl-openal-3.3.2-natives-windows.jar;C:\Users\prais\.m2\repository\org\lwjgl\lwjgl-opengl\3.3.2\lwjgl-opengl-3.3.2-natives-windows.jar;C:\Users\prais\.m2\repository\org\lwjgl\lwjgl-stb\3.3.2\lwjgl-stb-3.3.2-natives-windows.jar;C:\Users\prais\.m2\repository\org\joml\joml\1.10.5\joml-1.10.5.jar;C:\Users\prais\.m2\repository\com\google\code\gson\gson\2.10.1\gson-2.10.1.jar;C:\Users\prais\.m2\repository\io\github\spair\imgui-java-binding\1.86.10\imgui-java-binding-1.86.10.jar;C:\JAVA LIBS\ImGui\imgui-app-1.86.10-all.jar
Launcher Type: SUN_STANDARD

[Global flags]
     intx CICompilerCount                          = 3                                         {product} {ergonomic}
     uint ConcGCThreads                            = 1                                         {product} {ergonomic}
     uint G1ConcRefinementThreads                  = 4                                         {product} {ergonomic}
   size_t G1HeapRegionSize                         = 1048576                                   {product} {ergonomic}
    uintx GCDrainStackTargetSize                   = 64                                        {product} {ergonomic}
   size_t InitialHeapSize                          = 132120576                                 {product} {ergonomic}
   size_t MarkStackSize                            = 4194304                                   {product} {ergonomic}
   size_t MaxHeapSize                              = 2113929216                                {product} {ergonomic}
   size_t MaxNewSize                               = 1267728384                                {product} {ergonomic}
   size_t MinHeapDeltaBytes                        = 1048576                                   {product} {ergonomic}
   size_t MinHeapSize                              = 8388608                                   {product} {ergonomic}
    uintx NonNMethodCodeHeapSize                   = 5832780                                {pd product} {ergonomic}
    uintx NonProfiledCodeHeapSize                  = 122912730                              {pd product} {ergonomic}
    uintx ProfiledCodeHeapSize                     = 122912730                              {pd product} {ergonomic}
    uintx ReservedCodeCacheSize                    = 251658240                              {pd product} {ergonomic}
     bool SegmentedCodeCache                       = true                                      {product} {ergonomic}
   size_t SoftMaxHeapSize                          = 2113929216                             {manageable} {ergonomic}
     bool UseCompressedClassPointers               = true                           {product lp64_product} {ergonomic}
     bool UseCompressedOops                        = true                           {product lp64_product} {ergonomic}
     bool UseG1GC                                  = true                                      {product} {ergonomic}
     bool UseLargePagesIndividualAllocation        = false                                  {pd product} {ergonomic}

Logging:
Log output configuration:
 #0: stdout all=warning uptime,level,tags foldmultilines=false
 #1: stderr all=off uptime,level,tags foldmultilines=false

Environment Variables:
PATH=C:\Program Files\Common Files\Oracle\Java\javapath;C:\Program Files (x86)\Common Files\Oracle\Java\javapath;C:\Python39\Scripts\;C:\Python39\;C:\Program Files (x86)\NVIDIA Corporation\PhysX\Common;C:\WINDOWS\system32;C:\WINDOWS;C:\WINDOWS\System32\Wbem;C:\WINDOWS\System32\WindowsPowerShell\v1.0\;C:\WINDOWS\System32\OpenSSH\;C:\Program Files\nodejs\;C:\ProgramData\chocolatey\bin;C:\composer;C:\Program Files\Git\cmd;C:\Program Files\dotnet\;C:\apache-maven-3.8.6\bin;C:\gradle-8.4\bin;C:\Program Files\MySQL\MySQL Shell 8.0\bin\;C:\Users\prais\AppData\Local\Programs\Python\Python310\Scripts\;C:\Users\prais\AppData\Local\Programs\Python\Python310\;C:\Users\prais\AppData\Local\Microsoft\WindowsApps;C:\Program Files\JetBrains\PyCharm Community Edition 2020.2.3\bin;;C:\Users\prais\AppData\Roaming\npm;C:\xampp\php;C:\Users\prais\AppData\Roaming\Composer\vendor\bin;D:\IntelliJ IDEA 2022.1\bin;;D:\IntelliJ IDEA Community Edition 2022.2.2\bin;
USERNAME=prais
OS=Windows_NT
PROCESSOR_IDENTIFIER=Intel64 Family 6 Model 61 Stepping 4, GenuineIntel
TMP=C:\Users\prais\AppData\Local\Temp
TEMP=C:\Users\prais\AppData\Local\Temp



---------------  S Y S T E M  ---------------

OS:
 Windows 10 , 64 bit Build 19041 (10.0.19041.3636)
OS uptime: 0 days 1:43 hours
Hyper-V role detected

CPU: total 4 (initial active 4) (2 cores per cpu, 2 threads per core) family 6 model 61 stepping 4 microcode 0x2f, cx8, cmov, fxsr, ht, mmx, 3dnowpref, sse, sse2, sse3, ssse3, sse4.1, sse4.2, popcnt, lzcnt, tsc, tscinvbit, avx, avx2, aes, erms, clmul, bmi1, bmi2, rtm, adx, fma, vzeroupper, clflush, hv, rdtscp

Memory: 4k page, system-wide physical 8062M (606M free)
TotalPageFile size 9854M (AvailPageFile size 1282M)
current process WorkingSet (physical memory assigned to process): 79M, peak: 79M
current process commit charge ("private bytes"): 269M, peak: 269M

vm_info: Java HotSpot(TM) 64-Bit Server VM (19+36-2238) for windows-amd64 JRE (19+36-2238), built on 2022-08-12T20:29:01Z by "mach5one" with MS VC++ 17.1 (VS2022)

END.
