#
# A fatal error has been detected by the Java Runtime Environment:
#
#  EXCEPTION_ACCESS_VIOLATION (0xc0000005) at pc=0x00007fffca113be0, pid=13904, tid=3996
#
# JRE version: Java(TM) SE Runtime Environment (19.0+36) (build 19+36-2238)
# Java VM: Java HotSpot(TM) 64-Bit Server VM (19+36-2238, mixed mode, sharing, tiered, compressed oops, compressed class ptrs, g1 gc, windows-amd64)
# Problematic frame:
# C  [ig8icd64.dll+0xd3be0]
#
# No core dump will be written. Minidumps are not enabled by default on client versions of Windows
#
# If you would like to submit a bug report, please visit:
#   https://bugreport.java.com/bugreport/crash.jsp
# The crash happened outside the Java Virtual Machine in native code.
# See problematic frame for where to report the bug.
#

---------------  S U M M A R Y ------------

Command Line: -javaagent:D:\IntelliJ IDEA Community Edition 2022.2.2\lib\idea_rt.jar=61973:D:\IntelliJ IDEA Community Edition 2022.2.2\bin -Dfile.encoding=UTF-8 -Dsun.stdout.encoding=UTF-8 -Dsun.stderr.encoding=UTF-8 dev_test.Launcher

Host: Intel(R) Core(TM) i7-5600U CPU @ 2.60GHz, 4 cores, 7G,  Windows 10 , 64 bit Build 19041 (10.0.19041.3636)
Time: Sat Apr  6 17:36:32 2024 South Africa Standard Time elapsed time: 2.088938 seconds (0d 0h 0m 2s)

---------------  T H R E A D  ---------------

Current thread (0x000002338abe5e60):  JavaThread "main" [_thread_in_native, id=3996, stack(0x0000003997e00000,0x0000003997f00000)]

Stack: [0x0000003997e00000,0x0000003997f00000],  sp=0x0000003997efece0,  free space=1019k
Native frames: (J=compiled Java code, j=interpreted, Vv=VM code, C=native code)
C  [ig8icd64.dll+0xd3be0]

Java frames: (J=compiled Java code, j=interpreted, Vv=VM code)
j  org.lwjgl.opengl.GL15C.nglBufferData(IJJI)V+0
j  org.lwjgl.opengl.GL15C.glBufferData(ILjava/nio/FloatBuffer;I)V+15
j  org.lwjgl.opengl.GL15.glBufferData(ILjava/nio/FloatBuffer;I)V+3
j  core.entities.Mesh.<init>(Lcore/entities/GameObject;)V+230
j  core.entities.Player.<init>(Lorg/joml/Vector3f;)V+41
j  core.engine._3D.Scene3D.init()V+45
j  core.engine._3D.Scene3D.<init>()V+14
j  core.renderer.Window.<init>()V+219
j  core.renderer.Window.get()Lcore/renderer/Window;+10
j  dev_test.Launcher.main([Ljava/lang/String;)V+0
v  ~StubRoutines::call_stub 0x000002339b84100e

siginfo: EXCEPTION_ACCESS_VIOLATION (0xc0000005), reading address 0x0000000000000010


Registers:
RAX=0x0000000000000000, RBX=0x00000233af56ff30, RCX=0x0000000000000000, RDX=0x0000000000000010
RSP=0x0000003997efece0, RBP=0x0000000000000002, RSI=0x0000000000715c80, RDI=0x00000234377f0000
R8 =0x0000000000715c80, R9 =0x000000000000e2b9, R10=0x0000000000000000, R11=0x0000000000000246
R12=0x0000000000715c80, R13=0x0000000000000001, R14=0x0000000000000010, R15=0x00000233af30a940
RIP=0x00007fffca113be0, EFLAGS=0x0000000000010202


Register to memory mapping:

RIP=0x00007fffca113be0 ig8icd64.dll
RAX=0x0 is NULL
RBX=0x00000233af56ff30 points into unknown readable memory: 0x00000234377f0000 | 00 00 7f 37 34 02 00 00
RCX=0x0 is NULL
RDX=0x0000000000000010 is an unknown value
RSP=0x0000003997efece0 is pointing into the stack for thread: 0x000002338abe5e60
RBP=0x0000000000000002 is an unknown value
RSI=0x0000000000715c80 is an unknown value
RDI=0x00000234377f0000 points into unknown readable memory: 0x0000000000000000 | 00 00 00 00 00 00 00 00
R8 =0x0000000000715c80 is an unknown value
R9 =0x000000000000e2b9 is an unknown value
R10=0x0 is NULL
R11=0x0000000000000246 is an unknown value
R12=0x0000000000715c80 is an unknown value
R13=0x0000000000000001 is an unknown value
R14=0x0000000000000010 is an unknown value
R15=0x00000233af30a940 points into unknown readable memory: 0x00000233af214c40 | 40 4c 21 af 33 02 00 00


Top of Stack: (sp=0x0000003997efece0)
0x0000003997efece0:   0000000000000000 0000000000000000
0x0000003997efecf0:   0000000000000000 0000000000000000
0x0000003997efed00:   0000023436dff860 00007fffca113eee
0x0000003997efed10:   00000233af56ff30 0000000000715c80
0x0000003997efed20:   0000000000715c80 0000023436dff860
0x0000003997efed30:   000002339b85b101 0000000000000000
0x0000003997efed40:   0000000000000000 0000023436dff7b0
0x0000003997efed50:   00000233af30a940 0000000000000000
0x0000003997efed60:   00000233aeeb41b0 00007fffca0c3b50
0x0000003997efed70:   0000000000000010 000002000000003b
0x0000003997efed80:   0000023436dff860 0000003997eff008
0x0000003997efed90:   0000000000000010 0000003997efedc0
0x0000003997efeda0:   000002338abe5e01 00000233ab291901
0x0000003997efedb0:   000002338abe5e00 fffffffe00000000
0x0000003997efedc0:   0000023437179950 fffffffffffffffe
0x0000003997efedd0:   00000233aeeb41b0 0000000000000000 

Instructions: (pc=0x00007fffca113be0)
0x00007fffca113ae0:   0f be c0 66 0f 6e c0 66 0f 60 c0 66 0f 61 c0 66
0x00007fffca113af0:   0f 70 c0 00 66 0f 64 c8 66 0f f7 d1 49 03 f9 41
0x00007fffca113b00:   8b c1 0f 29 74 24 10 44 8b d1 4c 2b c0 0f 29 3c
0x00007fffca113b10:   24 4d 8b c8 49 c1 e9 07 f6 c2 0f 0f 84 b0 00 00
0x00007fffca113b20:   00 4d 85 c9 74 6c 66 66 0f 1f 84 00 00 00 00 00
0x00007fffca113b30:   f3 0f 6f 3a f3 0f 6f 72 10 f3 0f 6f 6a 20 41 ff
0x00007fffca113b40:   c2 48 83 ef 80 41 8b c2 f3 0f 6f 62 30 f3 0f 6f
0x00007fffca113b50:   5a 40 f3 0f 6f 52 50 f3 0f 6f 4a 60 f3 0f 6f 42
0x00007fffca113b60:   70 66 0f e7 7f 80 48 83 ea 80 66 0f e7 77 90 66
0x00007fffca113b70:   0f e7 6f a0 66 0f e7 67 b0 66 0f e7 5f c0 66 0f
0x00007fffca113b80:   e7 57 d0 66 0f e7 4f e0 66 0f e7 47 f0 49 3b c1
0x00007fffca113b90:   72 9e 41 83 e0 7f 0f 84 e0 00 00 00 45 8b d0 44
0x00007fffca113ba0:   8b c9 49 c1 ea 04 4d 85 d2 0f 84 cd 00 00 00 90
0x00007fffca113bb0:   f3 0f 6f 02 41 ff c1 48 83 c7 10 41 8b c1 48 83
0x00007fffca113bc0:   c2 10 66 0f e7 47 f0 49 3b c2 72 e4 e9 ab 00 00
0x00007fffca113bd0:   00 4d 85 c9 74 6c 66 66 0f 1f 84 00 00 00 00 00
0x00007fffca113be0:   66 0f 6f 3a 66 0f 6f 72 10 66 0f 6f 6a 20 41 ff
0x00007fffca113bf0:   c2 48 83 ef 80 41 8b c2 66 0f 6f 62 30 66 0f 6f
0x00007fffca113c00:   5a 40 66 0f 6f 52 50 66 0f 6f 4a 60 66 0f 6f 42
0x00007fffca113c10:   70 66 0f e7 7f 80 48 83 ea 80 66 0f e7 77 90 66
0x00007fffca113c20:   0f e7 6f a0 66 0f e7 67 b0 66 0f e7 5f c0 66 0f
0x00007fffca113c30:   e7 57 d0 66 0f e7 4f e0 66 0f e7 47 f0 49 3b c1
0x00007fffca113c40:   72 9e 41 83 e0 7f 74 34 45 8b d0 44 8b c9 49 c1
0x00007fffca113c50:   ea 04 4d 85 d2 74 25 66 0f 1f 84 00 00 00 00 00
0x00007fffca113c60:   66 0f 6f 02 41 ff c1 48 83 c7 10 41 8b c1 66 0f
0x00007fffca113c70:   e7 47 f0 48 83 c2 10 49 3b c2 72 e4 0f 28 74 24
0x00007fffca113c80:   10 0f 28 3c 24 41 83 e0 0f 74 4a 45 8b d0 44 8b
0x00007fffca113c90:   c9 49 c1 ea 02 4d 85 d2 74 1e 66 0f 1f 44 00 00
0x00007fffca113ca0:   8b 02 41 ff c1 48 83 c7 04 89 47 fc 41 8b c1 48
0x00007fffca113cb0:   83 c2 04 49 3b c2 72 e8 41 83 e0 03 76 17 48 2b
0x00007fffca113cc0:   d7 0f b6 04 3a ff c1 48 8d 7f 01 88 47 ff 8b c1
0x00007fffca113cd0:   49 3b c0 72 ec 48 83 c4 20 5f c3 cc cc cc cc cc 


Stack slot to memory mapping:
stack at sp + 0 slots: 0x0 is NULL
stack at sp + 1 slots: 0x0 is NULL
stack at sp + 2 slots: 0x0 is NULL
stack at sp + 3 slots: 0x0 is NULL
stack at sp + 4 slots: 0x0000023436dff860 points into unknown readable memory: 0x0000000000000000 | 00 00 00 00 00 00 00 00
stack at sp + 5 slots: 0x00007fffca113eee ig8icd64.dll
stack at sp + 6 slots: 0x00000233af56ff30 points into unknown readable memory: 0x00000234377f0000 | 00 00 7f 37 34 02 00 00
stack at sp + 7 slots: 0x0000000000715c80 is an unknown value


---------------  P R O C E S S  ---------------

Threads class SMR info:
_java_thread_list=0x0000023436881b20, length=13, elements={
0x000002338abe5e60, 0x00000233aaa260d0, 0x00000233aaa26ec0, 0x00000233aaa2c290,
0x00000233aaa2ce40, 0x00000233aaa2df10, 0x00000233aaa32140, 0x00000233aaa36e20,
0x00000233aaa396e0, 0x00000233aaa48f90, 0x00000233aaa4aa20, 0x00000233aaa49f80,
0x00000233aaa494e0
}

Java Threads: ( => current thread )
=>0x000002338abe5e60 JavaThread "main" [_thread_in_native, id=3996, stack(0x0000003997e00000,0x0000003997f00000)]
  0x00000233aaa260d0 JavaThread "Reference Handler" daemon [_thread_blocked, id=4228, stack(0x0000003998500000,0x0000003998600000)]
  0x00000233aaa26ec0 JavaThread "Finalizer" daemon [_thread_blocked, id=11204, stack(0x0000003998600000,0x0000003998700000)]
  0x00000233aaa2c290 JavaThread "Signal Dispatcher" daemon [_thread_blocked, id=14588, stack(0x0000003998700000,0x0000003998800000)]
  0x00000233aaa2ce40 JavaThread "Attach Listener" daemon [_thread_blocked, id=8932, stack(0x0000003998800000,0x0000003998900000)]
  0x00000233aaa2df10 JavaThread "Service Thread" daemon [_thread_blocked, id=9556, stack(0x0000003998900000,0x0000003998a00000)]
  0x00000233aaa32140 JavaThread "Monitor Deflation Thread" daemon [_thread_blocked, id=5700, stack(0x0000003998a00000,0x0000003998b00000)]
  0x00000233aaa36e20 JavaThread "C2 CompilerThread0" daemon [_thread_blocked, id=3468, stack(0x0000003998b00000,0x0000003998c00000)]
  0x00000233aaa396e0 JavaThread "C1 CompilerThread0" daemon [_thread_blocked, id=5652, stack(0x0000003998c00000,0x0000003998d00000)]
  0x00000233aaa48f90 JavaThread "Sweeper thread" daemon [_thread_blocked, id=8348, stack(0x0000003998d00000,0x0000003998e00000)]
  0x00000233aaa4aa20 JavaThread "Common-Cleaner" daemon [_thread_blocked, id=8240, stack(0x0000003998e00000,0x0000003998f00000)]
  0x00000233aaa49f80 JavaThread "Monitor Ctrl-Break" daemon [_thread_in_native, id=14508, stack(0x0000003998f00000,0x0000003999000000)]
  0x00000233aaa494e0 JavaThread "Notification Thread" daemon [_thread_blocked, id=13864, stack(0x0000003999000000,0x0000003999100000)]

Other Threads:
  0x00000233aaa0b5b0 VMThread "VM Thread" [stack: 0x0000003998400000,0x0000003998500000] [id=6376]
  0x00000233aee959f0 WatcherThread "VM Periodic Task Thread" [stack: 0x0000003999100000,0x0000003999200000] [id=10724]
  0x000002338ac435c0 WorkerThread "GC Thread#0" [stack: 0x0000003997f00000,0x0000003998000000] [id=4752]
  0x00000233af7412e0 WorkerThread "GC Thread#1" [stack: 0x0000003999b00000,0x0000003999c00000] [id=12572]
  0x00000233af7fad10 WorkerThread "GC Thread#2" [stack: 0x0000003999c00000,0x0000003999d00000] [id=904]
  0x00000233af55b490 WorkerThread "GC Thread#3" [stack: 0x0000003999d00000,0x0000003999e00000] [id=11556]
  0x000002338ac551e0 ConcurrentGCThread "G1 Main Marker" [stack: 0x0000003998000000,0x0000003998100000] [id=4488]
  0x000002338ac562c0 WorkerThread "G1 Conc#0" [stack: 0x0000003998100000,0x0000003998200000] [id=7800]
  0x000002338acae460 ConcurrentGCThread "G1 Refine#0" [stack: 0x0000003998200000,0x0000003998300000] [id=8352]
  0x00000233aa8cb100 ConcurrentGCThread "G1 Service" [stack: 0x0000003998300000,0x0000003998400000] [id=12172]

Threads with active compile tasks:

VM state: not at safepoint (normal execution)

VM Mutex/Monitor currently owned by a thread: None

Heap address: 0x0000000082000000, size: 2016 MB, Compressed Oops mode: 32-bit

CDS archive(s) mapped at: [0x0000000800000000-0x0000000800c40000-0x0000000800c40000), size 12845056, SharedBaseAddress: 0x0000000800000000, ArchiveRelocationMode: 0.
Compressed class space mapped at: 0x0000000801000000-0x0000000841000000, reserved size: 1073741824
Narrow klass base: 0x0000000800000000, Narrow klass shift: 0, Narrow klass range: 0x100000000

GC Precious Log:
 CardTable entry size: 512
 Card Set container configuration: InlinePtr #cards 5 size 8 Array Of Cards #cards 12 size 40 Howl #buckets 4 coarsen threshold 1843 Howl Bitmap #cards 512 size 80 coarsen threshold 460 Card regions per heap region 1 cards per card region 2048
 CPUs: 4 total, 4 available
 Memory: 8062M
 Large Page Support: Disabled
 NUMA Support: Disabled
 Compressed Oops: Enabled (32-bit)
 Heap Region Size: 1M
 Heap Min Capacity: 8M
 Heap Initial Capacity: 126M
 Heap Max Capacity: 2016M
 Pre-touch: Disabled
 Parallel Workers: 4
 Concurrent Workers: 1
 Concurrent Refinement Workers: 4
 Periodic GC: Disabled

Heap:
 garbage-first heap   total 129024K, used 116709K [0x0000000082000000, 0x0000000100000000)
  region size 1024K, 66 young (67584K), 3 survivors (3072K)
 Metaspace       used 7976K, committed 8256K, reserved 1114112K
  class space    used 422K, committed 576K, reserved 1048576K

Heap Regions: E=young(eden), S=young(survivor), O=old, HS=humongous(starts), HC=humongous(continues), CS=collection set, F=free, OA=open archive, CA=closed archive, TAMS=top-at-mark-start (previous, next)
|   0|0x0000000082000000, 0x0000000082100000, 0x0000000082100000|100%| O|  |TAMS 0x0000000082000000, 0x0000000082000000| Untracked 
|   1|0x0000000082100000, 0x0000000082200000, 0x0000000082200000|100%| O|  |TAMS 0x0000000082100000, 0x0000000082100000| Untracked 
|   2|0x0000000082200000, 0x0000000082300000, 0x0000000082300000|100%| O|  |TAMS 0x0000000082200000, 0x0000000082200000| Untracked 
|   3|0x0000000082300000, 0x0000000082400000, 0x0000000082400000|100%| O|  |TAMS 0x0000000082300000, 0x0000000082300000| Untracked 
|   4|0x0000000082400000, 0x00000000824f9400, 0x0000000082500000| 97%| O|  |TAMS 0x0000000082400000, 0x0000000082400000| Untracked 
|   5|0x0000000082500000, 0x0000000082600000, 0x0000000082600000|100%|HS|  |TAMS 0x0000000082500000, 0x0000000082500000| Complete 
|   6|0x0000000082600000, 0x0000000082700000, 0x0000000082700000|100%|HS|  |TAMS 0x0000000082600000, 0x0000000082600000| Complete 
|   7|0x0000000082700000, 0x0000000082800000, 0x0000000082800000|100%|HS|  |TAMS 0x0000000082700000, 0x0000000082700000| Complete 
|   8|0x0000000082800000, 0x0000000082900000, 0x0000000082900000|100%|HS|  |TAMS 0x0000000082800000, 0x0000000082800000| Complete 
|   9|0x0000000082900000, 0x0000000082a00000, 0x0000000082a00000|100%|HS|  |TAMS 0x0000000082900000, 0x0000000082900000| Complete 
|  10|0x0000000082a00000, 0x0000000082b00000, 0x0000000082b00000|100%|HS|  |TAMS 0x0000000082a00000, 0x0000000082a00000| Complete 
|  11|0x0000000082b00000, 0x0000000082c00000, 0x0000000082c00000|100%|HC|  |TAMS 0x0000000082b00000, 0x0000000082b00000| Complete 
|  12|0x0000000082c00000, 0x0000000082d00000, 0x0000000082d00000|100%|HS|  |TAMS 0x0000000082c00000, 0x0000000082c00000| Complete 
|  13|0x0000000082d00000, 0x0000000082e00000, 0x0000000082e00000|100%|HS|  |TAMS 0x0000000082d00000, 0x0000000082d00000| Complete 
|  14|0x0000000082e00000, 0x0000000082f00000, 0x0000000082f00000|100%|HC|  |TAMS 0x0000000082e00000, 0x0000000082e00000| Complete 
|  15|0x0000000082f00000, 0x0000000083000000, 0x0000000083000000|100%|HS|  |TAMS 0x0000000082f00000, 0x0000000082f00000| Complete 
|  16|0x0000000083000000, 0x0000000083100000, 0x0000000083100000|100%|HC|  |TAMS 0x0000000083000000, 0x0000000083000000| Complete 
|  17|0x0000000083100000, 0x0000000083200000, 0x0000000083200000|100%|HC|  |TAMS 0x0000000083100000, 0x0000000083100000| Complete 
|  18|0x0000000083200000, 0x0000000083300000, 0x0000000083300000|100%|HS|  |TAMS 0x0000000083200000, 0x0000000083200000| Complete 
|  19|0x0000000083300000, 0x0000000083400000, 0x0000000083400000|100%|HC|  |TAMS 0x0000000083300000, 0x0000000083300000| Complete 
|  20|0x0000000083400000, 0x0000000083500000, 0x0000000083500000|100%|HS|  |TAMS 0x0000000083400000, 0x0000000083400000| Complete 
|  21|0x0000000083500000, 0x0000000083600000, 0x0000000083600000|100%|HC|  |TAMS 0x0000000083500000, 0x0000000083500000| Complete 
|  22|0x0000000083600000, 0x0000000083700000, 0x0000000083700000|100%|HC|  |TAMS 0x0000000083600000, 0x0000000083600000| Complete 
|  23|0x0000000083700000, 0x0000000083800000, 0x0000000083800000|100%|HS|  |TAMS 0x0000000083700000, 0x0000000083700000| Complete 
|  24|0x0000000083800000, 0x0000000083900000, 0x0000000083900000|100%|HC|  |TAMS 0x0000000083800000, 0x0000000083800000| Complete 
|  25|0x0000000083900000, 0x0000000083a00000, 0x0000000083a00000|100%|HC|  |TAMS 0x0000000083900000, 0x0000000083900000| Complete 
|  26|0x0000000083a00000, 0x0000000083b00000, 0x0000000083b00000|100%|HC|  |TAMS 0x0000000083a00000, 0x0000000083a00000| Complete 
|  27|0x0000000083b00000, 0x0000000083c00000, 0x0000000083c00000|100%|HS|  |TAMS 0x0000000083b00000, 0x0000000083b00000| Complete 
|  28|0x0000000083c00000, 0x0000000083d00000, 0x0000000083d00000|100%|HC|  |TAMS 0x0000000083c00000, 0x0000000083c00000| Complete 
|  29|0x0000000083d00000, 0x0000000083e00000, 0x0000000083e00000|100%|HC|  |TAMS 0x0000000083d00000, 0x0000000083d00000| Complete 
|  30|0x0000000083e00000, 0x0000000083f00000, 0x0000000083f00000|100%|HS|  |TAMS 0x0000000083e00000, 0x0000000083e00000| Complete 
|  31|0x0000000083f00000, 0x0000000084000000, 0x0000000084000000|100%|HC|  |TAMS 0x0000000083f00000, 0x0000000083f00000| Complete 
|  32|0x0000000084000000, 0x0000000084100000, 0x0000000084100000|100%|HC|  |TAMS 0x0000000084000000, 0x0000000084000000| Complete 
|  33|0x0000000084100000, 0x0000000084200000, 0x0000000084200000|100%|HC|  |TAMS 0x0000000084100000, 0x0000000084100000| Complete 
|  34|0x0000000084200000, 0x0000000084300000, 0x0000000084300000|100%|HS|  |TAMS 0x0000000084200000, 0x0000000084200000| Complete 
|  35|0x0000000084300000, 0x0000000084400000, 0x0000000084400000|100%|HC|  |TAMS 0x0000000084300000, 0x0000000084300000| Complete 
|  36|0x0000000084400000, 0x0000000084500000, 0x0000000084500000|100%|HC|  |TAMS 0x0000000084400000, 0x0000000084400000| Complete 
|  37|0x0000000084500000, 0x0000000084600000, 0x0000000084600000|100%|HC|  |TAMS 0x0000000084500000, 0x0000000084500000| Complete 
|  38|0x0000000084600000, 0x0000000084700000, 0x0000000084700000|100%|HC|  |TAMS 0x0000000084600000, 0x0000000084600000| Complete 
|  39|0x0000000084700000, 0x0000000084800000, 0x0000000084800000|100%|HC|  |TAMS 0x0000000084700000, 0x0000000084700000| Complete 
|  40|0x0000000084800000, 0x0000000084900000, 0x0000000084900000|100%|HC|  |TAMS 0x0000000084800000, 0x0000000084800000| Complete 
|  41|0x0000000084900000, 0x0000000084a00000, 0x0000000084a00000|100%|HC|  |TAMS 0x0000000084900000, 0x0000000084900000| Complete 
|  42|0x0000000084a00000, 0x0000000084b00000, 0x0000000084b00000|100%|HS|  |TAMS 0x0000000084a00000, 0x0000000084a00000| Complete 
|  43|0x0000000084b00000, 0x0000000084c00000, 0x0000000084c00000|100%|HC|  |TAMS 0x0000000084b00000, 0x0000000084b00000| Complete 
|  44|0x0000000084c00000, 0x0000000084d00000, 0x0000000084d00000|100%|HC|  |TAMS 0x0000000084c00000, 0x0000000084c00000| Complete 
|  45|0x0000000084d00000, 0x0000000084e00000, 0x0000000084e00000|100%|HC|  |TAMS 0x0000000084d00000, 0x0000000084d00000| Complete 
|  46|0x0000000084e00000, 0x0000000084f00000, 0x0000000084f00000|100%|HC|  |TAMS 0x0000000084e00000, 0x0000000084e00000| Complete 
|  47|0x0000000084f00000, 0x0000000085000000, 0x0000000085000000|100%|HC|  |TAMS 0x0000000084f00000, 0x0000000084f00000| Complete 
|  48|0x0000000085000000, 0x0000000085100000, 0x0000000085100000|100%|HC|  |TAMS 0x0000000085000000, 0x0000000085000000| Complete 
|  49|0x0000000085100000, 0x0000000085200000, 0x0000000085200000|100%|HC|  |TAMS 0x0000000085100000, 0x0000000085100000| Complete 
|  50|0x0000000085200000, 0x0000000085200000, 0x0000000085300000|  0%| F|  |TAMS 0x0000000085200000, 0x0000000085200000| Untracked 
|  51|0x0000000085300000, 0x0000000085300000, 0x0000000085400000|  0%| F|  |TAMS 0x0000000085300000, 0x0000000085300000| Untracked 
|  52|0x0000000085400000, 0x0000000085400000, 0x0000000085500000|  0%| F|  |TAMS 0x0000000085400000, 0x0000000085400000| Untracked 
|  53|0x0000000085500000, 0x0000000085500000, 0x0000000085600000|  0%| F|  |TAMS 0x0000000085500000, 0x0000000085500000| Untracked 
|  54|0x0000000085600000, 0x0000000085600000, 0x0000000085700000|  0%| F|  |TAMS 0x0000000085600000, 0x0000000085600000| Untracked 
|  55|0x0000000085700000, 0x0000000085700000, 0x0000000085800000|  0%| F|  |TAMS 0x0000000085700000, 0x0000000085700000| Untracked 
|  56|0x0000000085800000, 0x0000000085800000, 0x0000000085900000|  0%| F|  |TAMS 0x0000000085800000, 0x0000000085800000| Untracked 
|  57|0x0000000085900000, 0x0000000085900000, 0x0000000085a00000|  0%| F|  |TAMS 0x0000000085900000, 0x0000000085900000| Untracked 
|  58|0x0000000085a00000, 0x0000000085a00000, 0x0000000085b00000|  0%| F|  |TAMS 0x0000000085a00000, 0x0000000085a00000| Untracked 
|  59|0x0000000085b00000, 0x0000000085b00000, 0x0000000085c00000|  0%| F|  |TAMS 0x0000000085b00000, 0x0000000085b00000| Untracked 
|  60|0x0000000085c00000, 0x0000000085c47a90, 0x0000000085d00000| 27%| E|  |TAMS 0x0000000085c00000, 0x0000000085c00000| Complete 
|  61|0x0000000085d00000, 0x0000000085e00000, 0x0000000085e00000|100%| E|CS|TAMS 0x0000000085d00000, 0x0000000085d00000| Complete 
|  62|0x0000000085e00000, 0x0000000085f00000, 0x0000000085f00000|100%| E|CS|TAMS 0x0000000085e00000, 0x0000000085e00000| Complete 
|  63|0x0000000085f00000, 0x0000000086000000, 0x0000000086000000|100%| E|CS|TAMS 0x0000000085f00000, 0x0000000085f00000| Complete 
|  64|0x0000000086000000, 0x0000000086100000, 0x0000000086100000|100%| E|CS|TAMS 0x0000000086000000, 0x0000000086000000| Complete 
|  65|0x0000000086100000, 0x0000000086200000, 0x0000000086200000|100%| E|CS|TAMS 0x0000000086100000, 0x0000000086100000| Complete 
|  66|0x0000000086200000, 0x0000000086300000, 0x0000000086300000|100%| E|CS|TAMS 0x0000000086200000, 0x0000000086200000| Complete 
|  67|0x0000000086300000, 0x0000000086400000, 0x0000000086400000|100%| E|CS|TAMS 0x0000000086300000, 0x0000000086300000| Complete 
|  68|0x0000000086400000, 0x0000000086500000, 0x0000000086500000|100%| E|CS|TAMS 0x0000000086400000, 0x0000000086400000| Complete 
|  69|0x0000000086500000, 0x0000000086600000, 0x0000000086600000|100%| E|CS|TAMS 0x0000000086500000, 0x0000000086500000| Complete 
|  70|0x0000000086600000, 0x0000000086700000, 0x0000000086700000|100%| E|CS|TAMS 0x0000000086600000, 0x0000000086600000| Complete 
|  71|0x0000000086700000, 0x0000000086800000, 0x0000000086800000|100%| E|CS|TAMS 0x0000000086700000, 0x0000000086700000| Complete 
|  72|0x0000000086800000, 0x0000000086900000, 0x0000000086900000|100%| E|CS|TAMS 0x0000000086800000, 0x0000000086800000| Complete 
|  73|0x0000000086900000, 0x0000000086a00000, 0x0000000086a00000|100%| E|CS|TAMS 0x0000000086900000, 0x0000000086900000| Complete 
|  74|0x0000000086a00000, 0x0000000086b00000, 0x0000000086b00000|100%| E|CS|TAMS 0x0000000086a00000, 0x0000000086a00000| Complete 
|  75|0x0000000086b00000, 0x0000000086c00000, 0x0000000086c00000|100%| E|CS|TAMS 0x0000000086b00000, 0x0000000086b00000| Complete 
|  76|0x0000000086c00000, 0x0000000086d00000, 0x0000000086d00000|100%| E|CS|TAMS 0x0000000086c00000, 0x0000000086c00000| Complete 
|  77|0x0000000086d00000, 0x0000000086e00000, 0x0000000086e00000|100%| E|CS|TAMS 0x0000000086d00000, 0x0000000086d00000| Complete 
|  78|0x0000000086e00000, 0x0000000086f00000, 0x0000000086f00000|100%| E|CS|TAMS 0x0000000086e00000, 0x0000000086e00000| Complete 
|  79|0x0000000086f00000, 0x0000000087000000, 0x0000000087000000|100%| E|CS|TAMS 0x0000000086f00000, 0x0000000086f00000| Complete 
|  80|0x0000000087000000, 0x0000000087100000, 0x0000000087100000|100%| E|CS|TAMS 0x0000000087000000, 0x0000000087000000| Complete 
|  81|0x0000000087100000, 0x0000000087200000, 0x0000000087200000|100%| E|CS|TAMS 0x0000000087100000, 0x0000000087100000| Complete 
|  82|0x0000000087200000, 0x0000000087300000, 0x0000000087300000|100%| E|CS|TAMS 0x0000000087200000, 0x0000000087200000| Complete 
|  83|0x0000000087300000, 0x0000000087400000, 0x0000000087400000|100%| E|CS|TAMS 0x0000000087300000, 0x0000000087300000| Complete 
|  84|0x0000000087400000, 0x0000000087500000, 0x0000000087500000|100%| E|CS|TAMS 0x0000000087400000, 0x0000000087400000| Complete 
|  85|0x0000000087500000, 0x0000000087600000, 0x0000000087600000|100%| E|CS|TAMS 0x0000000087500000, 0x0000000087500000| Complete 
|  86|0x0000000087600000, 0x0000000087700000, 0x0000000087700000|100%| E|CS|TAMS 0x0000000087600000, 0x0000000087600000| Complete 
|  87|0x0000000087700000, 0x0000000087800000, 0x0000000087800000|100%| E|CS|TAMS 0x0000000087700000, 0x0000000087700000| Complete 
|  88|0x0000000087800000, 0x0000000087900000, 0x0000000087900000|100%| E|CS|TAMS 0x0000000087800000, 0x0000000087800000| Complete 
|  89|0x0000000087900000, 0x0000000087a00000, 0x0000000087a00000|100%| E|CS|TAMS 0x0000000087900000, 0x0000000087900000| Complete 
|  90|0x0000000087a00000, 0x0000000087b00000, 0x0000000087b00000|100%| E|CS|TAMS 0x0000000087a00000, 0x0000000087a00000| Complete 
|  91|0x0000000087b00000, 0x0000000087c00000, 0x0000000087c00000|100%| E|CS|TAMS 0x0000000087b00000, 0x0000000087b00000| Complete 
|  92|0x0000000087c00000, 0x0000000087d00000, 0x0000000087d00000|100%| E|CS|TAMS 0x0000000087c00000, 0x0000000087c00000| Complete 
|  93|0x0000000087d00000, 0x0000000087e00000, 0x0000000087e00000|100%| E|CS|TAMS 0x0000000087d00000, 0x0000000087d00000| Complete 
|  94|0x0000000087e00000, 0x0000000087f00000, 0x0000000087f00000|100%| E|CS|TAMS 0x0000000087e00000, 0x0000000087e00000| Complete 
|  95|0x0000000087f00000, 0x0000000088000000, 0x0000000088000000|100%| E|CS|TAMS 0x0000000087f00000, 0x0000000087f00000| Complete 
|  96|0x0000000088000000, 0x0000000088100000, 0x0000000088100000|100%| E|CS|TAMS 0x0000000088000000, 0x0000000088000000| Complete 
|  97|0x0000000088100000, 0x0000000088200000, 0x0000000088200000|100%| E|CS|TAMS 0x0000000088100000, 0x0000000088100000| Complete 
|  98|0x0000000088200000, 0x0000000088300000, 0x0000000088300000|100%| E|CS|TAMS 0x0000000088200000, 0x0000000088200000| Complete 
|  99|0x0000000088300000, 0x0000000088400000, 0x0000000088400000|100%| E|CS|TAMS 0x0000000088300000, 0x0000000088300000| Complete 
| 100|0x0000000088400000, 0x0000000088500000, 0x0000000088500000|100%| E|CS|TAMS 0x0000000088400000, 0x0000000088400000| Complete 
| 101|0x0000000088500000, 0x0000000088600000, 0x0000000088600000|100%| E|CS|TAMS 0x0000000088500000, 0x0000000088500000| Complete 
| 102|0x0000000088600000, 0x0000000088700000, 0x0000000088700000|100%| E|CS|TAMS 0x0000000088600000, 0x0000000088600000| Complete 
| 103|0x0000000088700000, 0x0000000088800000, 0x0000000088800000|100%| E|CS|TAMS 0x0000000088700000, 0x0000000088700000| Complete 
| 104|0x0000000088800000, 0x0000000088900000, 0x0000000088900000|100%| E|CS|TAMS 0x0000000088800000, 0x0000000088800000| Complete 
| 105|0x0000000088900000, 0x0000000088a00000, 0x0000000088a00000|100%| S|CS|TAMS 0x0000000088900000, 0x0000000088900000| Complete 
| 106|0x0000000088a00000, 0x0000000088b00000, 0x0000000088b00000|100%| S|CS|TAMS 0x0000000088a00000, 0x0000000088a00000| Complete 
| 107|0x0000000088b00000, 0x0000000088c00000, 0x0000000088c00000|100%| S|CS|TAMS 0x0000000088b00000, 0x0000000088b00000| Complete 
| 108|0x0000000088c00000, 0x0000000088d00000, 0x0000000088d00000|100%| E|CS|TAMS 0x0000000088c00000, 0x0000000088c00000| Complete 
| 109|0x0000000088d00000, 0x0000000088e00000, 0x0000000088e00000|100%| E|CS|TAMS 0x0000000088d00000, 0x0000000088d00000| Complete 
| 110|0x0000000088e00000, 0x0000000088f00000, 0x0000000088f00000|100%| E|CS|TAMS 0x0000000088e00000, 0x0000000088e00000| Complete 
| 111|0x0000000088f00000, 0x0000000089000000, 0x0000000089000000|100%| E|CS|TAMS 0x0000000088f00000, 0x0000000088f00000| Complete 
| 112|0x0000000089000000, 0x0000000089100000, 0x0000000089100000|100%| E|CS|TAMS 0x0000000089000000, 0x0000000089000000| Complete 
| 113|0x0000000089100000, 0x0000000089200000, 0x0000000089200000|100%| E|CS|TAMS 0x0000000089100000, 0x0000000089100000| Complete 
| 114|0x0000000089200000, 0x0000000089300000, 0x0000000089300000|100%| E|CS|TAMS 0x0000000089200000, 0x0000000089200000| Complete 
| 115|0x0000000089300000, 0x0000000089400000, 0x0000000089400000|100%| E|CS|TAMS 0x0000000089300000, 0x0000000089300000| Complete 
| 116|0x0000000089400000, 0x0000000089500000, 0x0000000089500000|100%| E|CS|TAMS 0x0000000089400000, 0x0000000089400000| Complete 
| 117|0x0000000089500000, 0x0000000089600000, 0x0000000089600000|100%| E|CS|TAMS 0x0000000089500000, 0x0000000089500000| Complete 
| 118|0x0000000089600000, 0x0000000089700000, 0x0000000089700000|100%| E|CS|TAMS 0x0000000089600000, 0x0000000089600000| Complete 
| 119|0x0000000089700000, 0x0000000089800000, 0x0000000089800000|100%| E|CS|TAMS 0x0000000089700000, 0x0000000089700000| Complete 
| 120|0x0000000089800000, 0x0000000089900000, 0x0000000089900000|100%| E|CS|TAMS 0x0000000089800000, 0x0000000089800000| Complete 
| 121|0x0000000089900000, 0x0000000089a00000, 0x0000000089a00000|100%| E|CS|TAMS 0x0000000089900000, 0x0000000089900000| Complete 
| 122|0x0000000089a00000, 0x0000000089b00000, 0x0000000089b00000|100%| E|CS|TAMS 0x0000000089a00000, 0x0000000089a00000| Complete 
| 123|0x0000000089b00000, 0x0000000089c00000, 0x0000000089c00000|100%| E|CS|TAMS 0x0000000089b00000, 0x0000000089b00000| Complete 
| 124|0x0000000089c00000, 0x0000000089d00000, 0x0000000089d00000|100%| E|  |TAMS 0x0000000089c00000, 0x0000000089c00000| Complete 
| 125|0x0000000089d00000, 0x0000000089e00000, 0x0000000089e00000|100%| E|CS|TAMS 0x0000000089d00000, 0x0000000089d00000| Complete 

Card table byte_map: [0x00000233a3d30000,0x00000233a4120000] _byte_map_base: 0x00000233a3920000

Marking Bits (Prev, Next): (CMBitMap*) 0x000002338ac44b10, (CMBitMap*) 0x000002338ac44b50
 Prev Bits: [0x00000233a4510000, 0x00000233a6490000)
 Next Bits: [0x00000233a6490000, 0x00000233a8410000)

Polling page: 0x000002338acb0000

Metaspace:

Usage:
  Non-class:      7.38 MB used.
      Class:    422.20 KB used.
       Both:      7.79 MB used.

Virtual space:
  Non-class space:       64.00 MB reserved,       7.50 MB ( 12%) committed,  1 nodes.
      Class space:        1.00 GB reserved,     576.00 KB ( <1%) committed,  1 nodes.
             Both:        1.06 GB reserved,       8.06 MB ( <1%) committed. 

Chunk freelists:
   Non-Class:  2.98 MB
       Class:  3.50 MB
        Both:  6.48 MB

MaxMetaspaceSize: unlimited
CompressedClassSpaceSize: 1.00 GB
Initial GC threshold: 21.00 MB
Current GC threshold: 21.00 MB
CDS: on
MetaspaceReclaimPolicy: balanced
 - commit_granule_bytes: 65536.
 - commit_granule_words: 8192.
 - virtual_space_node_default_size: 8388608.
 - enlarge_chunks_in_place: 1.
 - new_chunks_are_fully_committed: 0.
 - uncommit_free_chunks: 1.
 - use_allocation_guard: 0.


Internal statistics:

num_allocs_failed_limit: 0.
num_arena_births: 124.
num_arena_deaths: 0.
num_vsnodes_births: 2.
num_vsnodes_deaths: 0.
num_space_committed: 127.
num_space_uncommitted: 0.
num_chunks_returned_to_freelist: 0.
num_chunks_taken_from_freelist: 329.
num_chunk_merges: 0.
num_chunk_splits: 236.
num_chunks_enlarged: 185.
num_inconsistent_stats: 0.

CodeHeap 'non-profiled nmethods': size=120000Kb used=356Kb max_used=356Kb free=119643Kb
 bounds [0x000002339bde0000, 0x000002339c050000, 0x00000233a3310000]
CodeHeap 'profiled nmethods': size=120000Kb used=1849Kb max_used=1849Kb free=118150Kb
 bounds [0x0000023394310000, 0x0000023394580000, 0x000002339b840000]
CodeHeap 'non-nmethods': size=5760Kb used=1922Kb max_used=1949Kb free=3837Kb
 bounds [0x000002339b840000, 0x000002339bab0000, 0x000002339bde0000]
 total_blobs=2420 nmethods=1077 adapters=1254
 compilation: enabled
              stopped_count=0, restarted_count=0
 full_count=0

Compilation events (20 events):
Event: 1.780 Thread 0x0000023436bf7010 nmethod 1070 0x000002339be2ff10 code [0x000002339be30080, 0x000002339be300f8]
Event: 1.780 Thread 0x0000023436bf7010 1071       4       org.lwjgl.assimp.AIVector3D::ny (14 bytes)
Event: 1.781 Thread 0x00000233aaa36e20 nmethod 1067 0x000002339be30210 code [0x000002339be303a0, 0x000002339be305f8]
Event: 1.781 Thread 0x00000233aaa36e20 1069       4       org.lwjgl.assimp.AIVector3D::nx (14 bytes)
Event: 1.781 Thread 0x0000023436bf7010 nmethod 1071 0x000002339be30790 code [0x000002339be30900, 0x000002339be30958]
Event: 1.781 Thread 0x0000023436bf7010 1072       4       org.lwjgl.assimp.AIVector3D::z (8 bytes)
Event: 1.781 Thread 0x00000233aaa36e20 nmethod 1069 0x000002339be30a90 code [0x000002339be30c00, 0x000002339be30c58]
Event: 1.781 Thread 0x0000023436bf7010 nmethod 1072 0x000002339be30d90 code [0x000002339be30f00, 0x000002339be30f78]
Event: 1.781 Thread 0x00000233aaa36e20 1073       4       org.lwjgl.assimp.AIVector3D::nz (14 bytes)
Event: 1.782 Thread 0x00000233aaa36e20 nmethod 1073 0x000002339be31090 code [0x000002339be31200, 0x000002339be31258]
Event: 1.802 Thread 0x00000233aaa396e0 nmethod 1040 0x00000233944ac490 code [0x00000233944ad940, 0x00000233944bab48]
Event: 1.805 Thread 0x00000233aaa36e20 1074       4       jdk.internal.util.ArraysSupport::newLength (27 bytes)
Event: 1.806 Thread 0x00000233aaa36e20 nmethod 1074 0x000002339be31390 code [0x000002339be31500, 0x000002339be31598]
Event: 1.874 Thread 0x00000233aaa396e0 1075 % !   3       core.utils.AssetPool::loadAiScece @ 112 (632 bytes)
Event: 1.884 Thread 0x00000233aaa396e0 nmethod 1075% 0x00000233944bfa10 code [0x00000233944c0580, 0x00000233944cabb8]
Event: 1.884 Thread 0x00000233aaa396e0 1076   !   3       core.utils.AssetPool::loadAiScece (632 bytes)
Event: 1.892 Thread 0x00000233aaa396e0 nmethod 1076 0x00000233944d0110 code [0x00000233944d0c80, 0x00000233944d94f8]
Event: 1.909 Thread 0x00000233aaa36e20 1077 % !   4       core.utils.AssetPool::loadAiScece @ 112 (632 bytes)
Event: 2.050 Thread 0x00000233aaa36e20 nmethod 1077% 0x000002339be31690 code [0x000002339be31b00, 0x000002339be350e0]
Event: 2.050 Thread 0x00000233aaa36e20 1078 % !   4       core.utils.AssetPool::loadAiScece @ 391 (632 bytes)

GC Heap History (4 events):
Event: 1.142 GC heap before
{Heap before GC invocations=0 (full 0):
 garbage-first heap   total 129024K, used 12288K [0x0000000082000000, 0x0000000100000000)
  region size 1024K, 13 young (13312K), 0 survivors (0K)
 Metaspace       used 6388K, committed 6656K, reserved 1114112K
  class space    used 368K, committed 512K, reserved 1048576K
}
Event: 1.148 GC heap after
{Heap after GC invocations=1 (full 0):
 garbage-first heap   total 129024K, used 2980K [0x0000000082000000, 0x0000000100000000)
  region size 1024K, 2 young (2048K), 2 survivors (2048K)
 Metaspace       used 6388K, committed 6656K, reserved 1114112K
  class space    used 368K, committed 512K, reserved 1048576K
}
Event: 1.814 GC heap before
{Heap before GC invocations=1 (full 0):
 garbage-first heap   total 129024K, used 18340K [0x0000000082000000, 0x0000000100000000)
  region size 1024K, 18 young (18432K), 2 survivors (2048K)
 Metaspace       used 7951K, committed 8192K, reserved 1114112K
  class space    used 421K, committed 576K, reserved 1048576K
}
Event: 1.827 GC heap after
{Heap after GC invocations=2 (full 0):
 garbage-first heap   total 129024K, used 8165K [0x0000000082000000, 0x0000000100000000)
  region size 1024K, 3 young (3072K), 3 survivors (3072K)
 Metaspace       used 7951K, committed 8192K, reserved 1114112K
  class space    used 421K, committed 576K, reserved 1048576K
}

Dll operation events (15 events):
Event: 0.014 Loaded shared library C:\Program Files\Java\jdk-19\bin\java.dll
Event: 0.030 Loaded shared library C:\Program Files\Java\jdk-19\bin\jsvml.dll
Event: 0.147 Loaded shared library C:\Program Files\Java\jdk-19\bin\zip.dll
Event: 0.150 Loaded shared library C:\Program Files\Java\jdk-19\bin\instrument.dll
Event: 0.161 Loaded shared library C:\Program Files\Java\jdk-19\bin\net.dll
Event: 0.163 Loaded shared library C:\Program Files\Java\jdk-19\bin\nio.dll
Event: 0.169 Loaded shared library C:\Program Files\Java\jdk-19\bin\zip.dll
Event: 0.215 Loaded shared library D:\IntelliJ IDEA Community Edition 2022.2.2\bin\breakgen64.dll
Event: 0.228 Loaded shared library C:\Program Files\Java\jdk-19\bin\extnet.dll
Event: 0.282 Loaded shared library C:\Program Files\Java\jdk-19\bin\jimage.dll
Event: 0.323 Loaded shared library C:\Users\prais\AppData\Local\Temp\lwjgl_prais\3.3.2+13\x64\lwjgl.dll
Event: 0.515 Loaded shared library C:\Program Files\Java\jdk-19\bin\verify.dll
Event: 0.627 Loaded shared library C:\Users\prais\AppData\Local\Temp\lwjgl_prais\3.3.2+13\x64\lwjgl_stb.dll
Event: 0.691 Loaded shared library C:\Users\prais\AppData\Local\Temp\lwjgl_prais\3.3.2+13\x64\lwjgl_opengl.dll
Event: 0.911 Loaded shared library C:\Users\prais\AppData\Local\Temp\imgui-java-natives_1712417790856\imgui-java64.dll

Deoptimization events (20 events):
Event: 1.126 Thread 0x00000233aaa2ce40 Uncommon trap: trap_request=0xffffff45 fr.pc=0x000002339be1f840 relative=0x0000000000000300
Event: 1.126 Thread 0x00000233aaa2ce40 Uncommon trap: reason=unstable_if action=reinterpret pc=0x000002339be1f840 method=java.util.regex.Pattern$BmpCharPropertyGreedy.match(Ljava/util/regex/Matcher;ILjava/lang/CharSequence;)Z @ 12 c2
Event: 1.126 Thread 0x00000233aaa2ce40 DEOPT PACKING pc=0x000002339be1f840 sp=0x00000039988fe310
Event: 1.126 Thread 0x00000233aaa2ce40 DEOPT UNPACKING pc=0x000002339b8a6da3 sp=0x00000039988fe2a8 mode 2
Event: 1.154 Thread 0x00000233aaa2ce40 Uncommon trap: trap_request=0xffffff45 fr.pc=0x000002339be20d58 relative=0x0000000000000138
Event: 1.154 Thread 0x00000233aaa2ce40 Uncommon trap: reason=unstable_if action=reinterpret pc=0x000002339be20d58 method=java.util.concurrent.locks.ReentrantLock$NonfairSync.initialTryLock()Z @ 10 c2
Event: 1.154 Thread 0x00000233aaa2ce40 DEOPT PACKING pc=0x000002339be20d58 sp=0x00000039988fecc0
Event: 1.154 Thread 0x00000233aaa2ce40 DEOPT UNPACKING pc=0x000002339b8a6da3 sp=0x00000039988fec68 mode 2
Event: 1.154 Thread 0x00000233aaa2ce40 Uncommon trap: trap_request=0xffffff45 fr.pc=0x000002339be23b5c relative=0x00000000000000bc
Event: 1.154 Thread 0x00000233aaa2ce40 Uncommon trap: reason=unstable_if action=reinterpret pc=0x000002339be23b5c method=java.util.concurrent.locks.ReentrantLock$Sync.tryRelease(I)Z @ 26 c2
Event: 1.154 Thread 0x00000233aaa2ce40 DEOPT PACKING pc=0x000002339be23b5c sp=0x00000039988fecc0
Event: 1.154 Thread 0x00000233aaa2ce40 DEOPT UNPACKING pc=0x000002339b8a6da3 sp=0x00000039988fec60 mode 2
Event: 1.333 Thread 0x000002338abe5e60 Uncommon trap: trap_request=0xffffff76 fr.pc=0x000002339be225dc relative=0x00000000000004fc
Event: 1.333 Thread 0x000002338abe5e60 Uncommon trap: reason=predicate action=maybe_recompile pc=0x000002339be225dc method=java.util.regex.Pattern$Start.match(Ljava/util/regex/Matcher;ILjava/lang/CharSequence;)Z @ 34 c2
Event: 1.333 Thread 0x000002338abe5e60 DEOPT PACKING pc=0x000002339be225dc sp=0x0000003997efdee0
Event: 1.333 Thread 0x000002338abe5e60 DEOPT UNPACKING pc=0x000002339b8a6da3 sp=0x0000003997efde30 mode 2
Event: 1.416 Thread 0x000002338abe5e60 DEOPT PACKING pc=0x00000233944979af sp=0x0000003997efdf20
Event: 1.416 Thread 0x000002338abe5e60 DEOPT UNPACKING pc=0x000002339b8a7543 sp=0x0000003997efd340 mode 0
Event: 1.420 Thread 0x000002338abe5e60 DEOPT PACKING pc=0x00000233943e2352 sp=0x0000003997efdef0
Event: 1.420 Thread 0x000002338abe5e60 DEOPT UNPACKING pc=0x000002339b8a7543 sp=0x0000003997efd388 mode 0

Classes loaded (20 events):
Event: 1.130 Loading class java/time/zone/TzdbZoneRulesProvider
Event: 1.130 Loading class java/time/zone/TzdbZoneRulesProvider done
Event: 1.136 Loading class java/time/zone/Ser
Event: 1.136 Loading class java/time/zone/Ser done
Event: 1.136 Loading class java/time/zone/ZoneOffsetTransition
Event: 1.137 Loading class java/time/zone/ZoneOffsetTransition done
Event: 1.138 Loading class java/lang/SecurityException
Event: 1.138 Loading class java/lang/SecurityException done
Event: 1.139 Loading class sun/util/cldr/CLDRBaseLocaleDataMetaInfo$TZCanonicalIDMapHolder
Event: 1.139 Loading class sun/util/cldr/CLDRBaseLocaleDataMetaInfo$TZCanonicalIDMapHolder done
Event: 1.141 Loading class sun/util/resources/TimeZoneNames
Event: 1.142 Loading class sun/util/resources/TimeZoneNames done
Event: 1.149 Loading class java/util/concurrent/locks/AbstractQueuedSynchronizer$ExclusiveNode
Event: 1.149 Loading class sun/util/resources/TimeZoneNames_en
Event: 1.149 Loading class java/util/concurrent/locks/AbstractQueuedSynchronizer$ExclusiveNode done
Event: 1.149 Loading class sun/util/resources/TimeZoneNames_en done
Event: 1.274 Loading class java/lang/Math$RandomNumberGeneratorHolder
Event: 1.274 Loading class java/lang/Math$RandomNumberGeneratorHolder done
Event: 2.064 Loading class java/nio/HeapFloatBuffer
Event: 2.065 Loading class java/nio/HeapFloatBuffer done

Classes unloaded (0 events):
No events

Classes redefined (0 events):
No events

Internal exceptions (20 events):
Event: 0.596 Thread 0x000002338abe5e60 Exception <a 'java/lang/NoSuchMethodError'{0x000000008974bd60}: 'void java.lang.invoke.DirectMethodHandle$Holder.invokeStaticInit(java.lang.Object, long, int, int, int, int)'> (0x000000008974bd60) 
thrown [s\open\src\hotspot\share\interpreter\linkResolver.cpp, line 774]
Event: 0.601 Thread 0x000002338abe5e60 Exception <a 'java/lang/NoSuchMethodError'{0x000000008975bba8}: 'void java.lang.invoke.DirectMethodHandle$Holder.invokeStaticInit(java.lang.Object, long, int, int, int)'> (0x000000008975bba8) 
thrown [s\open\src\hotspot\share\interpreter\linkResolver.cpp, line 774]
Event: 0.605 Thread 0x000002338abe5e60 Exception <a 'java/lang/NoSuchMethodError'{0x000000008976a510}: 'void java.lang.invoke.DirectMethodHandle$Holder.invokeStaticInit(java.lang.Object, long, double, double)'> (0x000000008976a510) 
thrown [s\open\src\hotspot\share\interpreter\linkResolver.cpp, line 774]
Event: 0.613 Thread 0x000002338abe5e60 Exception <a 'java/lang/NoSuchMethodError'{0x0000000089797ea8}: 'void java.lang.System.load(java.lang.String, java.lang.Class)'> (0x0000000089797ea8) 
thrown [s\open\src\hotspot\share\interpreter\linkResolver.cpp, line 774]
Event: 0.614 Thread 0x000002338abe5e60 Exception <a 'java/lang/NoSuchMethodError'{0x000000008979acb8}: 'void java.lang.System.loadLibrary(java.lang.String, java.lang.Class)'> (0x000000008979acb8) 
thrown [s\open\src\hotspot\share\interpreter\linkResolver.cpp, line 774]
Event: 0.625 Thread 0x000002338abe5e60 Exception <a 'sun/nio/fs/WindowsException'{0x00000000897aa6d0}> (0x00000000897aa6d0) 
thrown [s\open\src\hotspot\share\prims\jni.cpp, line 517]
Event: 0.625 Thread 0x000002338abe5e60 Exception <a 'sun/nio/fs/WindowsException'{0x00000000897aaa50}> (0x00000000897aaa50) 
thrown [s\open\src\hotspot\share\prims\jni.cpp, line 517]
Event: 0.637 Thread 0x000002338abe5e60 Exception <a 'java/lang/NoSuchMethodError'{0x00000000897b4838}: 'void java.lang.invoke.DirectMethodHandle$Holder.invokeStatic(java.lang.Object, long)'> (0x00000000897b4838) 
thrown [s\open\src\hotspot\share\interpreter\linkResolver.cpp, line 774]
Event: 0.679 Thread 0x000002338abe5e60 Exception <a 'java/lang/NoSuchMethodError'{0x00000000897d2450}: 'void java.lang.System.load(java.lang.String, java.lang.Class)'> (0x00000000897d2450) 
thrown [s\open\src\hotspot\share\interpreter\linkResolver.cpp, line 774]
Event: 0.680 Thread 0x000002338abe5e60 Exception <a 'java/lang/NoSuchMethodError'{0x00000000897d5258}: 'void java.lang.System.loadLibrary(java.lang.String, java.lang.Class)'> (0x00000000897d5258) 
thrown [s\open\src\hotspot\share\interpreter\linkResolver.cpp, line 774]
Event: 0.689 Thread 0x000002338abe5e60 Exception <a 'sun/nio/fs/WindowsException'{0x00000000897e5090}> (0x00000000897e5090) 
thrown [s\open\src\hotspot\share\prims\jni.cpp, line 517]
Event: 0.689 Thread 0x000002338abe5e60 Exception <a 'sun/nio/fs/WindowsException'{0x00000000897e5438}> (0x00000000897e5438) 
thrown [s\open\src\hotspot\share\prims\jni.cpp, line 517]
Event: 0.698 Thread 0x000002338abe5e60 Exception <a 'sun/nio/fs/WindowsException'{0x00000000897edcc0}> (0x00000000897edcc0) 
thrown [s\open\src\hotspot\share\prims\jni.cpp, line 517]
Event: 0.698 Thread 0x000002338abe5e60 Exception <a 'sun/nio/fs/WindowsException'{0x00000000897edfa0}> (0x00000000897edfa0) 
thrown [s\open\src\hotspot\share\prims\jni.cpp, line 517]
Event: 0.816 Thread 0x000002338abe5e60 Exception <a 'sun/nio/fs/WindowsException'{0x00000000895a0e30}> (0x00000000895a0e30) 
thrown [s\open\src\hotspot\share\prims\jni.cpp, line 517]
Event: 1.152 Thread 0x00000233aaa2ce40 Exception <a 'java/lang/NoSuchMethodError'{0x0000000089d366b8}: 'java.lang.Object java.lang.invoke.Invokers$Holder.invokeExact_MT(java.lang.Object, java.lang.Object, java.lang.Object, java.lang.Object, java.lang.Object, java.lang.Object)'> (0x0000000089d366b8) 
thrown [s\open\src\hotspot\share\interpreter\linkResolver.cpp, line 774]
Event: 1.334 Thread 0x000002338abe5e60 Exception <a 'sun/nio/fs/WindowsException'{0x0000000089bc3498}> (0x0000000089bc3498) 
thrown [s\open\src\hotspot\share\prims\jni.cpp, line 517]
Event: 1.334 Thread 0x000002338abe5e60 Exception <a 'sun/nio/fs/WindowsException'{0x0000000089bc3818}> (0x0000000089bc3818) 
thrown [s\open\src\hotspot\share\prims\jni.cpp, line 517]
Event: 1.408 Thread 0x000002338abe5e60 Exception <a 'sun/nio/fs/WindowsException'{0x0000000089be7a70}> (0x0000000089be7a70) 
thrown [s\open\src\hotspot\share\prims\jni.cpp, line 517]
Event: 1.408 Thread 0x000002338abe5e60 Exception <a 'sun/nio/fs/WindowsException'{0x0000000089be7df0}> (0x0000000089be7df0) 
thrown [s\open\src\hotspot\share\prims\jni.cpp, line 517]

VM Operations (16 events):
Event: 0.126 Executing VM operation: HandshakeAllThreads
Event: 0.126 Executing VM operation: HandshakeAllThreads done
Event: 0.219 Executing VM operation: HandshakeAllThreads
Event: 0.219 Executing VM operation: HandshakeAllThreads done
Event: 0.238 Executing VM operation: HandshakeAllThreads
Event: 0.238 Executing VM operation: HandshakeAllThreads done
Event: 1.096 Executing VM operation: HandshakeAllThreads
Event: 1.097 Executing VM operation: HandshakeAllThreads done
Event: 1.097 Executing VM operation: Cleanup
Event: 1.097 Executing VM operation: Cleanup done
Event: 1.142 Executing VM operation: G1CollectForAllocation
Event: 1.148 Executing VM operation: G1CollectForAllocation done
Event: 1.149 Executing VM operation: HandshakeAllThreads
Event: 1.149 Executing VM operation: HandshakeAllThreads done
Event: 1.814 Executing VM operation: G1CollectForAllocation
Event: 1.828 Executing VM operation: G1CollectForAllocation done

Events (17 events):
Event: 0.030 Thread 0x000002338abe5e60 Thread added: 0x000002338abe5e60
Event: 0.049 Thread 0x00000233aaa260d0 Thread added: 0x00000233aaa260d0
Event: 0.049 Thread 0x00000233aaa26ec0 Thread added: 0x00000233aaa26ec0
Event: 0.050 Thread 0x00000233aaa2c290 Thread added: 0x00000233aaa2c290
Event: 0.050 Thread 0x00000233aaa2ce40 Thread added: 0x00000233aaa2ce40
Event: 0.050 Thread 0x00000233aaa2df10 Thread added: 0x00000233aaa2df10
Event: 0.050 Thread 0x00000233aaa32140 Thread added: 0x00000233aaa32140
Event: 0.050 Thread 0x00000233aaa36e20 Thread added: 0x00000233aaa36e20
Event: 0.050 Thread 0x00000233aaa396e0 Thread added: 0x00000233aaa396e0
Event: 0.051 Thread 0x00000233aaa48f90 Thread added: 0x00000233aaa48f90
Event: 0.113 Thread 0x00000233aaa4aa20 Thread added: 0x00000233aaa4aa20
Event: 0.215 Thread 0x00000233aaa49f80 Thread added: 0x00000233aaa49f80
Event: 0.216 Thread 0x00000233aaa494e0 Thread added: 0x00000233aaa494e0
Event: 1.131 Thread 0x0000023436c12a50 Thread added: 0x0000023436c12a50
Event: 1.762 Thread 0x0000023436c12a50 Thread exited: 0x0000023436c12a50
Event: 1.776 Thread 0x0000023436bf7010 Thread added: 0x0000023436bf7010
Event: 1.884 Thread 0x0000023436bf7010 Thread exited: 0x0000023436bf7010


Dynamic libraries:
0x00007ff6e4820000 - 0x00007ff6e4830000 	C:\Program Files\Java\jdk-19\bin\java.exe
0x00007ff813c90000 - 0x00007ff813e88000 	C:\WINDOWS\SYSTEM32\ntdll.dll
0x00007ff812310000 - 0x00007ff8123cd000 	C:\WINDOWS\System32\KERNEL32.DLL
0x00007ff8114e0000 - 0x00007ff8117d6000 	C:\WINDOWS\System32\KERNELBASE.dll
0x00007ff811340000 - 0x00007ff811440000 	C:\WINDOWS\System32\ucrtbase.dll
0x00007ff8021f0000 - 0x00007ff80220b000 	C:\Program Files\Java\jdk-19\bin\VCRUNTIME140.dll
0x00007ff801200000 - 0x00007ff801218000 	C:\Program Files\Java\jdk-19\bin\jli.dll
0x00007ff811cc0000 - 0x00007ff811d70000 	C:\WINDOWS\System32\ADVAPI32.dll
0x00007ff812270000 - 0x00007ff81230e000 	C:\WINDOWS\System32\msvcrt.dll
0x00007ff811d70000 - 0x00007ff811e10000 	C:\WINDOWS\System32\sechost.dll
0x00007ff812140000 - 0x00007ff812265000 	C:\WINDOWS\System32\RPCRT4.dll
0x00007ff811890000 - 0x00007ff8118b7000 	C:\WINDOWS\System32\bcrypt.dll
0x00007ff8124f0000 - 0x00007ff81268e000 	C:\WINDOWS\System32\USER32.dll
0x00007fffffc40000 - 0x00007fffffeda000 	C:\WINDOWS\WinSxS\amd64_microsoft.windows.common-controls_6595b64144ccf1df_6.0.19041.3636_none_60b6a03d71f818d5\COMCTL32.dll
0x00007ff811440000 - 0x00007ff811462000 	C:\WINDOWS\System32\win32u.dll
0x00007ff813680000 - 0x00007ff8136ab000 	C:\WINDOWS\System32\GDI32.dll
0x00007ff8118c0000 - 0x00007ff8119d7000 	C:\WINDOWS\System32\gdi32full.dll
0x00007ff811ac0000 - 0x00007ff811b5d000 	C:\WINDOWS\System32\msvcp_win.dll
0x00007ffffdf40000 - 0x00007ffffdf4a000 	C:\WINDOWS\SYSTEM32\VERSION.dll
0x00007ff811fc0000 - 0x00007ff811ff2000 	C:\WINDOWS\System32\IMM32.DLL
0x00007ff8084d0000 - 0x00007ff8084dc000 	C:\Program Files\Java\jdk-19\bin\vcruntime140_1.dll
0x00007fffd8450000 - 0x00007fffd84de000 	C:\Program Files\Java\jdk-19\bin\msvcp140.dll
0x00007fffbca60000 - 0x00007fffbd720000 	C:\Program Files\Java\jdk-19\bin\server\jvm.dll
0x00007ff8002f0000 - 0x00007ff800317000 	C:\WINDOWS\SYSTEM32\WINMM.dll
0x00007fffffa20000 - 0x00007fffffa29000 	C:\WINDOWS\SYSTEM32\WSOCK32.dll
0x00007ff8123d0000 - 0x00007ff81243b000 	C:\WINDOWS\System32\WS2_32.dll
0x00007ff80fb20000 - 0x00007ff80fb32000 	C:\WINDOWS\SYSTEM32\kernel.appcore.dll
0x00007ff808180000 - 0x00007ff80818a000 	C:\Program Files\Java\jdk-19\bin\jimage.dll
0x00007ff80f830000 - 0x00007ff80fa14000 	C:\WINDOWS\SYSTEM32\DBGHELP.DLL
0x00007fffefb00000 - 0x00007fffefb34000 	C:\WINDOWS\SYSTEM32\dbgcore.DLL
0x00007ff811a30000 - 0x00007ff811ab2000 	C:\WINDOWS\System32\bcryptPrimitives.dll
0x00007ff80c300000 - 0x00007ff80c30e000 	C:\Program Files\Java\jdk-19\bin\instrument.dll
0x00007ffff3390000 - 0x00007ffff33b6000 	C:\Program Files\Java\jdk-19\bin\java.dll
0x00007fffd8240000 - 0x00007fffd8317000 	C:\Program Files\Java\jdk-19\bin\jsvml.dll
0x00007ff812e60000 - 0x00007ff8135cb000 	C:\WINDOWS\System32\SHELL32.dll
0x00007ff80efc0000 - 0x00007ff80f75e000 	C:\WINDOWS\SYSTEM32\windows.storage.dll
0x00007ff812720000 - 0x00007ff812a73000 	C:\WINDOWS\System32\combase.dll
0x00007ff810c90000 - 0x00007ff810cbe000 	C:\WINDOWS\SYSTEM32\Wldp.dll
0x00007ff812000000 - 0x00007ff8120cd000 	C:\WINDOWS\System32\OLEAUT32.dll
0x00007ff812440000 - 0x00007ff8124ed000 	C:\WINDOWS\System32\SHCORE.dll
0x00007ff812af0000 - 0x00007ff812b45000 	C:\WINDOWS\System32\shlwapi.dll
0x00007ff811270000 - 0x00007ff811295000 	C:\WINDOWS\SYSTEM32\profapi.dll
0x00007fffeffd0000 - 0x00007fffeffe8000 	C:\Program Files\Java\jdk-19\bin\zip.dll
0x00007ffffefa0000 - 0x00007ffffefb3000 	C:\Program Files\Java\jdk-19\bin\net.dll
0x00007ff804830000 - 0x00007ff80493a000 	C:\WINDOWS\SYSTEM32\WINHTTP.dll
0x00007ff810a70000 - 0x00007ff810ada000 	C:\WINDOWS\system32\mswsock.dll
0x00007ffffed60000 - 0x00007ffffed76000 	C:\Program Files\Java\jdk-19\bin\nio.dll
0x00007ff808570000 - 0x00007ff80858a000 	D:\IntelliJ IDEA Community Edition 2022.2.2\bin\breakgen64.dll
0x00007ff801420000 - 0x00007ff801428000 	C:\Program Files\Java\jdk-19\bin\extnet.dll
0x00007fffe2670000 - 0x00007fffe26ea000 	C:\Users\prais\AppData\Local\Temp\lwjgl_prais\3.3.2+13\x64\lwjgl.dll
0x00007fffe25e0000 - 0x00007fffe2662000 	C:\Users\prais\AppData\Local\Temp\lwjgl_prais\3.3.2+13\x64\glfw.dll
0x00007fffeca40000 - 0x00007fffeca85000 	C:\WINDOWS\SYSTEM32\dinput8.dll
0x00007ff808190000 - 0x00007ff8081a1000 	C:\WINDOWS\SYSTEM32\xinput1_4.dll
0x00007ff8119e0000 - 0x00007ff811a2e000 	C:\WINDOWS\System32\cfgmgr32.dll
0x00007ff8110b0000 - 0x00007ff8110e3000 	C:\WINDOWS\SYSTEM32\DEVOBJ.dll
0x00007ff80ec00000 - 0x00007ff80ec2f000 	C:\WINDOWS\SYSTEM32\dwmapi.dll
0x00007ff803330000 - 0x00007ff803482000 	C:\WINDOWS\SYSTEM32\inputhost.dll
0x00007ff80e7b0000 - 0x00007ff80e8a6000 	C:\WINDOWS\SYSTEM32\PROPSYS.dll
0x00007ff80c7d0000 - 0x00007ff80c925000 	C:\WINDOWS\SYSTEM32\wintypes.dll
0x00007ff80db30000 - 0x00007ff80de8b000 	C:\WINDOWS\SYSTEM32\CoreUIComponents.dll
0x00007ff80de90000 - 0x00007ff80df82000 	C:\WINDOWS\SYSTEM32\CoreMessaging.dll
0x00007ff810490000 - 0x00007ff8104c3000 	C:\WINDOWS\SYSTEM32\ntmarta.dll
0x00007ff80e210000 - 0x00007ff80e2ae000 	C:\WINDOWS\system32\uxtheme.dll
0x00007ff812b50000 - 0x00007ff812c65000 	C:\WINDOWS\System32\MSCTF.dll
0x00007fffffbc0000 - 0x00007fffffbd0000 	C:\Program Files\Java\jdk-19\bin\verify.dll
0x00007ffffa710000 - 0x00007ffffa835000 	C:\WINDOWS\SYSTEM32\opengl32.dll
0x00007fffff470000 - 0x00007fffff49c000 	C:\WINDOWS\SYSTEM32\GLU32.dll
0x00007ff8135d0000 - 0x00007ff813679000 	C:\WINDOWS\System32\clbcatq.dll
0x00007fffca040000 - 0x00007fffcad58000 	C:\WINDOWS\SYSTEM32\ig8icd64.dll
0x00007ff805c80000 - 0x00007ff8066bf000 	C:\WINDOWS\SYSTEM32\igdusc64.dll
0x00007ff80fa20000 - 0x00007ff80fa34000 	C:\WINDOWS\SYSTEM32\WTSAPI32.dll
0x00007ff807740000 - 0x00007ff80777b000 	C:\WINDOWS\SYSTEM32\dxcore.dll
0x00007ff8108a0000 - 0x00007ff8108eb000 	C:\WINDOWS\SYSTEM32\powrprof.dll
0x00007ff810710000 - 0x00007ff810722000 	C:\WINDOWS\SYSTEM32\UMPDC.dll
0x00007ff80fb90000 - 0x00007ff80fc83000 	C:\WINDOWS\SYSTEM32\dxgi.dll
0x00007ff80c930000 - 0x00007ff80cb93000 	C:\WINDOWS\SYSTEM32\d3d11.dll
0x00007ff8066e0000 - 0x00007ff80763d000 	C:\WINDOWS\SYSTEM32\igd10iumd64.dll
0x00007ff810d00000 - 0x00007ff810d28000 	C:\WINDOWS\SYSTEM32\ncrypt.dll
0x00007ff80e0d0000 - 0x00007ff80e160000 	C:\WINDOWS\SYSTEM32\apphelp.dll
0x00007ff810cc0000 - 0x00007ff810cfb000 	C:\WINDOWS\SYSTEM32\NTASN1.dll
0x00007fffe2550000 - 0x00007fffe25d2000 	C:\Users\prais\AppData\Local\Temp\lwjgl_prais\3.3.2+13\x64\lwjgl_stb.dll
0x00007ff80ac60000 - 0x00007ff80ad0e000 	C:\WINDOWS\SYSTEM32\mscms.dll
0x00007ff811230000 - 0x00007ff81125e000 	C:\WINDOWS\SYSTEM32\USERENV.dll
0x00007ff80aa50000 - 0x00007ff80aa61000 	C:\WINDOWS\SYSTEM32\ColorAdapterClient.dll
0x00007fffe98d0000 - 0x00007fffe9913000 	C:\WINDOWS\SYSTEM32\icm32.dll
0x00007ff803490000 - 0x00007ff803589000 	C:\WINDOWS\SYSTEM32\textinputframework.dll
0x00007fffe1ee0000 - 0x00007fffe1f3e000 	C:\Users\prais\AppData\Local\Temp\lwjgl_prais\3.3.2+13\x64\lwjgl_opengl.dll
0x00007fffbea10000 - 0x00007fffbf7f7000 	C:\Users\prais\AppData\Local\Temp\imgui-java-natives_1712417790856\imgui-java64.dll
0x00007fffd78a0000 - 0x00007fffd7a14000 	C:\Users\prais\AppData\Local\Temp\lwjgl_prais\3.3.2+13\x64\draco.dll
0x00007fffc9a70000 - 0x00007fffca03f000 	C:\Users\prais\AppData\Local\Temp\lwjgl_prais\3.3.2+13\x64\assimp.dll

dbghelp: loaded successfully - version: 4.0.5 - missing functions: none
symbol engine: initialized successfully - sym options: 0x614 - pdb path: .;C:\Program Files\Java\jdk-19\bin;C:\WINDOWS\SYSTEM32;C:\WINDOWS\WinSxS\amd64_microsoft.windows.common-controls_6595b64144ccf1df_6.0.19041.3636_none_60b6a03d71f818d5;C:\Program Files\Java\jdk-19\bin\server;D:\IntelliJ IDEA Community Edition 2022.2.2\bin;C:\Users\prais\AppData\Local\Temp\lwjgl_prais\3.3.2+13\x64;C:\Users\prais\AppData\Local\Temp\imgui-java-natives_1712417790856

VM Arguments:
jvm_args: -javaagent:D:\IntelliJ IDEA Community Edition 2022.2.2\lib\idea_rt.jar=61973:D:\IntelliJ IDEA Community Edition 2022.2.2\bin -Dfile.encoding=UTF-8 -Dsun.stdout.encoding=UTF-8 -Dsun.stderr.encoding=UTF-8 
java_command: dev_test.Launcher
java_class_path (initial): D:\LEET-CODE\AEGIS Engine V1.0.1\target\classes;C:\Users\prais\.m2\repository\org\lwjgl\lwjgl\3.3.2\lwjgl-3.3.2.jar;C:\Users\prais\.m2\repository\org\lwjgl\lwjgl-assimp\3.3.2\lwjgl-assimp-3.3.2.jar;C:\Users\prais\.m2\repository\org\lwjgl\lwjgl-glfw\3.3.2\lwjgl-glfw-3.3.2.jar;C:\Users\prais\.m2\repository\org\lwjgl\lwjgl-nfd\3.3.2\lwjgl-nfd-3.3.2.jar;C:\Users\prais\.m2\repository\org\lwjgl\lwjgl-openal\3.3.2\lwjgl-openal-3.3.2.jar;C:\Users\prais\.m2\repository\org\lwjgl\lwjgl-opengl\3.3.2\lwjgl-opengl-3.3.2.jar;C:\Users\prais\.m2\repository\org\lwjgl\lwjgl-stb\3.3.2\lwjgl-stb-3.3.2.jar;C:\Users\prais\.m2\repository\org\lwjgl\lwjgl\3.3.2\lwjgl-3.3.2-natives-windows.jar;C:\Users\prais\.m2\repository\org\lwjgl\lwjgl-assimp\3.3.2\lwjgl-assimp-3.3.2-natives-windows.jar;C:\Users\prais\.m2\repository\org\lwjgl\lwjgl-glfw\3.3.2\lwjgl-glfw-3.3.2-natives-windows.jar;C:\Users\prais\.m2\repository\org\lwjgl\lwjgl-nfd\3.3.2\lwjgl-nfd-3.3.2-natives-windows.jar;C:\Users\prais\.m2\repository\org\lwjgl\lwjgl-openal\3.3.2\lwjgl-openal-3.3.2-natives-windows.jar;C:\Users\prais\.m2\repository\org\lwjgl\lwjgl-opengl\3.3.2\lwjgl-opengl-3.3.2-natives-windows.jar;C:\Users\prais\.m2\repository\org\lwjgl\lwjgl-stb\3.3.2\lwjgl-stb-3.3.2-natives-windows.jar;C:\Users\prais\.m2\repository\org\joml\joml\1.10.5\joml-1.10.5.jar;C:\Users\prais\.m2\repository\com\google\code\gson\gson\2.10.1\gson-2.10.1.jar;C:\Users\prais\.m2\repository\io\github\spair\imgui-java-binding\1.86.10\imgui-java-binding-1.86.10.jar;C:\JAVA LIBS\ImGui\imgui-app-1.86.10-all.jar
Launcher Type: SUN_STANDARD

[Global flags]
     intx CICompilerCount                          = 3                                         {product} {ergonomic}
     uint ConcGCThreads                            = 1                                         {product} {ergonomic}
     uint G1ConcRefinementThreads                  = 4                                         {product} {ergonomic}
   size_t G1HeapRegionSize                         = 1048576                                   {product} {ergonomic}
    uintx GCDrainStackTargetSize                   = 64                                        {product} {ergonomic}
   size_t InitialHeapSize                          = 132120576                                 {product} {ergonomic}
   size_t MarkStackSize                            = 4194304                                   {product} {ergonomic}
   size_t MaxHeapSize                              = 2113929216                                {product} {ergonomic}
   size_t MaxNewSize                               = 1267728384                                {product} {ergonomic}
   size_t MinHeapDeltaBytes                        = 1048576                                   {product} {ergonomic}
   size_t MinHeapSize                              = 8388608                                   {product} {ergonomic}
    uintx NonNMethodCodeHeapSize                   = 5832780                                {pd product} {ergonomic}
    uintx NonProfiledCodeHeapSize                  = 122912730                              {pd product} {ergonomic}
    uintx ProfiledCodeHeapSize                     = 122912730                              {pd product} {ergonomic}
    uintx ReservedCodeCacheSize                    = 251658240                              {pd product} {ergonomic}
     bool SegmentedCodeCache                       = true                                      {product} {ergonomic}
   size_t SoftMaxHeapSize                          = 2113929216                             {manageable} {ergonomic}
     bool UseCompressedClassPointers               = true                           {product lp64_product} {ergonomic}
     bool UseCompressedOops                        = true                           {product lp64_product} {ergonomic}
     bool UseG1GC                                  = true                                      {product} {ergonomic}
     bool UseLargePagesIndividualAllocation        = false                                  {pd product} {ergonomic}

Logging:
Log output configuration:
 #0: stdout all=warning uptime,level,tags foldmultilines=false
 #1: stderr all=off uptime,level,tags foldmultilines=false

Environment Variables:
PATH=C:\Program Files\Common Files\Oracle\Java\javapath;C:\Program Files (x86)\Common Files\Oracle\Java\javapath;C:\Python39\Scripts\;C:\Python39\;C:\Program Files (x86)\NVIDIA Corporation\PhysX\Common;C:\WINDOWS\system32;C:\WINDOWS;C:\WINDOWS\System32\Wbem;C:\WINDOWS\System32\WindowsPowerShell\v1.0\;C:\WINDOWS\System32\OpenSSH\;C:\ProgramData\chocolatey\bin;C:\composer;C:\Program Files\Git\cmd;C:\Program Files\dotnet\;C:\apache-maven-3.8.6\bin;C:\gradle-8.4\bin;C:\Program Files\nodejs\;C:\Program Files\MySQL\MySQL Shell 8.0\bin\;C:\Users\prais\AppData\Local\Programs\Python\Python310\Scripts\;C:\Users\prais\AppData\Local\Programs\Python\Python310\;C:\Users\prais\AppData\Local\Microsoft\WindowsApps;C:\Program Files\JetBrains\PyCharm Community Edition 2020.2.3\bin;;C:\xampp\php;C:\Users\prais\AppData\Roaming\Composer\vendor\bin;D:\IntelliJ IDEA 2022.1\bin;;D:\IntelliJ IDEA Community Edition 2022.2.2\bin;;C:\Users\prais\AppData\Roaming\npm;C:\Users\prais\.jdks\corretto-17.0.9\bin;C:\Users\prais\.jdks\corretto-1.8.0_402\bin;
USERNAME=prais
OS=Windows_NT
PROCESSOR_IDENTIFIER=Intel64 Family 6 Model 61 Stepping 4, GenuineIntel
TMP=C:\Users\prais\AppData\Local\Temp
TEMP=C:\Users\prais\AppData\Local\Temp



---------------  S Y S T E M  ---------------

OS:
 Windows 10 , 64 bit Build 19041 (10.0.19041.3636)
OS uptime: 1 days 0:38 hours
Hyper-V role detected

CPU: total 4 (initial active 4) (2 cores per cpu, 2 threads per core) family 6 model 61 stepping 4 microcode 0x2f, cx8, cmov, fxsr, ht, mmx, 3dnowpref, sse, sse2, sse3, ssse3, sse4.1, sse4.2, popcnt, lzcnt, tsc, tscinvbit, avx, avx2, aes, erms, clmul, bmi1, bmi2, rtm, adx, fma, vzeroupper, clflush, hv, rdtscp

Memory: 4k page, system-wide physical 8062M (798M free)
TotalPageFile size 10542M (AvailPageFile size 1543M)
current process WorkingSet (physical memory assigned to process): 211M, peak: 211M
current process commit charge ("private bytes"): 316M, peak: 337M

vm_info: Java HotSpot(TM) 64-Bit Server VM (19+36-2238) for windows-amd64 JRE (19+36-2238), built on 2022-08-12T20:29:01Z by "mach5one" with MS VC++ 17.1 (VS2022)

END.
