#
# A fatal error has been detected by the Java Runtime Environment:
#
#  EXCEPTION_ACCESS_VIOLATION (0xc0000005) at pc=0x00007ffd3f45b86f, pid=8600, tid=9192
#
# JRE version: OpenJDK Runtime Environment Corretto-17.0.9.8.1 (17.0.9+8) (build 17.0.9+8-LTS)
# Java VM: OpenJDK 64-Bit Server VM Corretto-17.0.9.8.1 (17.0.9+8-LTS, mixed mode, sharing, tiered, compressed oops, compressed class ptrs, g1 gc, windows-amd64)
# Problematic frame:
# C  [ig8icd64.dll+0x77b86f]
#
# No core dump will be written. Minidumps are not enabled by default on client versions of Windows
#
# If you would like to submit a bug report, please visit:
#   https://github.com/corretto/corretto-17/issues/
# The crash happened outside the Java Virtual Machine in native code.
# See problematic frame for where to report the bug.
#

---------------  S U M M A R Y ------------

Command Line: -javaagent:D:\IntelliJ IDEA Community Edition 2022.2.2\lib\idea_rt.jar=50898:D:\IntelliJ IDEA Community Edition 2022.2.2\bin -Dfile.encoding=UTF-8 dev_test.Launcher

Host: Intel(R) Core(TM) i7-5600U CPU @ 2.60GHz, 4 cores, 7G,  Windows 10 , 64 bit Build 19041 (10.0.19041.3636)
Time: Wed Mar 27 23:35:42 2024 South Africa Standard Time elapsed time: 6.746777 seconds (0d 0h 0m 6s)

---------------  T H R E A D  ---------------

Current thread (0x0000018ba2a60610):  JavaThread "main" [_thread_in_native, id=9192, stack(0x0000004f54000000,0x0000004f54100000)]

Stack: [0x0000004f54000000,0x0000004f54100000],  sp=0x0000004f540ff020,  free space=1020k
Native frames: (J=compiled Java code, j=interpreted, Vv=VM code, C=native code)
C  [ig8icd64.dll+0x77b86f]

Java frames: (J=compiled Java code, j=interpreted, Vv=VM code)
j  org.lwjgl.opengl.GL20C.glDeleteProgram(I)V+0
j  org.lwjgl.opengl.GL20.glDeleteProgram(I)V+1
j  core.renderer.ShaderProgram.dispose()V+11
j  core.entities.Mesh.dispose()V+43
j  core.entities.Player.dispose()V+4
j  core.engine.Scene.dispose()V+11
j  core.engine.Window.cleanup()V+3
j  core.engine.Window.run()V+90
j  dev_test.Launcher.main([Ljava/lang/String;)V+5
v  ~StubRoutines::call_stub

siginfo: EXCEPTION_ACCESS_VIOLATION (0xc0000005), reading address 0xffffffffffffffff


Registers:
RAX=0x0000000000000000, RBX=0x0000018c8ddfdd48, RCX=0x0000018c8ddfdd48, RDX=0x6c6d6f6a2f67726f
RSP=0x0000004f540ff020, RBP=0x0000000000000001, RSI=0x0000000000000000, RDI=0x0000004f540ff0b0
R8 =0x4c2800420d7d0002, R9 =0x0000018c0861a280, R10=0x0000000000008000, R11=0x0000004f540ff010
R12=0x0000018c8de4b800, R13=0x0000018c0807f800, R14=0x00007ffd3ed106c0, R15=0x0000000000000006
RIP=0x00007ffd3f45b86f, EFLAGS=0x0000000000010202


Register to memory mapping:

RIP=0x00007ffd3f45b86f ig8icd64.dll
RAX=0x0 is NULL
RBX=0x0000018c8ddfdd48 points into unknown readable memory: 0x0000018c0861a280 | 80 a2 61 08 8c 01 00 00
RCX=0x0000018c8ddfdd48 points into unknown readable memory: 0x0000018c0861a280 | 80 a2 61 08 8c 01 00 00
RDX=0x6c6d6f6a2f67726f is an unknown value
RSP=0x0000004f540ff020 is pointing into the stack for thread: 0x0000018ba2a60610
RBP=0x0000000000000001 is an unknown value
RSI=0x0 is NULL
RDI=0x0000004f540ff0b0 is pointing into the stack for thread: 0x0000018ba2a60610
R8 =0x4c2800420d7d0002 is an unknown value
R9 =0x0000018c0861a280 points into unknown readable memory: 0x4c2800420d7d0002 | 02 00 7d 0d 42 00 28 4c
R10=0x0000000000008000 is an unknown value
R11=0x0000004f540ff010 is pointing into the stack for thread: 0x0000018ba2a60610
R12=0x0000018c8de4b800 points into unknown readable memory: 0x0000000000000000 | 00 00 00 00 00 00 00 00
R13=0x0000018c0807f800 points into unknown readable memory: 0x0000018c0804ac40 | 40 ac 04 08 8c 01 00 00
R14=0x00007ffd3ed106c0 ig8icd64.dll
R15=0x0000000000000006 is an unknown value


Top of Stack: (sp=0x0000004f540ff020)
0x0000004f540ff020:   0000018c0807f800 0000018c8de4b800
0x0000004f540ff030:   0000018c0861a6e0 00007ffd7e3747b1
0x0000004f540ff040:   0000004f540ff0b0 00007ffd3f45c410
0x0000004f540ff050:   0000000000000001 0000018c8ddfdd48
0x0000004f540ff060:   0000000000000000 00007ffd7e3747b1
0x0000004f540ff070:   0000018c8ddfdd08 00007ffd3ed1077a
0x0000004f540ff080:   0000000000000001 0000018c8ddfdd08
0x0000004f540ff090:   4c2800420d7d0002 0000018c0861a280
0x0000004f540ff0a0:   0000000000000004 00007ffd3f33db25
0x0000004f540ff0b0:   0000018c0861a6e0 0000018c8ddfdd08
0x0000004f540ff0c0:   00000000000000b8 0000018c0807f800
0x0000004f540ff0d0:   0000018c00000000 00007ffd3ed12cd0
0x0000004f540ff0e0:   0000018c0861a7d0 0000000000000000
0x0000004f540ff0f0:   0000018c8ddfd5b8 0000000000000000
0x0000004f540ff100:   0000018c0869ed30 00007ffd3ed1093e
0x0000004f540ff110:   0000018c8ddfdd08 00000000000000b8
0x0000004f540ff120:   0000018c00000004 00007ffd3ed106c0
0x0000004f540ff130:   fffffffffffffffe 0000000000000000
0x0000004f540ff140:   0000018c0807f800 0000018c8ddfd4b0
0x0000004f540ff150:   0000000000000000 00007ffd3ee55a6f
0x0000004f540ff160:   0000018c8ddfd5b8 0000018c0869ed30
0x0000004f540ff170:   0000018c0869ed30 0000000000000001
0x0000004f540ff180:   fffffffffffffffe 00007ffd3ee5f97d
0x0000004f540ff190:   0000018c8ddfd4b0 00007ffd3ee561c4
0x0000004f540ff1a0:   0000018c8ddfd4b0 0000018c08619650
0x0000004f540ff1b0:   0000000000000001 0000018c081c55c0
0x0000004f540ff1c0:   0000000000000005 00007ffd3ee6c866
0x0000004f540ff1d0:   0000018c0803dc50 0000018c0803dc50
0x0000004f540ff1e0:   0000000000000001 0000000000000005
0x0000004f540ff1f0:   0000018c081c55c0 0000018c8de173f0
0x0000004f540ff200:   0000000000000005 00007ffd3edbfc9f
0x0000004f540ff210:   0000018c0803dc50 0000018c8de17450 

Instructions: (pc=0x00007ffd3f45b86f)
0x00007ffd3f45b76f:   48 8b 03 48 89 02 48 8d 4a 08 48 85 c9 74 06 48
0x00007ffd3f45b77f:   8b 03 48 89 01 48 8d 4a 10 48 85 c9 74 06 48 8b
0x00007ffd3f45b78f:   03 48 89 01 48 8b c2 48 83 c4 30 5b c3 cc cc cc
0x00007ffd3f45b79f:   cc 40 53 48 83 ec 30 48 c7 44 24 20 fe ff ff ff
0x00007ffd3f45b7af:   48 8b d9 b9 48 00 00 00 e8 5c 31 89 ff 48 8b d0
0x00007ffd3f45b7bf:   48 89 44 24 48 48 85 c0 75 06 e8 06 15 ee ff 90
0x00007ffd3f45b7cf:   48 8b 03 48 89 02 48 8d 4a 08 48 85 c9 74 06 48
0x00007ffd3f45b7df:   8b 03 48 89 01 48 8d 4a 10 48 85 c9 74 06 48 8b
0x00007ffd3f45b7ef:   03 48 89 01 48 8b c2 48 83 c4 30 5b c3 cc cc cc
0x00007ffd3f45b7ff:   cc 40 53 48 83 ec 30 48 c7 44 24 20 fe ff ff ff
0x00007ffd3f45b80f:   48 8b d9 b9 50 00 00 00 e8 fc 30 89 ff 48 8b d0
0x00007ffd3f45b81f:   48 89 44 24 48 48 85 c0 75 06 e8 a6 14 ee ff 90
0x00007ffd3f45b82f:   48 8b 03 48 89 02 48 8d 4a 08 48 85 c9 74 06 48
0x00007ffd3f45b83f:   8b 03 48 89 01 48 8d 4a 10 48 85 c9 74 06 48 8b
0x00007ffd3f45b84f:   03 48 89 01 48 8b c2 48 83 c4 30 5b c3 cc cc cc
0x00007ffd3f45b85f:   cc 48 89 5c 24 10 48 89 74 24 18 57 48 83 ec 20
0x00007ffd3f45b86f:   80 7a 19 00 48 8b da 48 8b f1 48 8b fa 75 57 48
0x00007ffd3f45b87f:   89 6c 24 30 33 ed 66 66 66 0f 1f 84 00 00 00 00
0x00007ffd3f45b88f:   00 48 8b 57 10 48 8b ce e8 c4 ff ff ff 48 83 7b
0x00007ffd3f45b89f:   38 10 48 8b 3f 72 09 48 8b 4b 20 e8 05 23 ee ff
0x00007ffd3f45b8af:   48 c7 43 38 0f 00 00 00 48 89 6b 30 48 8b cb 40
0x00007ffd3f45b8bf:   88 6b 20 e8 ed 22 ee ff 48 8b df 40 38 6f 19 74
0x00007ffd3f45b8cf:   c0 48 8b 6c 24 30 48 8b 5c 24 38 48 8b 74 24 40
0x00007ffd3f45b8df:   48 83 c4 20 5f c3 cc cc cc cc cc cc cc cc cc cc
0x00007ffd3f45b8ef:   cc 48 89 5c 24 10 48 89 74 24 18 57 48 83 ec 20
0x00007ffd3f45b8ff:   80 7a 19 00 48 8b da 48 8b f1 48 8b fa 75 47 48
0x00007ffd3f45b90f:   89 6c 24 30 33 ed 66 66 66 0f 1f 84 00 00 00 00
0x00007ffd3f45b91f:   00 48 8b 57 10 48 8b ce e8 c4 ff ff ff 48 8b 3f
0x00007ffd3f45b92f:   48 c7 43 38 0f 00 00 00 48 89 6b 30 48 8b cb 40
0x00007ffd3f45b93f:   88 6b 20 e8 6d 22 ee ff 48 8b df 40 38 6f 19 74
0x00007ffd3f45b94f:   d0 48 8b 6c 24 30 48 8b 5c 24 38 48 8b 74 24 40
0x00007ffd3f45b95f:   48 83 c4 20 5f c3 cc cc cc cc cc cc cc cc cc cc 


Stack slot to memory mapping:
stack at sp + 0 slots: 0x0000018c0807f800 points into unknown readable memory: 0x0000018c0804ac40 | 40 ac 04 08 8c 01 00 00
stack at sp + 1 slots: 0x0000018c8de4b800 points into unknown readable memory: 0x0000000000000000 | 00 00 00 00 00 00 00 00
stack at sp + 2 slots: 0x0000018c0861a6e0 points into unknown readable memory: 0x0000018c0861a6e0 | e0 a6 61 08 8c 01 00 00
stack at sp + 3 slots: 0x00007ffd7e3747b1 ntdll.dll
stack at sp + 4 slots: 0x0000004f540ff0b0 is pointing into the stack for thread: 0x0000018ba2a60610
stack at sp + 5 slots: 0x00007ffd3f45c410 ig8icd64.dll
stack at sp + 6 slots: 0x0000000000000001 is an unknown value
stack at sp + 7 slots: 0x0000018c8ddfdd48 points into unknown readable memory: 0x0000018c0861a280 | 80 a2 61 08 8c 01 00 00


---------------  P R O C E S S  ---------------

Threads class SMR info:
_java_thread_list=0x0000018c0857ae20, length=13, elements={
0x0000018ba2a60610, 0x0000018bc24427b0, 0x0000018bc2443540, 0x0000018bc2452570,
0x0000018bc2453040, 0x0000018bc2455a20, 0x0000018bc245a300, 0x0000018bc2463420,
0x0000018bc246d200, 0x0000018bc24cd6a0, 0x0000018bc266b570, 0x0000018bc266b060,
0x0000018bc266ab50
}

Java Threads: ( => current thread )
=>0x0000018ba2a60610 JavaThread "main" [_thread_in_native, id=9192, stack(0x0000004f54000000,0x0000004f54100000)]
  0x0000018bc24427b0 JavaThread "Reference Handler" daemon [_thread_blocked, id=2632, stack(0x0000004f54800000,0x0000004f54900000)]
  0x0000018bc2443540 JavaThread "Finalizer" daemon [_thread_blocked, id=10448, stack(0x0000004f54900000,0x0000004f54a00000)]
  0x0000018bc2452570 JavaThread "Signal Dispatcher" daemon [_thread_blocked, id=3228, stack(0x0000004f54a00000,0x0000004f54b00000)]
  0x0000018bc2453040 JavaThread "Attach Listener" daemon [_thread_blocked, id=6488, stack(0x0000004f54b00000,0x0000004f54c00000)]
  0x0000018bc2455a20 JavaThread "Service Thread" daemon [_thread_blocked, id=6040, stack(0x0000004f54c00000,0x0000004f54d00000)]
  0x0000018bc245a300 JavaThread "Monitor Deflation Thread" daemon [_thread_blocked, id=12236, stack(0x0000004f54d00000,0x0000004f54e00000)]
  0x0000018bc2463420 JavaThread "C2 CompilerThread0" daemon [_thread_blocked, id=11668, stack(0x0000004f54e00000,0x0000004f54f00000)]
  0x0000018bc246d200 JavaThread "C1 CompilerThread0" daemon [_thread_blocked, id=7336, stack(0x0000004f54f00000,0x0000004f55000000)]
  0x0000018bc24cd6a0 JavaThread "Sweeper thread" daemon [_thread_blocked, id=4304, stack(0x0000004f55000000,0x0000004f55100000)]
  0x0000018bc266b570 JavaThread "Common-Cleaner" daemon [_thread_blocked, id=7592, stack(0x0000004f55100000,0x0000004f55200000)]
  0x0000018bc266b060 JavaThread "Monitor Ctrl-Break" daemon [_thread_in_native, id=2688, stack(0x0000004f55200000,0x0000004f55300000)]
  0x0000018bc266ab50 JavaThread "Notification Thread" daemon [_thread_blocked, id=5892, stack(0x0000004f55300000,0x0000004f55400000)]

Other Threads:
  0x0000018bc243afc0 VMThread "VM Thread" [stack: 0x0000004f54700000,0x0000004f54800000] [id=3512]
  0x0000018ba2a614e0 WatcherThread [stack: 0x0000004f55400000,0x0000004f55500000] [id=6592]
  0x0000018ba2ab9cf0 GCTaskThread "GC Thread#0" [stack: 0x0000004f54200000,0x0000004f54300000] [id=10980]
  0x0000018c086c1650 GCTaskThread "GC Thread#1" [stack: 0x0000004f55c00000,0x0000004f55d00000] [id=2808]
  0x0000018c8dd3a420 GCTaskThread "GC Thread#2" [stack: 0x0000004f55d00000,0x0000004f55e00000] [id=3572]
  0x0000018c8de5c010 GCTaskThread "GC Thread#3" [stack: 0x0000004f55e00000,0x0000004f55f00000] [id=7808]
  0x0000018ba2aca750 ConcurrentGCThread "G1 Main Marker" [stack: 0x0000004f54300000,0x0000004f54400000] [id=10584]
  0x0000018ba2acb080 ConcurrentGCThread "G1 Conc#0" [stack: 0x0000004f54400000,0x0000004f54500000] [id=2600]
  0x0000018ba2b16a50 ConcurrentGCThread "G1 Refine#0" [stack: 0x0000004f54500000,0x0000004f54600000] [id=8688]
  0x0000018ba2b17390 ConcurrentGCThread "G1 Service" [stack: 0x0000004f54600000,0x0000004f54700000] [id=6484]

Threads with active compile tasks:

VM state: not at safepoint (normal execution)

VM Mutex/Monitor currently owned by a thread: None

Heap address: 0x0000000082000000, size: 2016 MB, Compressed Oops mode: 32-bit

CDS archive(s) mapped at: [0x0000018bc3000000-0x0000018bc3ba0000-0x0000018bc3ba0000), size 12189696, SharedBaseAddress: 0x0000018bc3000000, ArchiveRelocationMode: 1.
Compressed class space mapped at: 0x0000018bc4000000-0x0000018c04000000, reserved size: 1073741824
Narrow klass base: 0x0000018bc3000000, Narrow klass shift: 0, Narrow klass range: 0x100000000

GC Precious Log:
 CPUs: 4 total, 4 available
 Memory: 8062M
 Large Page Support: Disabled
 NUMA Support: Disabled
 Compressed Oops: Enabled (32-bit)
 Heap Region Size: 1M
 Heap Min Capacity: 8M
 Heap Initial Capacity: 126M
 Heap Max Capacity: 2016M
 Pre-touch: Disabled
 Parallel Workers: 4
 Concurrent Workers: 1
 Concurrent Refinement Workers: 4
 Periodic GC: Disabled

Heap:
 garbage-first heap   total 129024K, used 6722K [0x0000000082000000, 0x0000000100000000)
  region size 1024K, 7 young (7168K), 2 survivors (2048K)
 Metaspace       used 7152K, committed 7424K, reserved 1114112K
  class space    used 376K, committed 512K, reserved 1048576K

Heap Regions: E=young(eden), S=young(survivor), O=old, HS=humongous(starts), HC=humongous(continues), CS=collection set, F=free, OA=open archive, CA=closed archive, TAMS=top-at-mark-start (previous, next)
|   0|0x0000000082000000, 0x0000000082090a00, 0x0000000082100000| 56%| O|  |TAMS 0x0000000082000000, 0x0000000082000000| Untracked 
|   1|0x0000000082100000, 0x0000000082100000, 0x0000000082200000|  0%| F|  |TAMS 0x0000000082100000, 0x0000000082100000| Untracked 
|   2|0x0000000082200000, 0x0000000082200000, 0x0000000082300000|  0%| F|  |TAMS 0x0000000082200000, 0x0000000082200000| Untracked 
|   3|0x0000000082300000, 0x0000000082300000, 0x0000000082400000|  0%| F|  |TAMS 0x0000000082300000, 0x0000000082300000| Untracked 
|   4|0x0000000082400000, 0x0000000082400000, 0x0000000082500000|  0%| F|  |TAMS 0x0000000082400000, 0x0000000082400000| Untracked 
|   5|0x0000000082500000, 0x0000000082500000, 0x0000000082600000|  0%| F|  |TAMS 0x0000000082500000, 0x0000000082500000| Untracked 
|   6|0x0000000082600000, 0x0000000082600000, 0x0000000082700000|  0%| F|  |TAMS 0x0000000082600000, 0x0000000082600000| Untracked 
|   7|0x0000000082700000, 0x0000000082700000, 0x0000000082800000|  0%| F|  |TAMS 0x0000000082700000, 0x0000000082700000| Untracked 
|   8|0x0000000082800000, 0x0000000082800000, 0x0000000082900000|  0%| F|  |TAMS 0x0000000082800000, 0x0000000082800000| Untracked 
|   9|0x0000000082900000, 0x0000000082900000, 0x0000000082a00000|  0%| F|  |TAMS 0x0000000082900000, 0x0000000082900000| Untracked 
|  10|0x0000000082a00000, 0x0000000082a00000, 0x0000000082b00000|  0%| F|  |TAMS 0x0000000082a00000, 0x0000000082a00000| Untracked 
|  11|0x0000000082b00000, 0x0000000082b00000, 0x0000000082c00000|  0%| F|  |TAMS 0x0000000082b00000, 0x0000000082b00000| Untracked 
|  12|0x0000000082c00000, 0x0000000082c00000, 0x0000000082d00000|  0%| F|  |TAMS 0x0000000082c00000, 0x0000000082c00000| Untracked 
|  13|0x0000000082d00000, 0x0000000082d00000, 0x0000000082e00000|  0%| F|  |TAMS 0x0000000082d00000, 0x0000000082d00000| Untracked 
|  14|0x0000000082e00000, 0x0000000082e00000, 0x0000000082f00000|  0%| F|  |TAMS 0x0000000082e00000, 0x0000000082e00000| Untracked 
|  15|0x0000000082f00000, 0x0000000082f00000, 0x0000000083000000|  0%| F|  |TAMS 0x0000000082f00000, 0x0000000082f00000| Untracked 
|  16|0x0000000083000000, 0x0000000083000000, 0x0000000083100000|  0%| F|  |TAMS 0x0000000083000000, 0x0000000083000000| Untracked 
|  17|0x0000000083100000, 0x0000000083100000, 0x0000000083200000|  0%| F|  |TAMS 0x0000000083100000, 0x0000000083100000| Untracked 
|  18|0x0000000083200000, 0x0000000083200000, 0x0000000083300000|  0%| F|  |TAMS 0x0000000083200000, 0x0000000083200000| Untracked 
|  19|0x0000000083300000, 0x0000000083300000, 0x0000000083400000|  0%| F|  |TAMS 0x0000000083300000, 0x0000000083300000| Untracked 
|  20|0x0000000083400000, 0x0000000083400000, 0x0000000083500000|  0%| F|  |TAMS 0x0000000083400000, 0x0000000083400000| Untracked 
|  21|0x0000000083500000, 0x0000000083500000, 0x0000000083600000|  0%| F|  |TAMS 0x0000000083500000, 0x0000000083500000| Untracked 
|  22|0x0000000083600000, 0x0000000083600000, 0x0000000083700000|  0%| F|  |TAMS 0x0000000083600000, 0x0000000083600000| Untracked 
|  23|0x0000000083700000, 0x0000000083700000, 0x0000000083800000|  0%| F|  |TAMS 0x0000000083700000, 0x0000000083700000| Untracked 
|  24|0x0000000083800000, 0x0000000083800000, 0x0000000083900000|  0%| F|  |TAMS 0x0000000083800000, 0x0000000083800000| Untracked 
|  25|0x0000000083900000, 0x0000000083900000, 0x0000000083a00000|  0%| F|  |TAMS 0x0000000083900000, 0x0000000083900000| Untracked 
|  26|0x0000000083a00000, 0x0000000083a00000, 0x0000000083b00000|  0%| F|  |TAMS 0x0000000083a00000, 0x0000000083a00000| Untracked 
|  27|0x0000000083b00000, 0x0000000083b00000, 0x0000000083c00000|  0%| F|  |TAMS 0x0000000083b00000, 0x0000000083b00000| Untracked 
|  28|0x0000000083c00000, 0x0000000083c00000, 0x0000000083d00000|  0%| F|  |TAMS 0x0000000083c00000, 0x0000000083c00000| Untracked 
|  29|0x0000000083d00000, 0x0000000083d00000, 0x0000000083e00000|  0%| F|  |TAMS 0x0000000083d00000, 0x0000000083d00000| Untracked 
|  30|0x0000000083e00000, 0x0000000083e00000, 0x0000000083f00000|  0%| F|  |TAMS 0x0000000083e00000, 0x0000000083e00000| Untracked 
|  31|0x0000000083f00000, 0x0000000083f00000, 0x0000000084000000|  0%| F|  |TAMS 0x0000000083f00000, 0x0000000083f00000| Untracked 
|  32|0x0000000084000000, 0x0000000084000000, 0x0000000084100000|  0%| F|  |TAMS 0x0000000084000000, 0x0000000084000000| Untracked 
|  33|0x0000000084100000, 0x0000000084100000, 0x0000000084200000|  0%| F|  |TAMS 0x0000000084100000, 0x0000000084100000| Untracked 
|  34|0x0000000084200000, 0x0000000084200000, 0x0000000084300000|  0%| F|  |TAMS 0x0000000084200000, 0x0000000084200000| Untracked 
|  35|0x0000000084300000, 0x0000000084300000, 0x0000000084400000|  0%| F|  |TAMS 0x0000000084300000, 0x0000000084300000| Untracked 
|  36|0x0000000084400000, 0x0000000084400000, 0x0000000084500000|  0%| F|  |TAMS 0x0000000084400000, 0x0000000084400000| Untracked 
|  37|0x0000000084500000, 0x0000000084500000, 0x0000000084600000|  0%| F|  |TAMS 0x0000000084500000, 0x0000000084500000| Untracked 
|  38|0x0000000084600000, 0x0000000084600000, 0x0000000084700000|  0%| F|  |TAMS 0x0000000084600000, 0x0000000084600000| Untracked 
|  39|0x0000000084700000, 0x0000000084700000, 0x0000000084800000|  0%| F|  |TAMS 0x0000000084700000, 0x0000000084700000| Untracked 
|  40|0x0000000084800000, 0x0000000084800000, 0x0000000084900000|  0%| F|  |TAMS 0x0000000084800000, 0x0000000084800000| Untracked 
|  41|0x0000000084900000, 0x0000000084900000, 0x0000000084a00000|  0%| F|  |TAMS 0x0000000084900000, 0x0000000084900000| Untracked 
|  42|0x0000000084a00000, 0x0000000084a00000, 0x0000000084b00000|  0%| F|  |TAMS 0x0000000084a00000, 0x0000000084a00000| Untracked 
|  43|0x0000000084b00000, 0x0000000084b00000, 0x0000000084c00000|  0%| F|  |TAMS 0x0000000084b00000, 0x0000000084b00000| Untracked 
|  44|0x0000000084c00000, 0x0000000084c00000, 0x0000000084d00000|  0%| F|  |TAMS 0x0000000084c00000, 0x0000000084c00000| Untracked 
|  45|0x0000000084d00000, 0x0000000084d00000, 0x0000000084e00000|  0%| F|  |TAMS 0x0000000084d00000, 0x0000000084d00000| Untracked 
|  46|0x0000000084e00000, 0x0000000084e00000, 0x0000000084f00000|  0%| F|  |TAMS 0x0000000084e00000, 0x0000000084e00000| Untracked 
|  47|0x0000000084f00000, 0x0000000084f00000, 0x0000000085000000|  0%| F|  |TAMS 0x0000000084f00000, 0x0000000084f00000| Untracked 
|  48|0x0000000085000000, 0x0000000085000000, 0x0000000085100000|  0%| F|  |TAMS 0x0000000085000000, 0x0000000085000000| Untracked 
|  49|0x0000000085100000, 0x0000000085100000, 0x0000000085200000|  0%| F|  |TAMS 0x0000000085100000, 0x0000000085100000| Untracked 
|  50|0x0000000085200000, 0x0000000085200000, 0x0000000085300000|  0%| F|  |TAMS 0x0000000085200000, 0x0000000085200000| Untracked 
|  51|0x0000000085300000, 0x0000000085300000, 0x0000000085400000|  0%| F|  |TAMS 0x0000000085300000, 0x0000000085300000| Untracked 
|  52|0x0000000085400000, 0x0000000085400000, 0x0000000085500000|  0%| F|  |TAMS 0x0000000085400000, 0x0000000085400000| Untracked 
|  53|0x0000000085500000, 0x0000000085500000, 0x0000000085600000|  0%| F|  |TAMS 0x0000000085500000, 0x0000000085500000| Untracked 
|  54|0x0000000085600000, 0x0000000085600000, 0x0000000085700000|  0%| F|  |TAMS 0x0000000085600000, 0x0000000085600000| Untracked 
|  55|0x0000000085700000, 0x0000000085700000, 0x0000000085800000|  0%| F|  |TAMS 0x0000000085700000, 0x0000000085700000| Untracked 
|  56|0x0000000085800000, 0x0000000085800000, 0x0000000085900000|  0%| F|  |TAMS 0x0000000085800000, 0x0000000085800000| Untracked 
|  57|0x0000000085900000, 0x0000000085900000, 0x0000000085a00000|  0%| F|  |TAMS 0x0000000085900000, 0x0000000085900000| Untracked 
|  58|0x0000000085a00000, 0x0000000085a00000, 0x0000000085b00000|  0%| F|  |TAMS 0x0000000085a00000, 0x0000000085a00000| Untracked 
|  59|0x0000000085b00000, 0x0000000085b00000, 0x0000000085c00000|  0%| F|  |TAMS 0x0000000085b00000, 0x0000000085b00000| Untracked 
|  60|0x0000000085c00000, 0x0000000085c00000, 0x0000000085d00000|  0%| F|  |TAMS 0x0000000085c00000, 0x0000000085c00000| Untracked 
|  61|0x0000000085d00000, 0x0000000085d00000, 0x0000000085e00000|  0%| F|  |TAMS 0x0000000085d00000, 0x0000000085d00000| Untracked 
|  62|0x0000000085e00000, 0x0000000085e00000, 0x0000000085f00000|  0%| F|  |TAMS 0x0000000085e00000, 0x0000000085e00000| Untracked 
|  63|0x0000000085f00000, 0x0000000085f00000, 0x0000000086000000|  0%| F|  |TAMS 0x0000000085f00000, 0x0000000085f00000| Untracked 
|  64|0x0000000086000000, 0x0000000086000000, 0x0000000086100000|  0%| F|  |TAMS 0x0000000086000000, 0x0000000086000000| Untracked 
|  65|0x0000000086100000, 0x0000000086100000, 0x0000000086200000|  0%| F|  |TAMS 0x0000000086100000, 0x0000000086100000| Untracked 
|  66|0x0000000086200000, 0x0000000086200000, 0x0000000086300000|  0%| F|  |TAMS 0x0000000086200000, 0x0000000086200000| Untracked 
|  67|0x0000000086300000, 0x0000000086300000, 0x0000000086400000|  0%| F|  |TAMS 0x0000000086300000, 0x0000000086300000| Untracked 
|  68|0x0000000086400000, 0x0000000086400000, 0x0000000086500000|  0%| F|  |TAMS 0x0000000086400000, 0x0000000086400000| Untracked 
|  69|0x0000000086500000, 0x0000000086500000, 0x0000000086600000|  0%| F|  |TAMS 0x0000000086500000, 0x0000000086500000| Untracked 
|  70|0x0000000086600000, 0x0000000086600000, 0x0000000086700000|  0%| F|  |TAMS 0x0000000086600000, 0x0000000086600000| Untracked 
|  71|0x0000000086700000, 0x0000000086700000, 0x0000000086800000|  0%| F|  |TAMS 0x0000000086700000, 0x0000000086700000| Untracked 
|  72|0x0000000086800000, 0x0000000086800000, 0x0000000086900000|  0%| F|  |TAMS 0x0000000086800000, 0x0000000086800000| Untracked 
|  73|0x0000000086900000, 0x0000000086900000, 0x0000000086a00000|  0%| F|  |TAMS 0x0000000086900000, 0x0000000086900000| Untracked 
|  74|0x0000000086a00000, 0x0000000086a00000, 0x0000000086b00000|  0%| F|  |TAMS 0x0000000086a00000, 0x0000000086a00000| Untracked 
|  75|0x0000000086b00000, 0x0000000086b00000, 0x0000000086c00000|  0%| F|  |TAMS 0x0000000086b00000, 0x0000000086b00000| Untracked 
|  76|0x0000000086c00000, 0x0000000086c00000, 0x0000000086d00000|  0%| F|  |TAMS 0x0000000086c00000, 0x0000000086c00000| Untracked 
|  77|0x0000000086d00000, 0x0000000086d00000, 0x0000000086e00000|  0%| F|  |TAMS 0x0000000086d00000, 0x0000000086d00000| Untracked 
|  78|0x0000000086e00000, 0x0000000086e00000, 0x0000000086f00000|  0%| F|  |TAMS 0x0000000086e00000, 0x0000000086e00000| Untracked 
|  79|0x0000000086f00000, 0x0000000086f00000, 0x0000000087000000|  0%| F|  |TAMS 0x0000000086f00000, 0x0000000086f00000| Untracked 
|  80|0x0000000087000000, 0x0000000087000000, 0x0000000087100000|  0%| F|  |TAMS 0x0000000087000000, 0x0000000087000000| Untracked 
|  81|0x0000000087100000, 0x0000000087100000, 0x0000000087200000|  0%| F|  |TAMS 0x0000000087100000, 0x0000000087100000| Untracked 
|  82|0x0000000087200000, 0x0000000087200000, 0x0000000087300000|  0%| F|  |TAMS 0x0000000087200000, 0x0000000087200000| Untracked 
|  83|0x0000000087300000, 0x0000000087300000, 0x0000000087400000|  0%| F|  |TAMS 0x0000000087300000, 0x0000000087300000| Untracked 
|  84|0x0000000087400000, 0x0000000087400000, 0x0000000087500000|  0%| F|  |TAMS 0x0000000087400000, 0x0000000087400000| Untracked 
|  85|0x0000000087500000, 0x0000000087500000, 0x0000000087600000|  0%| F|  |TAMS 0x0000000087500000, 0x0000000087500000| Untracked 
|  86|0x0000000087600000, 0x0000000087600000, 0x0000000087700000|  0%| F|  |TAMS 0x0000000087600000, 0x0000000087600000| Untracked 
|  87|0x0000000087700000, 0x0000000087700000, 0x0000000087800000|  0%| F|  |TAMS 0x0000000087700000, 0x0000000087700000| Untracked 
|  88|0x0000000087800000, 0x0000000087800000, 0x0000000087900000|  0%| F|  |TAMS 0x0000000087800000, 0x0000000087800000| Untracked 
|  89|0x0000000087900000, 0x0000000087900000, 0x0000000087a00000|  0%| F|  |TAMS 0x0000000087900000, 0x0000000087900000| Untracked 
|  90|0x0000000087a00000, 0x0000000087a00000, 0x0000000087b00000|  0%| F|  |TAMS 0x0000000087a00000, 0x0000000087a00000| Untracked 
|  91|0x0000000087b00000, 0x0000000087b00000, 0x0000000087c00000|  0%| F|  |TAMS 0x0000000087b00000, 0x0000000087b00000| Untracked 
|  92|0x0000000087c00000, 0x0000000087c00000, 0x0000000087d00000|  0%| F|  |TAMS 0x0000000087c00000, 0x0000000087c00000| Untracked 
|  93|0x0000000087d00000, 0x0000000087d00000, 0x0000000087e00000|  0%| F|  |TAMS 0x0000000087d00000, 0x0000000087d00000| Untracked 
|  94|0x0000000087e00000, 0x0000000087e00000, 0x0000000087f00000|  0%| F|  |TAMS 0x0000000087e00000, 0x0000000087e00000| Untracked 
|  95|0x0000000087f00000, 0x0000000087f00000, 0x0000000088000000|  0%| F|  |TAMS 0x0000000087f00000, 0x0000000087f00000| Untracked 
|  96|0x0000000088000000, 0x0000000088000000, 0x0000000088100000|  0%| F|  |TAMS 0x0000000088000000, 0x0000000088000000| Untracked 
|  97|0x0000000088100000, 0x0000000088100000, 0x0000000088200000|  0%| F|  |TAMS 0x0000000088100000, 0x0000000088100000| Untracked 
|  98|0x0000000088200000, 0x0000000088200000, 0x0000000088300000|  0%| F|  |TAMS 0x0000000088200000, 0x0000000088200000| Untracked 
|  99|0x0000000088300000, 0x0000000088300000, 0x0000000088400000|  0%| F|  |TAMS 0x0000000088300000, 0x0000000088300000| Untracked 
| 100|0x0000000088400000, 0x0000000088400000, 0x0000000088500000|  0%| F|  |TAMS 0x0000000088400000, 0x0000000088400000| Untracked 
| 101|0x0000000088500000, 0x0000000088500000, 0x0000000088600000|  0%| F|  |TAMS 0x0000000088500000, 0x0000000088500000| Untracked 
| 102|0x0000000088600000, 0x0000000088600000, 0x0000000088700000|  0%| F|  |TAMS 0x0000000088600000, 0x0000000088600000| Untracked 
| 103|0x0000000088700000, 0x0000000088700000, 0x0000000088800000|  0%| F|  |TAMS 0x0000000088700000, 0x0000000088700000| Untracked 
| 104|0x0000000088800000, 0x0000000088800000, 0x0000000088900000|  0%| F|  |TAMS 0x0000000088800000, 0x0000000088800000| Untracked 
| 105|0x0000000088900000, 0x0000000088900000, 0x0000000088a00000|  0%| F|  |TAMS 0x0000000088900000, 0x0000000088900000| Untracked 
| 106|0x0000000088a00000, 0x0000000088a00000, 0x0000000088b00000|  0%| F|  |TAMS 0x0000000088a00000, 0x0000000088a00000| Untracked 
| 107|0x0000000088b00000, 0x0000000088b00000, 0x0000000088c00000|  0%| F|  |TAMS 0x0000000088b00000, 0x0000000088b00000| Untracked 
| 108|0x0000000088c00000, 0x0000000088c00000, 0x0000000088d00000|  0%| F|  |TAMS 0x0000000088c00000, 0x0000000088c00000| Untracked 
| 109|0x0000000088d00000, 0x0000000088d00000, 0x0000000088e00000|  0%| F|  |TAMS 0x0000000088d00000, 0x0000000088d00000| Untracked 
| 110|0x0000000088e00000, 0x0000000088e00000, 0x0000000088f00000|  0%| F|  |TAMS 0x0000000088e00000, 0x0000000088e00000| Untracked 
| 111|0x0000000088f00000, 0x0000000089000000, 0x0000000089000000|100%| S|CS|TAMS 0x0000000088f00000, 0x0000000088f00000| Complete 
| 112|0x0000000089000000, 0x0000000089100000, 0x0000000089100000|100%| S|CS|TAMS 0x0000000089000000, 0x0000000089000000| Complete 
| 113|0x0000000089100000, 0x0000000089100000, 0x0000000089200000|  0%| F|  |TAMS 0x0000000089100000, 0x0000000089100000| Untracked 
| 114|0x0000000089200000, 0x0000000089200000, 0x0000000089300000|  0%| F|  |TAMS 0x0000000089200000, 0x0000000089200000| Untracked 
| 115|0x0000000089300000, 0x0000000089300000, 0x0000000089400000|  0%| F|  |TAMS 0x0000000089300000, 0x0000000089300000| Untracked 
| 116|0x0000000089400000, 0x0000000089400000, 0x0000000089500000|  0%| F|  |TAMS 0x0000000089400000, 0x0000000089400000| Untracked 
| 117|0x0000000089500000, 0x0000000089500000, 0x0000000089600000|  0%| F|  |TAMS 0x0000000089500000, 0x0000000089500000| Untracked 
| 118|0x0000000089600000, 0x0000000089600000, 0x0000000089700000|  0%| F|  |TAMS 0x0000000089600000, 0x0000000089600000| Untracked 
| 119|0x0000000089700000, 0x0000000089700000, 0x0000000089800000|  0%| F|  |TAMS 0x0000000089700000, 0x0000000089700000| Untracked 
| 120|0x0000000089800000, 0x0000000089800000, 0x0000000089900000|  0%| F|  |TAMS 0x0000000089800000, 0x0000000089800000| Untracked 
| 121|0x0000000089900000, 0x000000008994d3d0, 0x0000000089a00000| 30%| E|  |TAMS 0x0000000089900000, 0x0000000089900000| Complete 
| 122|0x0000000089a00000, 0x0000000089b00000, 0x0000000089b00000|100%| E|CS|TAMS 0x0000000089a00000, 0x0000000089a00000| Complete 
| 123|0x0000000089b00000, 0x0000000089c00000, 0x0000000089c00000|100%| E|CS|TAMS 0x0000000089b00000, 0x0000000089b00000| Complete 
| 124|0x0000000089c00000, 0x0000000089d00000, 0x0000000089d00000|100%| E|CS|TAMS 0x0000000089c00000, 0x0000000089c00000| Complete 
| 125|0x0000000089d00000, 0x0000000089e00000, 0x0000000089e00000|100%| E|CS|TAMS 0x0000000089d00000, 0x0000000089d00000| Complete 

Card table byte_map: [0x0000018bbb750000,0x0000018bbbb40000] _byte_map_base: 0x0000018bbb340000

Marking Bits (Prev, Next): (CMBitMap*) 0x0000018ba2aba220, (CMBitMap*) 0x0000018ba2aba260
 Prev Bits: [0x0000018bbbf30000, 0x0000018bbdeb0000)
 Next Bits: [0x0000018bbdeb0000, 0x0000018bbfe30000)

Polling page: 0x0000018ba28b0000

Metaspace:

Usage:
  Non-class:      6.62 MB used.
      Class:    376.98 KB used.
       Both:      6.99 MB used.

Virtual space:
  Non-class space:       64.00 MB reserved,       6.75 MB ( 11%) committed,  1 nodes.
      Class space:        1.00 GB reserved,     512.00 KB ( <1%) committed,  1 nodes.
             Both:        1.06 GB reserved,       7.25 MB ( <1%) committed. 

Chunk freelists:
   Non-Class:  7.28 MB
       Class:  15.49 MB
        Both:  22.77 MB

MaxMetaspaceSize: unlimited
CompressedClassSpaceSize: 1.00 GB
Initial GC threshold: 21.00 MB
Current GC threshold: 21.00 MB
CDS: on
MetaspaceReclaimPolicy: balanced
 - commit_granule_bytes: 65536.
 - commit_granule_words: 8192.
 - virtual_space_node_default_size: 8388608.
 - enlarge_chunks_in_place: 1.
 - new_chunks_are_fully_committed: 0.
 - uncommit_free_chunks: 1.
 - use_allocation_guard: 0.
 - handle_deallocations: 1.


Internal statistics:

num_allocs_failed_limit: 0.
num_arena_births: 136.
num_arena_deaths: 0.
num_vsnodes_births: 2.
num_vsnodes_deaths: 0.
num_space_committed: 114.
num_space_uncommitted: 0.
num_chunks_returned_to_freelist: 0.
num_chunks_taken_from_freelist: 331.
num_chunk_merges: 0.
num_chunk_splits: 240.
num_chunks_enlarged: 182.
num_inconsistent_stats: 0.

CodeHeap 'non-profiled nmethods': size=120000Kb used=496Kb max_used=496Kb free=119503Kb
 bounds [0x0000018bb3810000, 0x0000018bb3a80000, 0x0000018bbad40000]
CodeHeap 'profiled nmethods': size=120000Kb used=1967Kb max_used=1967Kb free=118032Kb
 bounds [0x0000018babd40000, 0x0000018babfb0000, 0x0000018bb3270000]
CodeHeap 'non-nmethods': size=5760Kb used=1781Kb max_used=1813Kb free=3978Kb
 bounds [0x0000018bb3270000, 0x0000018bb34e0000, 0x0000018bb3810000]
 total_blobs=2544 nmethods=1274 adapters=1183
 compilation: enabled
              stopped_count=0, restarted_count=0
 full_count=0

Compilation events (20 events):
Event: 6.378 Thread 0x0000018bc246d200 nmethod 1265 0x0000018babf28010 code [0x0000018babf281e0, 0x0000018babf284b8]
Event: 6.378 Thread 0x0000018bc246d200 1266       3       jdk.internal.math.FDBigInteger::valueOfMulPow52 (449 bytes)
Event: 6.382 Thread 0x0000018bc246d200 nmethod 1266 0x0000018babf28610 code [0x0000018babf28920, 0x0000018babf29f18]
Event: 6.494 Thread 0x0000018bc2463420 nmethod 1260 0x0000018bb3882a90 code [0x0000018bb3882d60, 0x0000018bb38878b0]
Event: 6.495 Thread 0x0000018bc2463420 1267   !   4       org.lwjgl.system.MemoryUtil::wrap (78 bytes)
Event: 6.501 Thread 0x0000018bc2463420 nmethod 1267 0x0000018bb388a090 code [0x0000018bb388a220, 0x0000018bb388a418]
Event: 6.501 Thread 0x0000018bc2463420 1268       4       jdk.internal.math.FDBigInteger::cmp (147 bytes)
Event: 6.505 Thread 0x0000018bc2463420 nmethod 1268 0x0000018bb388a590 code [0x0000018bb388a720, 0x0000018bb388a8f8]
Event: 6.567 Thread 0x0000018bc2463420 1269       4       java.lang.StringConcatHelper::newString (67 bytes)
Event: 6.569 Thread 0x0000018bc2463420 nmethod 1269 0x0000018bb388ab10 code [0x0000018bb388aca0, 0x0000018bb388ad98]
Event: 6.592 Thread 0x0000018bc2463420 1270       4       jdk.internal.math.FDBigInteger::quoRemIteration (337 bytes)
Event: 6.615 Thread 0x0000018bc2463420 nmethod 1270 0x0000018bb388ae90 code [0x0000018bb388b040, 0x0000018bb388b518]
Event: 6.634 Thread 0x0000018bc246d200 1271       3       java.text.DigitList::parseInt (87 bytes)
Event: 6.635 Thread 0x0000018bc246d200 nmethod 1271 0x0000018babf2a610 code [0x0000018babf2a7c0, 0x0000018babf2ab18]
Event: 6.667 Thread 0x0000018bc2463420 1272       4       jdk.internal.math.FDBigInteger::multBy10 (178 bytes)
Event: 6.670 Thread 0x0000018bc246d200 1273       3       java.util.ArrayList::fastRemove (44 bytes)
Event: 6.671 Thread 0x0000018bc246d200 nmethod 1273 0x0000018babf2ac90 code [0x0000018babf2ae40, 0x0000018babf2b248]
Event: 6.686 Thread 0x0000018bc2463420 nmethod 1272 0x0000018bb388ba90 code [0x0000018bb388bc40, 0x0000018bb388c0e8]
Event: 6.688 Thread 0x0000018bc246d200 1274       3       java.util.ArrayList::remove (76 bytes)
Event: 6.689 Thread 0x0000018bc246d200 nmethod 1274 0x0000018babf2b390 code [0x0000018babf2b580, 0x0000018babf2ba78]

GC Heap History (2 events):
Event: 1.190 GC heap before
{Heap before GC invocations=0 (full 0):
 garbage-first heap   total 129024K, used 12288K [0x0000000082000000, 0x0000000100000000)
  region size 1024K, 13 young (13312K), 0 survivors (0K)
 Metaspace       used 6369K, committed 6592K, reserved 1114112K
  class space    used 336K, committed 448K, reserved 1048576K
}
Event: 1.198 GC heap after
{Heap after GC invocations=1 (full 0):
 garbage-first heap   total 129024K, used 2626K [0x0000000082000000, 0x0000000100000000)
  region size 1024K, 2 young (2048K), 2 survivors (2048K)
 Metaspace       used 6369K, committed 6592K, reserved 1114112K
  class space    used 336K, committed 448K, reserved 1048576K
}

Dll operation events (14 events):
Event: 0.023 Loaded shared library C:\Users\prais\.jdks\corretto-17.0.9\bin\java.dll
Event: 0.054 Loaded shared library C:\Users\prais\.jdks\corretto-17.0.9\bin\jsvml.dll
Event: 0.182 Loaded shared library C:\Users\prais\.jdks\corretto-17.0.9\bin\zip.dll
Event: 0.186 Loaded shared library C:\Users\prais\.jdks\corretto-17.0.9\bin\instrument.dll
Event: 0.194 Loaded shared library C:\Users\prais\.jdks\corretto-17.0.9\bin\net.dll
Event: 0.198 Loaded shared library C:\Users\prais\.jdks\corretto-17.0.9\bin\nio.dll
Event: 0.205 Loaded shared library C:\Users\prais\.jdks\corretto-17.0.9\bin\zip.dll
Event: 0.246 Loaded shared library D:\IntelliJ IDEA Community Edition 2022.2.2\bin\breakgen64.dll
Event: 0.319 Loaded shared library C:\Users\prais\.jdks\corretto-17.0.9\bin\jimage.dll
Event: 0.345 Loaded shared library C:\Users\prais\AppData\Local\Temp\lwjglprais\3.3.1-1.86.10\lwjgl.dll
Event: 0.520 Loaded shared library C:\Users\prais\AppData\Local\Temp\lwjglprais\3.3.1-1.86.10\lwjgl_stb.dll
Event: 0.577 Loaded shared library C:\Users\prais\AppData\Local\Temp\lwjglprais\3.3.1-1.86.10\lwjgl_opengl.dll
Event: 0.679 Loaded shared library C:\Users\prais\.jdks\corretto-17.0.9\bin\verify.dll
Event: 0.911 Loaded shared library C:\Users\prais\AppData\Local\Temp\imgui-java-natives_1711575336351\imgui-java64.dll

Deoptimization events (20 events):
Event: 5.685 Thread 0x0000018ba2a60610 DEOPT PACKING pc=0x0000018bb386849c sp=0x0000004f540ff530
Event: 5.685 Thread 0x0000018ba2a60610 DEOPT UNPACKING pc=0x0000018bb32c69a3 sp=0x0000004f540ff510 mode 2
Event: 5.717 Thread 0x0000018ba2a60610 DEOPT PACKING pc=0x0000018babf246b5 sp=0x0000004f540ff4d0
Event: 5.717 Thread 0x0000018ba2a60610 DEOPT UNPACKING pc=0x0000018bb32c7143 sp=0x0000004f540fea08 mode 0
Event: 5.749 Thread 0x0000018ba2a60610 DEOPT PACKING pc=0x0000018babf246b5 sp=0x0000004f540ff4d0
Event: 5.749 Thread 0x0000018ba2a60610 DEOPT UNPACKING pc=0x0000018bb32c7143 sp=0x0000004f540fea08 mode 0
Event: 5.780 Thread 0x0000018ba2a60610 DEOPT PACKING pc=0x0000018babf246b5 sp=0x0000004f540ff4d0
Event: 5.780 Thread 0x0000018ba2a60610 DEOPT UNPACKING pc=0x0000018bb32c7143 sp=0x0000004f540fea08 mode 0
Event: 5.811 Thread 0x0000018ba2a60610 DEOPT PACKING pc=0x0000018babf246b5 sp=0x0000004f540ff4d0
Event: 5.811 Thread 0x0000018ba2a60610 DEOPT UNPACKING pc=0x0000018bb32c7143 sp=0x0000004f540fea08 mode 0
Event: 5.844 Thread 0x0000018ba2a60610 DEOPT PACKING pc=0x0000018babf246b5 sp=0x0000004f540ff4d0
Event: 5.844 Thread 0x0000018ba2a60610 DEOPT UNPACKING pc=0x0000018bb32c7143 sp=0x0000004f540fea08 mode 0
Event: 5.881 Thread 0x0000018ba2a60610 DEOPT PACKING pc=0x0000018babf246b5 sp=0x0000004f540ff4d0
Event: 5.881 Thread 0x0000018ba2a60610 DEOPT UNPACKING pc=0x0000018bb32c7143 sp=0x0000004f540fea08 mode 0
Event: 5.914 Thread 0x0000018ba2a60610 DEOPT PACKING pc=0x0000018babf246b5 sp=0x0000004f540ff4d0
Event: 5.914 Thread 0x0000018ba2a60610 DEOPT UNPACKING pc=0x0000018bb32c7143 sp=0x0000004f540fea08 mode 0
Event: 6.715 Thread 0x0000018ba2a60610 Uncommon trap: trap_request=0xffffff45 fr.pc=0x0000018bb388a870 relative=0x0000000000000150
Event: 6.715 Thread 0x0000018ba2a60610 Uncommon trap: reason=unstable_if action=reinterpret pc=0x0000018bb388a870 method=jdk.internal.math.FDBigInteger.cmp(Ljdk/internal/math/FDBigInteger;)I @ 29 c2
Event: 6.715 Thread 0x0000018ba2a60610 DEOPT PACKING pc=0x0000018bb388a870 sp=0x0000004f540fecb0
Event: 6.715 Thread 0x0000018ba2a60610 DEOPT UNPACKING pc=0x0000018bb32c69a3 sp=0x0000004f540fec18 mode 2

Classes unloaded (0 events):
No events

Classes redefined (0 events):
No events

Internal exceptions (20 events):
Event: 0.343 Thread 0x0000018ba2a60610 Exception <a 'sun/nio/fs/WindowsException'{0x0000000089940db8}> (0x0000000089940db8) 
thrown [s\src\hotspot\share\prims\jni.cpp, line 516]
Event: 0.356 Thread 0x0000018ba2a60610 Exception <a 'java/lang/NoSuchMethodError'{0x0000000089968690}: 'int java.lang.invoke.DirectMethodHandle$Holder.invokeStaticInit(java.lang.Object, java.lang.Object, int, long)'> (0x0000000089968690) 
thrown [s\src\hotspot\share\interpreter\linkResolver.cpp, line 759]
Event: 0.357 Thread 0x0000018ba2a60610 Exception <a 'java/lang/NoSuchMethodError'{0x000000008996df58}: 'java.lang.Object java.lang.invoke.DirectMethodHandle$Holder.newInvokeSpecial(java.lang.Object, java.lang.Object, int)'> (0x000000008996df58) 
thrown [s\src\hotspot\share\interpreter\linkResolver.cpp, line 759]
Event: 0.360 Thread 0x0000018ba2a60610 Exception <a 'java/lang/NoSuchMethodError'{0x000000008997c798}: 'int java.lang.invoke.DirectMethodHandle$Holder.invokeStaticInit(java.lang.Object, java.lang.Object, long, long)'> (0x000000008997c798) 
thrown [s\src\hotspot\share\interpreter\linkResolver.cpp, line 759]
Event: 0.362 Thread 0x0000018ba2a60610 Exception <a 'java/lang/NoSuchMethodError'{0x00000000899828a8}: 'java.lang.Object java.lang.invoke.DirectMethodHandle$Holder.newInvokeSpecial(java.lang.Object, java.lang.Object, long)'> (0x00000000899828a8) 
thrown [s\src\hotspot\share\interpreter\linkResolver.cpp, line 759]
Event: 0.364 Thread 0x0000018ba2a60610 Exception <a 'java/lang/NoSuchMethodError'{0x0000000089986b80}: 'java.lang.Object java.lang.invoke.Invokers$Holder.linkToTargetMethod(java.lang.Object, long, java.lang.Object)'> (0x0000000089986b80) 
thrown [s\src\hotspot\share\interpreter\linkResolver.cpp, line 759]
Event: 0.365 Thread 0x0000018ba2a60610 Exception <a 'java/lang/NoSuchMethodError'{0x000000008998e298}: 'int java.lang.invoke.DirectMethodHandle$Holder.invokeStaticInit(java.lang.Object, java.lang.Object, java.lang.Object, long)'> (0x000000008998e298) 
thrown [s\src\hotspot\share\interpreter\linkResolver.cpp, line 759]
Event: 0.395 Thread 0x0000018ba2a60610 Exception <a 'sun/nio/fs/WindowsException'{0x000000008981dbb8}> (0x000000008981dbb8) 
thrown [s\src\hotspot\share\prims\jni.cpp, line 516]
Event: 0.395 Thread 0x0000018ba2a60610 Exception <a 'sun/nio/fs/WindowsException'{0x000000008981df18}> (0x000000008981df18) 
thrown [s\src\hotspot\share\prims\jni.cpp, line 516]
Event: 0.488 Thread 0x0000018ba2a60610 Exception <a 'java/lang/NoSuchMethodError'{0x0000000089871288}: 'void java.lang.invoke.DirectMethodHandle$Holder.invokeStaticInit(java.lang.Object, long, int, int, int, int)'> (0x0000000089871288) 
thrown [s\src\hotspot\share\interpreter\linkResolver.cpp, line 759]
Event: 0.493 Thread 0x0000018ba2a60610 Exception <a 'java/lang/NoSuchMethodError'{0x0000000089881270}: 'void java.lang.invoke.DirectMethodHandle$Holder.invokeStaticInit(java.lang.Object, long, int, int, int)'> (0x0000000089881270) 
thrown [s\src\hotspot\share\interpreter\linkResolver.cpp, line 759]
Event: 0.497 Thread 0x0000018ba2a60610 Exception <a 'java/lang/NoSuchMethodError'{0x000000008988f8c8}: 'void java.lang.invoke.DirectMethodHandle$Holder.invokeStaticInit(java.lang.Object, long, double, double)'> (0x000000008988f8c8) 
thrown [s\src\hotspot\share\interpreter\linkResolver.cpp, line 759]
Event: 0.518 Thread 0x0000018ba2a60610 Exception <a 'sun/nio/fs/WindowsException'{0x00000000898db3c0}> (0x00000000898db3c0) 
thrown [s\src\hotspot\share\prims\jni.cpp, line 516]
Event: 0.518 Thread 0x0000018ba2a60610 Exception <a 'sun/nio/fs/WindowsException'{0x00000000898db740}> (0x00000000898db740) 
thrown [s\src\hotspot\share\prims\jni.cpp, line 516]
Event: 0.525 Thread 0x0000018ba2a60610 Exception <a 'java/lang/NoSuchMethodError'{0x00000000898e1f70}: 'void java.lang.invoke.DirectMethodHandle$Holder.invokeStatic(java.lang.Object, long)'> (0x00000000898e1f70) 
thrown [s\src\hotspot\share\interpreter\linkResolver.cpp, line 759]
Event: 0.575 Thread 0x0000018ba2a60610 Exception <a 'sun/nio/fs/WindowsException'{0x000000008970a3b8}> (0x000000008970a3b8) 
thrown [s\src\hotspot\share\prims\jni.cpp, line 516]
Event: 0.575 Thread 0x0000018ba2a60610 Exception <a 'sun/nio/fs/WindowsException'{0x000000008970a760}> (0x000000008970a760) 
thrown [s\src\hotspot\share\prims\jni.cpp, line 516]
Event: 0.581 Thread 0x0000018ba2a60610 Exception <a 'sun/nio/fs/WindowsException'{0x0000000089710c38}> (0x0000000089710c38) 
thrown [s\src\hotspot\share\prims\jni.cpp, line 516]
Event: 0.582 Thread 0x0000018ba2a60610 Exception <a 'sun/nio/fs/WindowsException'{0x0000000089710f18}> (0x0000000089710f18) 
thrown [s\src\hotspot\share\prims\jni.cpp, line 516]
Event: 0.774 Thread 0x0000018ba2a60610 Exception <a 'sun/nio/fs/WindowsException'{0x00000000895c2140}> (0x00000000895c2140) 
thrown [s\src\hotspot\share\prims\jni.cpp, line 516]

VM Operations (14 events):
Event: 0.157 Executing VM operation: HandshakeAllThreads
Event: 0.157 Executing VM operation: HandshakeAllThreads done
Event: 0.253 Executing VM operation: HandshakeAllThreads
Event: 0.254 Executing VM operation: HandshakeAllThreads done
Event: 1.190 Executing VM operation: G1CollectForAllocation
Event: 1.198 Executing VM operation: G1CollectForAllocation done
Event: 2.210 Executing VM operation: Cleanup
Event: 2.211 Executing VM operation: Cleanup done
Event: 3.215 Executing VM operation: Cleanup
Event: 3.215 Executing VM operation: Cleanup done
Event: 5.227 Executing VM operation: Cleanup
Event: 5.228 Executing VM operation: Cleanup done
Event: 6.235 Executing VM operation: Cleanup
Event: 6.235 Executing VM operation: Cleanup done

Events (20 events):
Event: 1.188 loading class java/time/zone/ZoneRulesProvider$1
Event: 1.188 loading class java/time/zone/ZoneRulesProvider$1 done
Event: 1.188 loading class java/time/zone/TzdbZoneRulesProvider
Event: 1.189 loading class java/time/zone/TzdbZoneRulesProvider done
Event: 1.201 loading class java/time/zone/Ser
Event: 1.201 loading class java/time/zone/Ser done
Event: 1.201 loading class java/time/zone/ZoneOffsetTransition
Event: 1.201 loading class java/time/zone/ZoneOffsetTransition done
Event: 1.203 loading class sun/util/cldr/CLDRBaseLocaleDataMetaInfo$TZCanonicalIDMapHolder
Event: 1.204 loading class sun/util/cldr/CLDRBaseLocaleDataMetaInfo$TZCanonicalIDMapHolder done
Event: 1.205 loading class sun/util/resources/TimeZoneNames
Event: 1.206 loading class sun/util/resources/TimeZoneNames done
Event: 1.207 loading class sun/util/resources/TimeZoneNames_en
Event: 1.207 loading class sun/util/resources/TimeZoneNames_en done
Event: 1.342 loading class jdk/internal/math/FDBigInteger
Event: 1.342 loading class jdk/internal/math/FDBigInteger done
Event: 1.349 loading class java/lang/NumberFormatException
Event: 1.349 loading class java/lang/NumberFormatException done
Event: 1.350 loading class java/text/DigitList$1
Event: 1.350 loading class java/text/DigitList$1 done


Dynamic libraries:
0x00007ff630f60000 - 0x00007ff630f6e000 	C:\Users\prais\.jdks\corretto-17.0.9\bin\java.exe
0x00007ffd7e350000 - 0x00007ffd7e548000 	C:\WINDOWS\SYSTEM32\ntdll.dll
0x00007ffd7d220000 - 0x00007ffd7d2dd000 	C:\WINDOWS\System32\KERNEL32.DLL
0x00007ffd7bf10000 - 0x00007ffd7c206000 	C:\WINDOWS\System32\KERNELBASE.dll
0x00007ffd7ba00000 - 0x00007ffd7bb00000 	C:\WINDOWS\System32\ucrtbase.dll
0x00007ffd767f0000 - 0x00007ffd76807000 	C:\Users\prais\.jdks\corretto-17.0.9\bin\jli.dll
0x00007ffd767d0000 - 0x00007ffd767eb000 	C:\Users\prais\.jdks\corretto-17.0.9\bin\VCRUNTIME140.dll
0x00007ffd7cc40000 - 0x00007ffd7cdde000 	C:\WINDOWS\System32\USER32.dll
0x00007ffd7bee0000 - 0x00007ffd7bf02000 	C:\WINDOWS\System32\win32u.dll
0x00007ffd7db00000 - 0x00007ffd7db2b000 	C:\WINDOWS\System32\GDI32.dll
0x00007ffd7c210000 - 0x00007ffd7c327000 	C:\WINDOWS\System32\gdi32full.dll
0x00007ffd7be40000 - 0x00007ffd7bedd000 	C:\WINDOWS\System32\msvcp_win.dll
0x00007ffd650d0000 - 0x00007ffd6536a000 	C:\WINDOWS\WinSxS\amd64_microsoft.windows.common-controls_6595b64144ccf1df_6.0.19041.3636_none_60b6a03d71f818d5\COMCTL32.dll
0x00007ffd7c380000 - 0x00007ffd7c41e000 	C:\WINDOWS\System32\msvcrt.dll
0x00007ffd7c480000 - 0x00007ffd7c4b2000 	C:\WINDOWS\System32\IMM32.DLL
0x00007ffd767c0000 - 0x00007ffd767cc000 	C:\Users\prais\.jdks\corretto-17.0.9\bin\vcruntime140_1.dll
0x00007ffd76730000 - 0x00007ffd767bd000 	C:\Users\prais\.jdks\corretto-17.0.9\bin\msvcp140.dll
0x00007ffd40480000 - 0x00007ffd410e1000 	C:\Users\prais\.jdks\corretto-17.0.9\bin\server\jvm.dll
0x00007ffd7cde0000 - 0x00007ffd7ce90000 	C:\WINDOWS\System32\ADVAPI32.dll
0x00007ffd7da60000 - 0x00007ffd7db00000 	C:\WINDOWS\System32\sechost.dll
0x00007ffd7d930000 - 0x00007ffd7da55000 	C:\WINDOWS\System32\RPCRT4.dll
0x00007ffd7bb00000 - 0x00007ffd7bb27000 	C:\WINDOWS\System32\bcrypt.dll
0x00007ffd62130000 - 0x00007ffd62139000 	C:\WINDOWS\SYSTEM32\WSOCK32.dll
0x00007ffd7af60000 - 0x00007ffd7afab000 	C:\WINDOWS\SYSTEM32\POWRPROF.dll
0x00007ffd7c4e0000 - 0x00007ffd7c54b000 	C:\WINDOWS\System32\WS2_32.dll
0x00007ffd66d20000 - 0x00007ffd66d47000 	C:\WINDOWS\SYSTEM32\WINMM.dll
0x00007ffd6e320000 - 0x00007ffd6e32a000 	C:\WINDOWS\SYSTEM32\VERSION.dll
0x00007ffd7add0000 - 0x00007ffd7ade2000 	C:\WINDOWS\SYSTEM32\UMPDC.dll
0x00007ffd7a1e0000 - 0x00007ffd7a1f2000 	C:\WINDOWS\SYSTEM32\kernel.appcore.dll
0x00007ffd76720000 - 0x00007ffd7672a000 	C:\Users\prais\.jdks\corretto-17.0.9\bin\jimage.dll
0x00007ffd79ef0000 - 0x00007ffd7a0d4000 	C:\WINDOWS\SYSTEM32\DBGHELP.DLL
0x00007ffd6bc70000 - 0x00007ffd6bca4000 	C:\WINDOWS\SYSTEM32\dbgcore.DLL
0x00007ffd7bc50000 - 0x00007ffd7bcd2000 	C:\WINDOWS\System32\bcryptPrimitives.dll
0x00007ffd76710000 - 0x00007ffd7671e000 	C:\Users\prais\.jdks\corretto-17.0.9\bin\instrument.dll
0x00007ffd766e0000 - 0x00007ffd76705000 	C:\Users\prais\.jdks\corretto-17.0.9\bin\java.dll
0x00007ffd74490000 - 0x00007ffd74567000 	C:\Users\prais\.jdks\corretto-17.0.9\bin\jsvml.dll
0x00007ffd7dba0000 - 0x00007ffd7e30b000 	C:\WINDOWS\System32\SHELL32.dll
0x00007ffd79740000 - 0x00007ffd79ede000 	C:\WINDOWS\SYSTEM32\windows.storage.dll
0x00007ffd7d3b0000 - 0x00007ffd7d703000 	C:\WINDOWS\System32\combase.dll
0x00007ffd7b350000 - 0x00007ffd7b37e000 	C:\WINDOWS\SYSTEM32\Wldp.dll
0x00007ffd7d2e0000 - 0x00007ffd7d3ad000 	C:\WINDOWS\System32\OLEAUT32.dll
0x00007ffd7c550000 - 0x00007ffd7c5fd000 	C:\WINDOWS\System32\SHCORE.dll
0x00007ffd7d710000 - 0x00007ffd7d765000 	C:\WINDOWS\System32\shlwapi.dll
0x00007ffd7b930000 - 0x00007ffd7b955000 	C:\WINDOWS\SYSTEM32\profapi.dll
0x00007ffd74f10000 - 0x00007ffd74f28000 	C:\Users\prais\.jdks\corretto-17.0.9\bin\zip.dll
0x00007ffd74c60000 - 0x00007ffd74c79000 	C:\Users\prais\.jdks\corretto-17.0.9\bin\net.dll
0x00007ffd6ef50000 - 0x00007ffd6f05a000 	C:\WINDOWS\SYSTEM32\WINHTTP.dll
0x00007ffd7b130000 - 0x00007ffd7b19a000 	C:\WINDOWS\system32\mswsock.dll
0x00007ffd74c40000 - 0x00007ffd74c56000 	C:\Users\prais\.jdks\corretto-17.0.9\bin\nio.dll
0x00007ffd74c20000 - 0x00007ffd74c3a000 	D:\IntelliJ IDEA Community Edition 2022.2.2\bin\breakgen64.dll
0x00007ffd74410000 - 0x00007ffd74485000 	C:\Users\prais\AppData\Local\Temp\lwjglprais\3.3.1-1.86.10\lwjgl.dll
0x00007ffd730d0000 - 0x00007ffd73131000 	C:\Users\prais\AppData\Local\Temp\lwjglprais\3.3.1-1.86.10\glfw.dll
0x00007ffd73080000 - 0x00007ffd730c5000 	C:\WINDOWS\SYSTEM32\dinput8.dll
0x00007ffd74c00000 - 0x00007ffd74c11000 	C:\WINDOWS\SYSTEM32\xinput1_4.dll
0x00007ffd7c330000 - 0x00007ffd7c37e000 	C:\WINDOWS\System32\cfgmgr32.dll
0x00007ffd7b790000 - 0x00007ffd7b7c3000 	C:\WINDOWS\SYSTEM32\DEVOBJ.dll
0x00007ffd791b0000 - 0x00007ffd791df000 	C:\WINDOWS\SYSTEM32\dwmapi.dll
0x00007ffd64b30000 - 0x00007ffd64c82000 	C:\WINDOWS\SYSTEM32\inputhost.dll
0x00007ffd78e70000 - 0x00007ffd78f66000 	C:\WINDOWS\SYSTEM32\PROPSYS.dll
0x00007ffd77b20000 - 0x00007ffd77c75000 	C:\WINDOWS\SYSTEM32\wintypes.dll
0x00007ffd781f0000 - 0x00007ffd7854b000 	C:\WINDOWS\SYSTEM32\CoreUIComponents.dll
0x00007ffd78550000 - 0x00007ffd78642000 	C:\WINDOWS\SYSTEM32\CoreMessaging.dll
0x00007ffd7ab30000 - 0x00007ffd7ab63000 	C:\WINDOWS\SYSTEM32\ntmarta.dll
0x00007ffd788d0000 - 0x00007ffd7896e000 	C:\WINDOWS\system32\uxtheme.dll
0x00007ffd7cea0000 - 0x00007ffd7cfb5000 	C:\WINDOWS\System32\MSCTF.dll
0x00007ffd646e0000 - 0x00007ffd64805000 	C:\WINDOWS\SYSTEM32\opengl32.dll
0x00007ffd64640000 - 0x00007ffd6466c000 	C:\WINDOWS\SYSTEM32\GLU32.dll
0x00007ffd7d170000 - 0x00007ffd7d219000 	C:\WINDOWS\System32\clbcatq.dll
0x00007ffd3ece0000 - 0x00007ffd3f9f8000 	C:\WINDOWS\SYSTEM32\ig8icd64.dll
0x00007ffd70340000 - 0x00007ffd70d7f000 	C:\WINDOWS\SYSTEM32\igdusc64.dll
0x00007ffd7a0e0000 - 0x00007ffd7a0f4000 	C:\WINDOWS\SYSTEM32\WTSAPI32.dll
0x00007ffd72cd0000 - 0x00007ffd72d0b000 	C:\WINDOWS\SYSTEM32\dxcore.dll
0x00007ffd7a250000 - 0x00007ffd7a343000 	C:\WINDOWS\SYSTEM32\dxgi.dll
0x00007ffd76e90000 - 0x00007ffd770f3000 	C:\WINDOWS\SYSTEM32\d3d11.dll
0x00007ffd70d80000 - 0x00007ffd71cdd000 	C:\WINDOWS\SYSTEM32\igd10iumd64.dll
0x00007ffd7b3c0000 - 0x00007ffd7b3e8000 	C:\WINDOWS\SYSTEM32\ncrypt.dll
0x00007ffd78790000 - 0x00007ffd78820000 	C:\WINDOWS\SYSTEM32\apphelp.dll
0x00007ffd7b380000 - 0x00007ffd7b3bb000 	C:\WINDOWS\SYSTEM32\NTASN1.dll
0x00007ffd72f70000 - 0x00007ffd72ff2000 	C:\Users\prais\AppData\Local\Temp\lwjglprais\3.3.1-1.86.10\lwjgl_stb.dll
0x00007ffd75740000 - 0x00007ffd757ee000 	C:\WINDOWS\SYSTEM32\mscms.dll
0x00007ffd7b8f0000 - 0x00007ffd7b91e000 	C:\WINDOWS\SYSTEM32\USERENV.dll
0x00007ffd75700000 - 0x00007ffd75711000 	C:\WINDOWS\SYSTEM32\ColorAdapterClient.dll
0x00007ffd73030000 - 0x00007ffd73073000 	C:\WINDOWS\SYSTEM32\icm32.dll
0x00007ffd65540000 - 0x00007ffd65639000 	C:\WINDOWS\SYSTEM32\textinputframework.dll
0x00007ffd62c20000 - 0x00007ffd62c7d000 	C:\Users\prais\AppData\Local\Temp\lwjglprais\3.3.1-1.86.10\lwjgl_opengl.dll
0x00007ffd766d0000 - 0x00007ffd766e0000 	C:\Users\prais\.jdks\corretto-17.0.9\bin\verify.dll
0x00007ffd3def0000 - 0x00007ffd3ecd7000 	C:\Users\prais\AppData\Local\Temp\imgui-java-natives_1711575336351\imgui-java64.dll
0x00007ffd7d770000 - 0x00007ffd7d89b000 	C:\WINDOWS\System32\ole32.dll

dbghelp: loaded successfully - version: 4.0.5 - missing functions: none
symbol engine: initialized successfully - sym options: 0x614 - pdb path: .;C:\Users\prais\.jdks\corretto-17.0.9\bin;C:\WINDOWS\SYSTEM32;C:\WINDOWS\WinSxS\amd64_microsoft.windows.common-controls_6595b64144ccf1df_6.0.19041.3636_none_60b6a03d71f818d5;C:\Users\prais\.jdks\corretto-17.0.9\bin\server;D:\IntelliJ IDEA Community Edition 2022.2.2\bin;C:\Users\prais\AppData\Local\Temp\lwjglprais\3.3.1-1.86.10;C:\Users\prais\AppData\Local\Temp\imgui-java-natives_1711575336351

VM Arguments:
jvm_args: -javaagent:D:\IntelliJ IDEA Community Edition 2022.2.2\lib\idea_rt.jar=50898:D:\IntelliJ IDEA Community Edition 2022.2.2\bin -Dfile.encoding=UTF-8 
java_command: dev_test.Launcher
java_class_path (initial): D:\LEET-CODE\AEGIS Engine\target\classes;C:\JAVA LIBS\ImGui\imgui-app-1.86.10-all.jar;C:\Users\prais\.m2\repository\org\lwjgl\lwjgl\3.3.2\lwjgl-3.3.2.jar;C:\Users\prais\.m2\repository\org\lwjgl\lwjgl-assimp\3.3.2\lwjgl-assimp-3.3.2.jar;C:\Users\prais\.m2\repository\org\lwjgl\lwjgl-glfw\3.3.2\lwjgl-glfw-3.3.2.jar;C:\Users\prais\.m2\repository\org\lwjgl\lwjgl-nfd\3.3.2\lwjgl-nfd-3.3.2.jar;C:\Users\prais\.m2\repository\org\lwjgl\lwjgl-openal\3.3.2\lwjgl-openal-3.3.2.jar;C:\Users\prais\.m2\repository\org\lwjgl\lwjgl-opengl\3.3.2\lwjgl-opengl-3.3.2.jar;C:\Users\prais\.m2\repository\org\lwjgl\lwjgl-stb\3.3.2\lwjgl-stb-3.3.2.jar;C:\Users\prais\.m2\repository\org\lwjgl\lwjgl\3.3.2\lwjgl-3.3.2-natives-windows.jar;C:\Users\prais\.m2\repository\org\lwjgl\lwjgl-assimp\3.3.2\lwjgl-assimp-3.3.2-natives-windows.jar;C:\Users\prais\.m2\repository\org\lwjgl\lwjgl-glfw\3.3.2\lwjgl-glfw-3.3.2-natives-windows.jar;C:\Users\prais\.m2\repository\org\lwjgl\lwjgl-nfd\3.3.2\lwjgl-nfd-3.3.2-natives-windows.jar;C:\Users\prais\.m2\repository\org\lwjgl\lwjgl-openal\3.3.2\lwjgl-openal-3.3.2-natives-windows.jar;C:\Users\prais\.m2\repository\org\lwjgl\lwjgl-opengl\3.3.2\lwjgl-opengl-3.3.2-natives-windows.jar;C:\Users\prais\.m2\repository\org\lwjgl\lwjgl-stb\3.3.2\lwjgl-stb-3.3.2-natives-windows.jar;C:\Users\prais\.m2\repository\org\joml\joml\1.10.5\joml-1.10.5.jar;C:\Users\prais\.m2\repository\com\google\code\gson\gson\2.10.1\gson-2.10.1.jar;C:\Users\prais\.m2\repository\io\github\spair\imgui-java-binding\1.86.10\imgui-java-binding-1.86.10.jar
Launcher Type: SUN_STANDARD

[Global flags]
     intx CICompilerCount                          = 3                                         {product} {ergonomic}
     uint ConcGCThreads                            = 1                                         {product} {ergonomic}
     uint G1ConcRefinementThreads                  = 4                                         {product} {ergonomic}
   size_t G1HeapRegionSize                         = 1048576                                   {product} {ergonomic}
    uintx GCDrainStackTargetSize                   = 64                                        {product} {ergonomic}
   size_t InitialHeapSize                          = 132120576                                 {product} {ergonomic}
   size_t MarkStackSize                            = 4194304                                   {product} {ergonomic}
   size_t MaxHeapSize                              = 2113929216                                {product} {ergonomic}
   size_t MaxNewSize                               = 1267728384                                {product} {ergonomic}
   size_t MinHeapDeltaBytes                        = 1048576                                   {product} {ergonomic}
   size_t MinHeapSize                              = 8388608                                   {product} {ergonomic}
    uintx NonNMethodCodeHeapSize                   = 5832780                                {pd product} {ergonomic}
    uintx NonProfiledCodeHeapSize                  = 122912730                              {pd product} {ergonomic}
    uintx ProfiledCodeHeapSize                     = 122912730                              {pd product} {ergonomic}
    uintx ReservedCodeCacheSize                    = 251658240                              {pd product} {ergonomic}
     bool SegmentedCodeCache                       = true                                      {product} {ergonomic}
   size_t SoftMaxHeapSize                          = 2113929216                             {manageable} {ergonomic}
     bool UseCompressedClassPointers               = true                           {product lp64_product} {ergonomic}
     bool UseCompressedOops                        = true                           {product lp64_product} {ergonomic}
     bool UseG1GC                                  = true                                      {product} {ergonomic}
     bool UseLargePagesIndividualAllocation        = false                                  {pd product} {ergonomic}

Logging:
Log output configuration:
 #0: stdout all=warning uptime,level,tags
 #1: stderr all=off uptime,level,tags

Environment Variables:
PATH=C:\Program Files\Common Files\Oracle\Java\javapath;C:\Program Files (x86)\Common Files\Oracle\Java\javapath;C:\Python39\Scripts\;C:\Python39\;C:\Program Files (x86)\NVIDIA Corporation\PhysX\Common;C:\WINDOWS\system32;C:\WINDOWS;C:\WINDOWS\System32\Wbem;C:\WINDOWS\System32\WindowsPowerShell\v1.0\;C:\WINDOWS\System32\OpenSSH\;C:\ProgramData\chocolatey\bin;C:\composer;C:\Program Files\Git\cmd;C:\Program Files\dotnet\;C:\apache-maven-3.8.6\bin;C:\gradle-8.4\bin;C:\Program Files\nodejs\;C:\Program Files\MySQL\MySQL Shell 8.0\bin\;C:\Users\prais\AppData\Local\Programs\Python\Python310\Scripts\;C:\Users\prais\AppData\Local\Programs\Python\Python310\;C:\Users\prais\AppData\Local\Microsoft\WindowsApps;C:\Program Files\JetBrains\PyCharm Community Edition 2020.2.3\bin;;C:\xampp\php;C:\Users\prais\AppData\Roaming\Composer\vendor\bin;D:\IntelliJ IDEA 2022.1\bin;;D:\IntelliJ IDEA Community Edition 2022.2.2\bin;;C:\Users\prais\AppData\Roaming\npm;C:\Users\prais\.jdks\corretto-17.0.9\bin;C:\Users\prais\.jdks\corretto-1.8.0_402\bin;
USERNAME=prais
OS=Windows_NT
PROCESSOR_IDENTIFIER=Intel64 Family 6 Model 61 Stepping 4, GenuineIntel
TMP=C:\Users\prais\AppData\Local\Temp
TEMP=C:\Users\prais\AppData\Local\Temp



Periodic native trim disabled


---------------  S Y S T E M  ---------------

OS:
 Windows 10 , 64 bit Build 19041 (10.0.19041.3636)
OS uptime: 0 days 0:11 hours
Hyper-V role detected

CPU: total 4 (initial active 4) (2 cores per cpu, 2 threads per core) family 6 model 61 stepping 4 microcode 0x2f, cx8, cmov, fxsr, ht, mmx, 3dnowpref, sse, sse2, sse3, ssse3, sse4.1, sse4.2, popcnt, lzcnt, tsc, tscinvbit, avx, avx2, aes, erms, clmul, bmi1, bmi2, rtm, adx, fma, vzeroupper, clflush, hv
Processor Information for all 4 processors :
  Max Mhz: 2594, Current Mhz: 2594, Mhz Limit: 2594

Memory: 4k page, system-wide physical 8062M (1783M free)
TotalPageFile size 10238M (AvailPageFile size 3532M)
current process WorkingSet (physical memory assigned to process): 115M, peak: 118M
current process commit charge ("private bytes"): 268M, peak: 271M

vm_info: OpenJDK 64-Bit Server VM (17.0.9+8-LTS) for windows-amd64 JRE (17.0.9+8-LTS), built on Oct 12 2023 16:15:33 by "Administrator" with MS VC++ 16.10 / 16.11 (VS2019)

END.
